<?xml version="1.0" encoding="UTF-8"?>
<robot generator="Robot 6.0.2 (Python 3.10.9 on win32)" generated="20231220 19:03:11.162" rpa="false" schemaversion="3">
<suite id="s1" name="AppTests" source="D:\New folder\MobileTesting\App_Launch\Tests\AppTests.robot">
<test id="s1-t1" name="Turn On wifi In mobile" line="9">
<kw name="Start Appium Server" library="General">
<kw name="Execute Command" library="CustomLibrary">
<arg>start cmd /C appium --base-path /wd/hub --relaxed-security --log-timestamp</arg>
<msg timestamp="20231220 19:03:11.594" level="INFO">Execute Command - start cmd /C appium --base-path /wd/hub --relaxed-security --log-timestamp</msg>
<status status="PASS" starttime="20231220 19:03:11.574" endtime="20231220 19:03:11.596"/>
</kw>
<status status="PASS" starttime="20231220 19:03:11.573" endtime="20231220 19:03:11.596"/>
</kw>
<kw name="Sleep" library="BuiltIn">
<arg>5s</arg>
<doc>Pauses the test executed for the given time.</doc>
<msg timestamp="20231220 19:03:16.603" level="INFO">Slept 5 seconds</msg>
<status status="PASS" starttime="20231220 19:03:11.596" endtime="20231220 19:03:16.603"/>
</kw>
<kw name="Launch Settings app" library="General">
<kw name="Open Application" library="AppiumLibrary">
<arg>${remote_URL}</arg>
<arg>platformName=${platform_Name}</arg>
<arg>deviceName=${device_Name}</arg>
<arg>appPackage=${settings_App_Package}</arg>
<arg>appActivity=${settings_App_Activity}</arg>
<arg>automationName=${automation_Name}</arg>
<arg>adbExecTimeout=360000</arg>
<arg>newCommandTimeout=360000</arg>
<arg>uiautomator2ServerLaunchTimeout=360000</arg>
<arg>launchTimeout=360000</arg>
<arg>uiautomator2ServerInstallTimeout=360000</arg>
<doc>Opens a new application to given Appium server.
Capabilities of appium server, Android and iOS,
Please check https://github.com/appium/appium/blob/master/docs/en/writing-running-appium/server-args.md
| *Option*            | *Man.* | *Description*     |
| remote_url          | Yes    | Appium server url |
| alias               | no     | alias             |
| strict_ssl          | No     | allows you to send commands to an invalid certificate host like a self-signed one. |</doc>
<status status="PASS" starttime="20231220 19:03:16.604" endtime="20231220 19:03:24.027"/>
</kw>
<status status="PASS" starttime="20231220 19:03:16.604" endtime="20231220 19:03:24.027"/>
</kw>
<kw name="Click Network &amp; internet" library="App_Launch_Keywords">
<kw name="Click" library="General">
<arg>${Network &amp; internet}</arg>
<kw name="Click Element" library="AppiumLibrary">
<arg>${element}</arg>
<doc>Click element identified by `locator`.</doc>
<msg timestamp="20231220 19:03:24.030" level="INFO">Clicking element '//*[@text='Network &amp; internet']'.</msg>
<msg timestamp="20231220 19:03:25.503" level="INFO">xpath criteria: //*[@text='Network &amp; internet']</msg>
<status status="PASS" starttime="20231220 19:03:24.028" endtime="20231220 19:03:25.504"/>
</kw>
<status status="PASS" starttime="20231220 19:03:24.028" endtime="20231220 19:03:25.504"/>
</kw>
<status status="PASS" starttime="20231220 19:03:24.027" endtime="20231220 19:03:25.505"/>
</kw>
<kw name="Verify Title of Network &amp; internet" library="App_Launch_Keywords">
<kw name="Verify Element Visibility" library="General">
<arg>${Network &amp; internet}</arg>
<kw name="Wait Until Page Contains Element" library="AppiumLibrary">
<arg>${element}</arg>
<arg>10s</arg>
<doc>Waits until element specified with `locator` appears on current page.</doc>
<msg timestamp="20231220 19:03:26.211" level="INFO">xpath criteria: //*[@text='Network &amp; internet']</msg>
<status status="PASS" starttime="20231220 19:03:25.506" endtime="20231220 19:03:26.212"/>
</kw>
<status status="PASS" starttime="20231220 19:03:25.506" endtime="20231220 19:03:26.212"/>
</kw>
<status status="PASS" starttime="20231220 19:03:25.505" endtime="20231220 19:03:26.212"/>
</kw>
<kw name="Click Internet" library="App_Launch_Keywords">
<kw name="Click" library="General">
<arg>${Internet}</arg>
<kw name="Click Element" library="AppiumLibrary">
<arg>${element}</arg>
<doc>Click element identified by `locator`.</doc>
<msg timestamp="20231220 19:03:26.216" level="INFO">Clicking element '//*[@text='Internet']'.</msg>
<msg timestamp="20231220 19:03:27.393" level="INFO">xpath criteria: //*[@text='Internet']</msg>
<status status="PASS" starttime="20231220 19:03:26.214" endtime="20231220 19:03:27.394"/>
</kw>
<status status="PASS" starttime="20231220 19:03:26.213" endtime="20231220 19:03:27.394"/>
</kw>
<status status="PASS" starttime="20231220 19:03:26.213" endtime="20231220 19:03:27.394"/>
</kw>
<kw name="Verify WIFI text" library="App_Launch_Keywords">
<kw name="Verify Element Visibility" library="General">
<arg>${Wi-Fi}</arg>
<kw name="Wait Until Page Contains Element" library="AppiumLibrary">
<arg>${element}</arg>
<arg>10s</arg>
<doc>Waits until element specified with `locator` appears on current page.</doc>
<msg timestamp="20231220 19:03:29.024" level="INFO">xpath criteria: //*[@text='Wi-Fi']
xpath criteria: //*[@text='Wi-Fi']</msg>
<status status="PASS" starttime="20231220 19:03:27.396" endtime="20231220 19:03:29.024"/>
</kw>
<status status="PASS" starttime="20231220 19:03:27.395" endtime="20231220 19:03:29.025"/>
</kw>
<status status="PASS" starttime="20231220 19:03:27.395" endtime="20231220 19:03:29.025"/>
</kw>
<kw name="Turn On wifi Button" library="App_Launch_Keywords">
<kw name="Run Keyword And Return Status" library="BuiltIn">
<var>${status}</var>
<arg>element attribute should match</arg>
<arg>${wifi_button}</arg>
<arg>checked</arg>
<arg>true</arg>
<doc>Runs the given keyword with given arguments and returns the status as a Boolean value.</doc>
<kw name="Element Attribute Should Match" library="AppiumLibrary">
<arg>${wifi_button}</arg>
<arg>checked</arg>
<arg>true</arg>
<doc>Verify that an attribute of an element matches the expected criteria.</doc>
<kw name="Capture Page Screenshot" library="AppiumLibrary">
<doc>Takes a screenshot of the current page and embeds it into the log.</doc>
<msg timestamp="20231220 19:03:29.630" level="INFO" html="true">&lt;/td&gt;&lt;/tr&gt;&lt;tr&gt;&lt;td colspan="3"&gt;&lt;img src="data:image/png;base64, iVBORw0KGgoAAAANSUhEUgAABaAAAAwwCAYAAAAgXrdYAAAAAXNSR0IArs4c6QAAAARzQklUCAgI
CHwIZIgAACAASURBVHic7N13dFTXvfbxZ5o0ahQhBAjRRa82ReAGGBtjJ+41htxcxyVxEjvtxmmu
sRPXvCn2je+9sePEBlxiY8cFcKMasKhGNAGiS0IWkpAYMSNNO+8fRDLDjKSRNEeN72ct1vLsOWfv
PWOV0XP2+W3LiYoqQwAAAAAAAAAAxJi1rScAAAAAAAAAAOicCKABAAAAAAAAAKYggAYAAAAAAAAA
mIIAGgAAAAAAAABgCgJoAAAAAAAAAIApCKABAAAAAAAAAKYggAYAAAAAAAAAmIIAGgAAAAAAAABg
CgJoAAAAAAAAAIApCKABAAAAAAAAAKYggAYAAAAAAAAAmIIAGgAAAAAAAABgCgJoAAAAAAAAAIAp
CKABAAAAAAAAAKYggAYAAAAAAAAAmIIAGgAAAAAAAABgCgJoAAAAAAAAAIApCKABAAAAAAAAAKYg
gAYAAAAAAAAAmIIAGgAAAAAAAABgCgJoAAAAAAAAAIApCKABAAAAAAAAAKYggAYAAAAAAAAAmIIA
GgAAAAAAAABgCgJoAAAAAAAAAIApCKABAAAAAAAAAKYggAYAAAAAAAAAmIIAGgAAAAAAAABgCgJo
AAAAAAAAAIApCKABAAAAAAAAAKYggAYAAAAAAAAAmIIAGgAAAAAAAABgCgJoAAAAAAAAAIApCKAB
AAAAAAAAAKYggAYAAAAAAAAAmIIAGgAAAAAAAABgCgJoAAAAAAAAAIApCKABAAAAAAAAAKYggAYA
AAAAAAAAmIIAGgAAAAAAAABgCgJoAAAAAAAAAIAp7G09AQBoTGVlpbZt36atW79QQUGBPB5Pvcd2
7dpVAwYM0MSJkzRs6FA5nQmyWCytOFt0ZIFAQIZhyG5v/NdjMBiU1cp1XAAAAAAAGmI5UVFltPUk
AOB0hmHI7Xbr9TdeU97uPHlrvDKMpv+oslgsSkpK0tSpU/W1K75OWIh6BYNBuVwuFRcXKxAMKKNP
hrp27Rrx4oXf71d5eblcLpe6du2qpOQkJTgT2mDWAAAAAAC0fwTQANqVsrIyPfHU4/J5fc0Knetj
sViUnp6un/7kvxQfHx+zftHxGYahyspKvff+u9q4caPsdpuGDMnSzTfdoh49eoQcGwgEtG/fPr3+
xmsqKytTt27dNH36DE2/aDoXOAAAAAAAiIAAGkC7UFVVpSefekIulyumwfOZbDarfv/MHyjLgTpe
r1e5uVv1yvxX6trinfGaMmmKrrnm2rpyHIZhqLy8XK+/8Zp2795dd2yPHj303e/crfT09FafOwAA
AADESnl5uVJTU9t6Glq6dEnUx06Zkt0u5oyGUQMaQJsyDEPvf/CePv30U1OD51qBQFB79+7VsGHD
TB+rIwkEAqf+BQMKBoKSJItFstnsslqtcjgcbTxD8/h8Ph08eDCkraa6Rtu2b9PYseM0YMAAWa1W
VVdXa1ferpDwWZJqamp04MCBszqALigs0NNPP9XifiwWiwYNGqRbvzFXPXv2jMHMAAAAAERj1epV
Ki0t1XXXXtfWU9GSJgTQWVlDCaA7AAJoAG2murpaTz71hMrLy1t13IWvLtBDDz58Vq+CDgQC8npr
5PX65PF4dLziuE5UnlBFxXG5qqokSXa7XWlpaUpOSlJGRl/ZbDY5nU7Fx8dHtUlfexIMBhUIBGSz
2cJKZRiGIb/fH3ZOZWWlXn/jNV14wYVKTExS8ZfF+mzN6oh9e6ojb4wZCAQUDAZlt9s77ddbQcER
Pf3M0zHpyzAM7d+/X4/99lFNmDBBt/3nt2PSLwAAAID6rf5std56601Nnz6jraeCTqpjJQgAOo3q
6mr9+v5fyu8PtPrYJ05Uhjx+7r+f1fe/94NOGxCezufzye12q7S0VHv27tbBgwe1/8B+eWu8DZ5n
s1nVo0eahg8brlGjR6t3r95KTEyU0+lspZk3X01NjYqLj/67ZnN39enTWwkJiZJOBZ7V1dUq/rI4
7DzDMFRWVqZ3/vVOg/0HggGVlpbK7/fXBfO1mxoWHS1StcejPn0ylJ6e3unqRB88eEB/+OMfTOn7
iy++0IEDBzRo0CBT+gcAAIB58vPzw9qysrJabXyPx63CwqKw9tTUVFbLnmH1Z6v15pv/bOtpoJMj
gAbQ6gqLCvXMM08rGAy2yfiBQFAHDx6sC7asVqt++atf6LFHf9vhVvZGKxAIyOVy6dDhQ9q4cYPy
duc1GjqHnh9USUmJSkpKtHbdGvXsma4LLrhQo0eNVnJysuLi4kycffP5fD7l5e3SP9/8p1wulxIS
EnTRRRcpe8pUOZ1OVVdXa/ee3SosKmz2GN4ar/bs2a38/HxlZmZKko4fL9eKlSu0ceNG2WxW9e2b
qZtvvkWZfTNj9dLa3OHDh0wLn2v98U9/0J/++GdTxwAAAEBs5G7L1fr167VtW269x2RlZSl7Sram
TMmO+fgFhQVatWql9u7d2+BdtgkJCerbt6/Gjh2n7ClT6hannI0In9Fa2IQQQKuqrq7WL3/1izYL
n2tNnz6jrrbVG2+8rjVr1ygxMVGP/+6JNp1XrJ1a4evR4cNHtPqz1Q1+GGwqm82qXr16a+aMmRox
YqRSUlLa3Sry8vJyvfDiX1VY+FXAbLNZlZbWU1lDslRWXhbVCvDGWCwWdenSRSNGjJBhGNq1a5dc
Llfd8444h8aNHaf/+Oa3WjROexGrms/RIIAGAABo38rLy7Vg4fyIq57r07dvX91669yYLNDIz8/X
kqWLmzT+6bKzs3XtNdeedUF0pPD59L+Tzbbo7UVavz5HHk/kcoYtkZqaquwp2Zoz5/KY943m6ZxL
/YB2wO0+qaqqk6qu9shmtysxIVEpKSmmrLD1+/06ceKE3B63/D6f4p1OJSYkqkuXLu0qEKwtu9HW
4bMkHTiwv+6/k1OSJUlut1u/e/y3+uUvftWu3reW8Hq92vLFF3r7nUUtDlnPFAgEVVRUpDf++bpG
jhylb9zyDSUmJsV0jJYKBAKqrKw8oy2oL7/8Ul9++WXMxjEMQ5WVlcrJyYn8fDAo90l3zMZrS4VF
hRHD5zOD4h/9+IcyDCNiLecf/ujeiOccOXJYz/z+mRjPGAAAAGYpKCzQc8892+QQsbDw1GfK22+/
Q+PGjmvW2B6PW2+/83a9n8GjlZOTo9zcXF17zXXKzo79yuz2qK1XPi96e5FWrlxhWv/l5eVasnSJ
DBm6fM4Vpo2D6BFAo92pqqrSP17+u2n9X3rJbA0bNsyUvquqqrRh4wZt374t4tXXlJQUjRs7TuPH
T9CwYcNaFHIGAgHt3LVTX3yxRTt27Ij4Cz89PV0jR47SpIkT1a9f/zYNVQ3D0BNPPt4mNZ8jOX78
uAzDkMVikc1qq2svKSnRu++9q6uvuroNZxc7gYBfJSUlMkwM/QOBoCorK+XxVLe7ADo+Pl6DBw9W
bm70K7/tdpscjjjFx8ef+vqw2WSz2eT3++s2M6zx1sjv8ykQiO59tdsdyuzX8ctvFB0t0lNPPdnW
0wAAAEA70Nzw+XQLFy5Q6g9Sm7wSuqCwQAsXLgi507ElPB6PFr66QPv25+vWb8yNSZ/tVVuHz5K0
fn3LLhpEP856Auh2ggAa7U4gENCePXtM6//CCy+KeZ+GYWjturVavPgDVVVV1Xucy+XSmrVrtGbt
Go0aOUrXXXe9evbs2eTxDh8+pNdef63RX7a1NXtXrlyhCRMm6Lprr1fXrl2bPF4svPf+ezp+/Hib
jB1JdfVXH5JOur9amWoYhpYvX6ap2VPVq1evtphaTCUmJmnmjJkqKSlRXt7OqAPTaFksFvXs2VNf
u+Lr6tGjR0z7joWEhARNPHeiduzY3uBrt1gsiouPU0pyinql99KAAQM0ePAQJSQ41bVrNyUlJami
okInTlTKVVWlvXv36siRwyorK5PbfVI+n7/BeSQnJ+vccyfG+uW1qqKjRXryyc5VogYAAADN9+KL
L9QbPmdkZGjcuFMrmz2eau3du0dFReGbAno8Hr344gt66MGHox432uD7zA0H3W53xDmcLicnR05n
QquVoWht7SF8lmRK2Y1IGqoFjtZFAI2zTqxLYPj9fr373rtNvn1k566dKnyuUN++7dsaOHBQ1Odt
2rRRr762sNHA60xffPGFDhw4oO9+925l9Mlo0rktdfLkSS1b9mmrjtkYvz9QtwK69NixkOcMw9DT
v39KTz/5TKcoxdGlSxdddeVVqqysUGFhoQwjNqX/LRaLUlJSNG3aeRo+fHhM+ow1h8OhzMx+6tKl
a70XQBwOu1JTe2j48BGaNm1avd8fp3+AHTtmrHw+n/L35WvdurU6ePCgqqpcEUPuUzWn01r9+y6W
CgqO6Olnnm7raQAAAKCdyMnJiRjuZWRkaO7ceRFXNOfn52vBwvlh55WXlys/P19ZWVmNjuvxuLVw
4YJ6A8zU1FRNnz5D48aOCwmfz5z7+g059daMXrlyhbKysppdGqS9ai/hM85OBNBod+x2u8bG6Af9
yZNV2r//q1q/Xbp00eBBg2PSd60PFn8QFj47HHZNmZytYcOGKTk5RV6fV6Wlpdq4cYMOHTpUd1xl
ZaX+9//+Vz/+0U+Unp7e6Fg7d+3Uy6+8HNY+bNgwjRkzVj169JDD7lB1tUfFxcXauGmjSkpKQsZ7
8cUXdO89P2zVldBPPPl4zELPWAoEArJarTpeER5M+rw+ffLJx7r00tltMLPYslgsSktL01VXXq3X
Xn81ZleB4+LjNG7sOM2cMTMm/ZnJ6XSGtVksFjmdTg0fPlyXXTanyQGxw+HQyBEjlTUkS3v27tGH
Hy5VYWFBWJkZq9Uqp9NZd8GjoyF8BgAAwJmWfrgkrM3pdOree+6tdzO/rKws3X77HXr22T+ruro6
5LnlK5ZHFUAvWLiw3juB58yZE1W5hezsbGVnZyt3W64WLJgfNhdJevvtRZ0qgCZ8RlsjgEa7k5SU
pDtuvyMmfS1duiQkgJ4xfUbEIKq59u/fH7ayt3///pp76zz17t077PgLzr9Aq1av0ttvL6prc7vd
evvtRbrrru80GE5VVVVp4cIFIW1du3bVLbd8QyNHjAw7d/x4adasS7RixXK99/57de2lpaX6dNmn
rXZLUVlZmVwuV6uM1Vxl5WUR2z9Y/IFmzbpEVqu1lWcUe3a7XQMGDNCsWZfovffejfghq2n92ZQ1
ZKiuame1sv1+v3w+r2y2U7/evF6vDh48oKNHj4YcV7t6e9zYcbrqqqsVHx/f7DEdDodGjRylnmk9
9daiN3Xg4AHVVNfUPe/z+XXkyBEVf1ms7t26y2q1yjAMBY2g4uPi2/XXV3FxMeEzAAAAQpSXl0dc
1DJ37rx6w+damX0zlZ09NWwR1+klEuuTn5+vbdsi7+1y6zfmNnkDwXFjxyn1nnsjBuLl5eXKycnp
FJsSEj6jPWi/f/UCLeTxuLVy1cq6xw6HXZMmTY7pGMuWLwt53L17d337ttsjhs/SqZWQM6bP0FVX
XhXSvnPXTh04cKDBsVauWhES5MY743XXnXdp1MhR9QbXdrtdl1xyqS6+eFZoXytXqKKiosHxYsEw
DD3xVPSrny0WS4P/Ys1ms8kwDPl9vojPG4ahJUsXx3zctuJ0OnXuOedo2rTz5HA0//qj1WpV376Z
uv6661sU3MaSYRg6efKk8nbnaeXKldq69Qtt2bJFy5Yv0zv/eifk2Nrw+eKLZ+nGG2+KyWuwWCxK
T0/XN+f9hyadO0l2uy3k+YqK4/r731/SunVrtXXrF9q8ZbNWr1qlQ4cOyev1tnh8MxQXF+vxJ37X
1tMAAABAOzRmzFhlZWXVLfByOp1RrxiOdFx95TBOt2Dh/IjtzQmfa2X2zdSdd9wV8bncesLujoTw
Ge0FK6DRaW3YuFHu0zaXmzr1vJiWnSgrKwu7+jrnssvVvXv3Rs+96KLp+jzn85DyGFu+2KLBgyOX
B/H7/crJCd0l9pKLL1FmZr+o5jpj+gytXLk8pD7tgQP7dc4550Z1fnO53W75vJHDXemrwDktLU1D
s4Zq6NCh6pmerq5dusrusOtE5QlVVFTo8OFDslgsOul2Ky9vl44dK6mr4dxcTqdTFotF5eXlCgbr
7+fTTz/R1674erPHaW9auilhe910sLrao1WrV2rp0qWNHlv74bi2dIhhGKqpqZHb7ZbD4VBSUlJU
q5J9Pp9Onjwp6dSdGw6HQ8nJyZo9+zIdKz2mffvy697fQCCo4uLisDA8JWWVrr/uetO/F5uK8BkA
AAD1SU1N1Z133BnSZvZmb/XVnJ4yZUqLVylnZWVpzJix2r59W0h7UVHkUh8dxUcffagPFn/Q1tMA
JBFAo5Py+XxasWJ5SNu0adNiOsb+/ftCHjviHJowYUJU5zocDl144UV6660369q2bNmsa6+5NmLw
VfxlsSorK0Paxo6Lvh5V165dNWRIlvbs2VPXdqSgwPTQ67XXX40YEttsVo0fP0Ffu+LrSk1NrVvd
XFFRoWXLl2nDhvXyemsUDBoyDENWq1XPPP172Ww2XX3V1XWrXT/59BOtXr1SgUCwyWF0UlKSJGnd
52sbPDcQCOrQoYMaMGBgk/pvz5q7KWF73nTQ5aoKuyMhEofDruHDh4eUDqmpqdHmLZu1atVKZWRk
aM5llzdak93v9+vAgQP68KOlMgxDl82eU/eedO3aVdddd71efvkfje6y7Xaf1GdrPmt3AXRzwudP
Pvk4YntJSUm9z53ZXnHGzzkAAAB0DPVt+Ber89dvyAlrczqdMSstOXPGTBUVFSorK0tZQ04tjmrp
a2pLS5YujmpxDtBaCKDRKeXmblVZ2Vd1fceOHae+GX2jPj+azcJO30xQksaOGduk+tJnrnZ2uVw6
duyYevXqFXZspBrKaT3Soh5Lknr37hMSQLtcJ5p0fnPs3rO77r8tFou6dOmim2++JaRsiNfr1ZKl
S/TZmtXy1tRfiuD0YN5isSg5OVnXXH2Nrrn6Gh06dFCvvf6ajh49GnWY2rt3H0nS2rVrGz32/Q/e
1/e/94Oo+u0ImrspYXvfdLCx71mLxaLU1B667LI5IWU3ampqlLt1q44ePaqqqiqNHjW60QDa5/Mq
f99e5efnK94Zr+07ttcF0BaLRWk90jTnsjl6Zf7L8vn89fYTDJ5afd0ZnF5r/nRFRUX1BvH1nQMA
AIDOK1Jpi4wG/l73eNwRS3SMGzeu0ZrT0crKytJDDz4ck77aGuEz2iMCaHQ6wWBQy89Y/XzhBRdG
de6GDev1yaefqKqqSuPHjdeVV15Z7y+0w0cOhzzu369/k+bZKz08aD5WGjmA7pfZTz/9yU9D2hwO
R5PGi4+PC3nsdje+yUNLVFRU1AXKVqtVP/nxT5SZ2S8kJPzL8/+t/Py9jZaBuPjiixsMFwcMGKif
3/cLlZaW6ulnnopqg70RI0bI6/WGlGmpz6HDhxo9pq0Eg8FTpU4i1LG22+1KSUmJeF5TNyVsr5sO
1kpMTNTEcyZqw6YN9ZZ9iYuP0/DhI5TRJyOk3eGwq09Gho4WH1W3bt2iKi1is9mV3jNdqampiouL
U58+fc7o06GBAwdpyJAs5eXlRezDYrGoa9eumnjuxChfJQAAANCxFRQWaP368NXMDdWPzs3dFrE9
e8rUmM2rsyB8RntFAI1OJ293no4cOVL3uF+/fho6dGij5x05cljzF3y1qcGatWsU73Tq6giBWzAY
DKsHldrEergOh0N9+vTR0aNH69rqW4manJys5OTkJvV/pipX1Rl9JrWov8Zs+3f9rMmTJ2vurfPq
AmTDMLR8+TK9+967Ua1WtlgsUX+wSEtL05NPPKW169bqjTder7d/i8WiSRMn1lsi5EzeGq+qqqpa
/P/ADG63W0uWLA67IGK1WpWenq6bb7pFdnvkH/W1mxKWlpbqs89W1btStz1uOnimpKQkzZp1iXx+
n3bs2BHxwkJKckrEUjyJiUm6fM7lGj1qtLp37x5VAB0XF6cJE85RRt++8tbUaODAQRH6TdS0qdO0
d++esIssVqtVaWlpmnjuRJ133vlNeKUAAABAx5Sfn69Fb78ljyd0MVRGRkaDdZwLI9RidjqdysrK
ivkcOzLCZ7RnBNDoVAzD0MqVK0LaZkyfEdWGYkcKCsLa8vJ2RQygT604DQ3rUpIjrzRtSM+ePUMC
6Kqq8FIbsRAMBkPKYUiKGJjF0vbt2/TrX92vnj171rV5qj169NHfyO12N6lmc7du3Zo09nnTztPE
cyfqgYfuV011eHkDu90mm82urVu/iKo/wzB08NBBjRk9pknzaA01NTXalbcrpORMrRMnTuhY6TH1
6d0nwpmnNLYpYXvddPBMtWVFrr/+BvXp3UeLl3wgvz9Q97zdblOv9F5hq59rxcXFNfkDrN1ur7c/
6dRFpn79+qt791SVlpaGzLV79+664fob210tbQAAAKClysvLQxZX5efv1d78vRHLaDidTt17z70N
9ldYGP63emZmZssn2okQPqO9I4BGp3Lw4MGQ2927deumsQ3cynO6SCFnpHIYkiKWK4g7o8RFNM5c
Teo+2Xg5iObYti035AOAI86h0aNGmzJWrbu/+72QxwcPHtAf//THJm8WaLVamlxuRDr13j7xuyf1
52f/pAMHDoQ8N2rUaC1ZuqTR0h+ny9u1q10G0F6fN2L4LP27PEcUX1P1bUrYnjcdrE+CM0HnnHOu
Nm3epMLCr1ZKOBxxGjBgQKvPJy4uTgMHDgwJoO12mwYMGNBh3lMAAACgKXLWfx5VGJqRkaG5c+c1
Wsf59M/1tTryBoGxRviMjoAAGp3K6s9WhTyeftH0qEsGjBg+QtOmTtO6z9dJknr37q05l10e8Vi/
P7xUgcPe9JA0zhEaWvv8kWvXtkRJSYnefOvNkLbZl8xWly5dYj5WfVatXqVFi95qcvgsSd27pza6
uVx9rFarfvTDH+vv/3hJW7ZskXQqVL3h+hv14EMPNKmvIwVHGj/IJMFgUB6PR1abVc54Z8gGjiUl
JfWe5/V6dejQQQ0aNKjuLgDDMFRd7VEgEFRSUpIsFku9mxK2900H62O325WWlnZGAO1Qz549dfz4
8Vadi9frVXrP0A0NbbZT8wMAAADOVmPGjNW8uXOj2kTwzJIdEgF0LcJndBQE0Og0iouLtWnTprrH
DoddkyZNjvp8q9Wqm2++RbNnXyav16sePXrUu/I2EAyEtTUnJLWdUZs30kZyzeX1epWbu1Xv/Osd
uVxflfYYMmSIpk+fEbNxGtOS8FlSTILy//zWbfL5/Nq+fZuSk5P17HN/bvJ8Wju4rGUYhioqKrR8
xXJ1SUnRyFGj1LVLV1mtVhUUFGjDhg31nuvzeZWfn6+BAwepV69eCgQCOnGiUrnbclXlqtKll85W
9+7dJYVuSvj+++/J5/O2600H6+P3+1VWVqb9+/eHtLvdJ/XhRx8qLq7pdyq0hGEYYR+YfT6v9u7d
K5fLpeTk5GZfYAEAAAA6qu3bt2nJ0qW6fM6cqELolsjJydH6DeEbH0ajb99MXXftdTGeUWwQPqMj
IYBGp7Fm7ZqQx+eff2GTw0uLxRLVldTmhqlm9Ltz104V/rt+tWEYqq6pUVlZqfLy8sJKhYwcMVLz
5n2z1TaS27hxQ4vCZ+lUSYVYuPOOO/XwIw/pvGnnafGSxU0+3+0xpzxKY2pqarQ1d6tWrVopSfr4
0481ZvQYde3aTZ+tWS1vjbfec30+v3bs3KH9B/Zr0sRJqjxRqbzdefLWeOV0OuVMSNAVl19Rt0mh
0+nUxHPPVZXLpbzdee1608EzBQIBuVwuFRYV6qOPPgy56CJJfn9AxcXFbTS7UIFAUAWFBVr09lua
NesSdevarW41OgAAAHC2WLlyhdavz9EPfnCPMvuaV9O5/HhZxPrTHRnhMzoaAmh0ChUVFVqzZnVI
29SpU9toNq1r//59+vjjjxs8plu3brr00tmamj21Lmw0W3l5ueYvmN/isN5mt8VoRtL9v35A//Wz
nzZvTiZddGh4SENl5WVavfqr0jI11TUhK/2j4fF4tPqz0O+P6upqbdq0UWNGj9HgwYPr2hMSEjVr
1iUaN358u9508HR+v1/79u3Tp8s+0e7duxs/oR3weX3avHmzduzcoXMnnKsZM2aqd+/ebT0tAAAA
oMWGZg2T5oS25efnRwyBPR6PnnvuWT304EOmr4TuLAif0RERQKNT+PzzdSEbyo0fP159evdpwxm1
L2lpaUpJTm7VMX/3+GMxWSnu9da/wrcp/H6/fv6LnzV7TjZb6/+4dLvd2rBhQ72bDLbUyZNVWrFy
uTIzM0NKUzgcDmX0yTBlzFgzDEOlpaV6Zf7LYaueT2exWGS326SmrDI2DPn9gZCvGavV2uSLIkYw
KL8/vGyPdOqCwvoNOSo5VqIffP+eulrdAAAAQEeVlZWlrKyssPby8nItWDg/LIj2eDx69rlndd/P
fh6xP6fTGXZ3b0FB+MaEZwPCZ3RUBNDo8Dwet1b+uzxBrQvOv7CNZtM+1V5tHjBggG668SZlZvYz
fcz6AremirThRFP5/X499PCDLZpTYmLrXo0PBAI6evSo1qz9rNFjLRaLnE6nEhISZLfb5fP5VF1d
rerq6gYDd5/PrwMHDmjnzh2aMOGcWE6/1QQCAR0rPdZg+CxJdoddWYOzlJwS/YWYmpoa5efny+0+
VX7FarWqe/fuISvGo5lfeXm5Dh482MAxQVVWVsrlcqlr165R9w0AAAB0JKmpqbrnB/dqwcL5Wr9+
fchzhYWFysnJUXZ2dth5mZmZYaF1dXX0fyemdu8RMRA/U3l5ed2G7O0R4TM6MgJodHgbNm6sC4gk
acCAAVH9cuksLp9zhS6b/dX9TV6vVy6XS0VFhdq0ebO2b99W99yhQ4f07HPP6rvfuVuDBg1qi+k2
WUVFRYvO93q9+s2jj6iqqqpF/bR2OQqvt0b79uUrGGg4NLdarerZs6cmT5qs0WPGKL1nuo4eFIad
AwAAIABJREFULdKuXbu0afMmlZYeazB4r66p1o4OHEBbrVYlJSbJEeeQz1v/Jp4JzgSdf8EFGjtm
bNR9Hz9+XH976UUdPnxY0qlyMIMHD9a8ud+Mug9PtUdr16xpMIC2WCyKi4tj9TMAAADOCnNvnaf8
/PywsDd3W27EADrSPk1NqemcnZ0dsd8zLXp7kVauXBF1v62J8BkdHX/tokPzer1asWJ5SNuM6TNM
D3LM2iysOfO22WxyOBx1/5KSktS7d2+de+5E3XnHnfre3d8PWVVZXV2tha8ukMfkTfWSkpJi0s+J
EycUDAYbPzACt/ukHnjw/kZXx0ajtQN7hyNOWVlDNXjwEDniHBGPsVqtSk9P1/XX3aBLL52tjD4Z
stvt6tevvy69dLa+fdvt6tevf71jxMXHaUD/AZo0cbJZL8N0tQH8ORPOUbdu3ZSYmBjx/arx1mjv
3r2tPj9vjTfiuBaLRfHOeCUnJ6tXr16aMH6CUlJSWn1+AAAAQFuYPn1GWNu+fZFD5b71bFCYuy03
pnPKz2/9vxeiQfiMzoAAGh1abu7WkPq43bt315gmrHBsLps1vAZsINj08g5nrm41Y4PA4cOH6647
75LN9tW3e0lJiTZt3hzzsU7Xv4Hgs6l8vvpXttYnd1uufvXrX4XVCmsOi8WiUSNHt7ifprDb7Ro8
eLBuvukWjR83PmKompiYqFkXz9Lw4cPDnrNYLEpNTdXMGTNP1T4+Q7wzXqNHjdY3brk14vkdSUpK
im668Wb9xze/pdmXztY5E85RampqyIUiv8+ngoIjzfpaai7DMOT2uFVQWBDS7nDYlZGRoWlTz9PX
v36lvvWt/9Rll82ppxcAAACg88mMECrXV35x3NhxEdu3xTCA9njcKixsf3WlCZ/RWRBAo8MKBoNa
ccbtMdOnzwjZTM0skYJifzOCrRpvTchjh8OcuWdm9tP06TND2j7/fF1MNgmsz6RJk2LW17FjJVEf
axiGfvu7x/S3v70Y09fXu0/vmPUVLYvForS0NF115dUaOmRo2PNOp1MjR46q93yHw6F+/fqrV6/Q
udtsVg3oP0DfuOXWVi8tYhaHw6EhQ4Zo5syLdes35urOO+9S9+7d654PBIIqLS3Vvn37Wm1ONTU1
2rNnT8gKfJvNqiFDsvTDe3+ka6+5VtOmTuswGz4CAAAAp/N43Nq2fZsWvb0obNFFLKWmpkYsw7F+
/fqY1Ww+M1toDz5Y/D7hMzoNAmh0WHm783TkyJG6x444hyZNjF3o2ZCEhISwNp/P3+R+ampCA+ik
JPM2uhs9KnQF75EjR1RZWWnaeMOHj4hJqRLDMLT0ww8bPc7n8+mDxe/rxz/5kUpKSmIaPicmJsoZ
74xZf01lt9sjBsU2m63Rsg0Oh0N9+vQJabNarXI6nYqPj4/pPNsLi8Wi7t2768ILQjcjdbtPau26
Na2yCtowDFVWVmrdurUh7UlJybrwwos67XsPAACAzm/Bwvl65DcP6xe//IVeeOGvWrlyRZNXI7ub
WBIyUsmO2rm0lMfj1sqVK1vcTyy9+dab+uijj9p6GkDMEECjQzIMI2xzgAsvuKjVaqgmJCTI4Qhd
BV1Z2fTN8kpKQlf2pqR0adG8GhLpivHx48dNGy8pKSliUN8c27dvqzdQrqqq0sJXF+i+n/9MH330
kSmrukeNGmVa3e9oBINBeX3esHbDMBoNU4PBoE5WnQxrt1qtrVqOorVZLVY5zrgbwufz6+DBg9qz
d4+pq/+lU5s77ty5Q0ePHg2dl9WqOJPudAAAAABaQ3l5edjK4/Xr1zepj0ibCDqd9S/6yZ4yJeLz
+fn5WrJ0cZPGPtOzzz1bb/mPtvDmW29q9epVbT0NIKYIoNEhHTx4UHl5eSFt2VMa39U2VqxWa9hG
CE299cfn86m4uDikrVu3bhGPraioUHFxcd2/ioqmh92RSpMEAk2vWx0ti8WiSZNit7mdx+OWYRgK
BoM6ceKEPv74I/38F/fp/gd+rZycnGZvVNgYi8Wia66+1pS+G2MYhqqrq3Xo8KGIpSNqamoaLCkR
DAblcp3QkYIjIe1+f0CFhYXauWunPNXt54NWrBiGoYqKioirMKqqXPrww6U6duyYaeP7/X7t379f
ny77NOw5T7VHW7d+EZPa5AAAAEBbiLQpYHl5edRlLDwet9avzwlrz8oKLztYKyEhUTNmRF4FvXTp
0maV0PB43Fr46oJ2VfuZ8BmdVex3PANawarVobfHnHPOOerdu3Vr9PbvP0AHDx6se7z/wAHNasL5
X35ZHNaW3jM94rErVq7Q8uXL6h5PmjRJ35z3H00YLbzchyQ5E8wtK3HN1dfos89WtzgcNgxD/+8P
/09er1dVVS4Fg4bpK1hr2e02JScnt8pYpzMMQ1VVVdqau1X/evcdeWvCV0C73Se1Zu1nyszMVFJS
UsgqbcMwdPz4ca1Zs0ZVVVVhfR87dkyvvfaqLr3kUk2Zkt0mr9Esbrdb6z5fp927d4c9FwgEVVhY
oLcWvalvzvuPmL/uYPBU/4sWvRVS+7lWTXWNvtj6hTL79dPU7KlturIeAAAAaI4pU6aE3ZEsSW+/
vUiZfTOVlZVV77kej7veFcf1bTZY6/I5Vyg3N1dFRUURx87Pz9d1114X8e7fMxUUFmjhQsJnoLWw
AhodTnFxsTZv3hzSdsH5F9ZztHkG9O8f8njXrh3yNKGO1f4DB0Iep6Sk1LshXMoZIVlBQUGTA9jS
0tKwtuQkc0NHm81W76rupiotLVXPnj0VCARbLXyWpO9/755WG+t0NTU12rxls/75zzcihs/SqZIS
u/fs1vvvv6eio0WqqqrSyZMnVVVVpaKjRVq1epXWnlGD+HRut1sffvShlp12caOjCwQCOnr0qNas
/azeY/z+gA4cPKDFiz9QRUVFzL6e/H6/jhw5rA8WfxDx+63WyZMntWrVSp04cSIm4wIAAACtqaGQ
+dnn/qyFry4Iu0O4dtXzI795JGLom5qaquzsxu9qnjt3Xr2lOrZty9VTTz+pha8u0Lbt28L+Pi8v
L9e27du08NUFevrpp8LmkZHRdpuDEz6js2MFNDqcNWvXhDweNGiQhgwZ0urzGDw4dMxAIKiNmzaF
bXwWid/v15o1oQHZhPETZLPZIh6f0bdvyOPi4mIdOXJY/fsPiHq+O3buCHncr1+/mIXDDbnvvp/r
l7/8RYtDPsMw1KVLF9ntNvn95pUOOZ3NZtXAgQNbZaxIrFZro6+3prpGn+d8rp27dmrEiBGKi4uX
13uqNEdDIejp7PbIX3cdkddboz17d9cb2teqqa5RzvrPdaz0mK6/7gb16NFDDoejWWMahqHqmmrt
379fixa91ej7bhiGXC6X8vP3amIrbZwKAAAAxNK1116nZ5/9c8TScjk5OcrJyVFCQoL69u0bsWZ0
pP6ikdk3U9dde70Wvrog4vMej6du/KZITU3V5ZdfoRdffKFJ58UC4TPOBqyARodSUVGhNWtWh7RN
v2h6zG9jjyYsTU1N1bhxobcIffLJx1Ft7Lfu83Vh9Z8nTDin3uMHDxqseGd8SNvixYuj3kSuoLBA
n30W+gvtnAbGi6UEZ4IGDRoUk76++OILPfzQb1olMLVYLPre3T9osxIJTqdTY8eMVb9+/Rs91jAM
VVZWKicnR6tXr1JOTk5U4bPValVaWpouvOCiWEy5XbBabUrt3iPka8RiscjhsMsR55DN9tWvPb8/
oH378vXyK//Qzp07VFlZ2aSNGWtrdJeUlOjzdev06qsLw953m80qR5wjbD7x8fH13vEAAAAAtHe1
QXBDPB6P8vPzGw2fp0yZ0mj5jdNlZ2fr1m/Mjfr4xjidTt1++x1KTEiMWZ/RInzG2YIAGh3K55+v
UyDwVT3hHj16aMyYsTHrf8OG9Xr8id/p/gd+rTfeeL3RkhozZ1wc8riiokL/ePnvKisrq/ecLVs2
6803/xnSNnToUA0ePLjec+Lj43X5ZZeHtO3K26UFC+eH1fc908GDB/TSS38Led+6dOmiqVOnNXhe
LH3/e7EJcoPBoJ7/n7/opz/9maxWc3989ejRo8HaZa0hKSlJM2fMDLv4ECuJiYmaNu08paSkmNJ/
W4iLi/v3XRFZSk5OVnJysnr16qWRI0dp7JixyszsFxIGn6oJXahX5r+sV19dqB07tqusrEwul0te
rzfsYlQwGJSn2qPKykoVf1msnPU5eunvf9M7/3onpOazxWJRYmKisrKGavy48Ro2dLh69OihpKQk
de/eXSOGj9DAgbG5MAMAAAC0hdoguL6SGNGYM2eO5t46r1lj/+xn90VV77khqampuueee5UZYWNF
sxE+42xCCQ50GG73ybCdbadPn9Hs2+bPdOTIYc1fML/u8Zq1axTvdOrqq66u95zBgwdr+vQZIRsw
HDhwQM/8/mnNmD5Dw4YNV3JysvwBv0pLS7V586aw+tUOh13XXHNto4HqBRdcqG3bt2nfvn11bVu2
bNHevXt1wQUXaPCgIerWrZscDoc81R6VHjum3G252rhxY1hfN1x/g5KSkhp9T2LFbrfrjjvu1Asv
/LXFpTiKiopU8uWX+tnP7tPTTz/V4g0OI7FYLPrZf90X836byuFwaMiQLJ0z4Zy6W8gccQ4lOBNk
t9tVdbJKNdXhm0uG92NXcvKpkNntcaumukY2m1WZmZmaPGmyqa+htVksFqWnp2vurfOUl5cni0Ua
OXKUUlJSZBiGSkpK9MY/X1d+fn7IeT6fX7vydmnP3t3q3j1VAwcOVK/0XiGboxjBoMrLy7Vu7Vrt
3btXRwqORNxoUJLi4uM0efIUfe2Kryk+Pl7BYFDHjh3Tnr171KVLF40YPsLU9wEAAABoDdnZ2Ro6
dKjeWvSWtm/fFvV5qampmnvrvBYt+snsm6n7fnafVqxcoRUrVkQsB9KQ6dNn6PI5c5TAymfAdATQ
6DA2btoUEgbFO+M18dyJMev/SEFBWFte3q4GA2hJuvLrV8rtPqkNGzbUtbndbi1esliLlyxu8FxH
nEO3/ee3o7ra6nA4dPu379DfXnoxJDyrqqrS0qVLGz2/1s0336Lx4ydEfXysjBk9RiOGj9CuvF0t
6scwDP39H3/X4797XA8/9IgeevjBmG5KaLFYdMcdd7boKn4sJSYm6rxp5+ngwYOSpKwhWRo7dpx6
9uypZcs+1dbcrfWGoBaLRcnJycrKytKsi2cpGAxqw4YNytudJ6fTqYtnzlJ8vDmrq9uSxWJR165d
wzYxsVgs6tmzpy6fc4Wefe7PEc8NBIIqLS2NWMLE7w/owIEDOnDGBqKRpCSn6NJLLq17f61Wq3r1
6qVevXo14xUBAAAA7VdqaqruvONOFRQWaP369dq2LbfeshtjxozVuLHjotpwMBoJCYm6fM4VmjF9
hnJztyl3W67y8/fWG0anpqZq7NhxmjF9Rtjq6dTUVM2ZMye0rXvsy+YRPuNsRACNDsHr9WrFiuUh
bRecf6GSk5NjNkakDfmiCYscDodu/cZcpfVI00cffxhS6qIhvXv31s033dJg6Y0zJSUl6a47v6OV
K1do6YdLoh6rdrybbry5TTZsrHXXXd/RAw/e32jZkMYYhqGHHnlIj//2CT3z9O/16GO/UUVFRUzm
eP5552vM6DEx6SsWrFar+vbN1O3fvkMJCQkh5TKuuupq9evXX6++tjDiuU6nU+eff74un3NFXVv/
/gPkdrtVeaJSGX3abpfntmKxWORMMP/igtVqbTcXMQAAAIDWkNk3U5nXZuq6f28oWFBYoGrPqSA4
NTW1xeUyGpKQkKjs7Oy6YDvSxoeNrbZOTU0N+dvJDITPOFsRQKNDyM3dGlZXeWr21JiOMWL4CE2b
Ok3rPl8n6VRgO+eMusv1sVqtmjPncp177kStWr1KW7ZsrjdkHTBggCZPnqLsKdmKi4tr8jzj4+M1
e/ZlOvfcidq0aaNy1uc0WHN62LBhmjZ1msaMGdus8WLJarXq0d88pp//8j55a7wt6qumukYPPHi/
fvvY7/TwQ49oxcoVevfdfzW7JIfFYtGQIUN0ww03tmheZrDb7UpPTw9rj4uLU9++GbJYLBFXgdvt
dvVKD72IYrFYlJSU1KolWNoTr9erw4cPR3zOYrHUbVLo9wca7KexY2vHacsLPgAAAEBbaou6yrXM
Drybg/AZZzMCaHQIkyZN1iSTa9VarVbdfPMtmj37Mnm9XvXo0aPJ9aXT09N1w/U36Jqrr9HRo0Vy
VVXJ43bLbrcrMTFJqamp6tEjNrfwpKWl6bLL5mj27MtUVlamsrIyVVd75PV65UxIUFJiknr37qXE
xPYVNFqtVv320d/p1w/8qsUh9MmTJ/XgQw/oN488qpkzZmra1Gn66wv/p3379jW5LMeQIUN0zw/u
bdF8WpvFYpHTmaCEhAS53eEbZtYXXJ/N/H6/igoLw9rtdptSU3uoV6/e8vt8KiwqlMvlqifYb/xY
37/bCaBb5vQNIwEAAICOivAZZzsCaOA0FoslJldJ7Xa7+vXrH4MZNc5isSgtLU1paWmtMl4sxMXF
6eknn9Ejv3lYx48fb1EN5xMnTuhXv/6lHn7oETmdTt3zg3vl9Xr1f3/9X+3fv6/RMiUWi0XnTTtP
N954k6qrq2XIkM1qU1xcnGpqatp9jeS4uDgNHDBQhw4fCnuuS5cu6to1vLTM2cxqtSghMUF2u61u
5bLdbtOgQYN13XXXK6NPhnw+n3bl7dJbb70ZVtrFZrOqX7/+uummm0OOfeedt+vuRLBYLHI4HEro
wCU4ZsyYGVb2qC389rHH23oKAAAAQIsQPofLysoK2xjeDGPGjDV9DETHcqKiKna7dwFAExiGoTfe
eF3rPl/X4o0EHQ677vnBvRowYGBdWyAQ0JYtm/XJp5+ouLi4bsxaFotFt932bY0fN16SlJ+fr115
O3Xo0CFdcP4FWrxksX71y1+3aF5m8/l8Onz4sAqLQlf11m7EN27suDaaWftkGIZKSkr01qI3deTI
ERmGoV69eunaa67VwIGD6o5zu0/qo48/1vLly0LOT05O1te/fqWmTZ1W1+b1epWbu1Xvf/C+PB6P
nE6nRo8arauvvqbdX8BoyFuL3tKqVSvbbPz/+ul/tdqFPAAAAMAMX375pTZv2dTW04jawIGDNHLE
SNPHKSgs0LPP/rnezSJjwel06p577m3TUjD4CgE0gDZXUFigP/zh943W3W2MxWLRxIkTNW/uN2Wx
WEKe8/v9qqys1L59+dq0eZPKysr0kx//JKREicfj1uYtW7Rjxw7179dPn+d8rocfeqRFc0L7YxiG
Kisr9cXWL+T3+XTOOeeGlcbx+XzasWO7Xn7lHyGr6NPS0nT77XeEbeDo9/tVWFigHTt3qGdaT40b
N75Dh8+1fD6fCgsLVNPCcjlNkZySrL4ZfVttPAAAAACtr7y8XHv37lX58fr3tGqu1O49NG7cWCUk
JMa8bzQPATSAdiEYDOq999/T8uXLWrwa2m636bbbbteY0WOadb5hGHUb+50ZZOPsUV5erhde/KuK
i48qEAgq3hmvUSNH6T+/dVtbTw0AAAAAgA6DABpAuxIMBvXa669qw4YNCgYbrt/cEIvFIrvDru/e
dbeGDBlCkIwm8/l82rN3jz799BOdPHlSffr00ezZl4WtfgYAAAAAAPUjgAbQbuXn52vxkg90pOCI
fF5f1Cuja8PmxMREjRw5Ul//2pXq3r27mVMFAAAAAABABATQADoEl8ul/fv3KS8vT0cKjqiiokLV
1R75fH454hxKSkxSjx49NGjQII0aOVoZfTPkjHey8hkAAAAAAKANEUADAAAAAAAAAExhbesJAAAA
AAAAAAA6JwJoAAAAAAAAAIApCKABAAAAAAAAAKYggAYAAAAAAAAAmIIAGgAAAAAAAABgCgJoAAAA
AAAAAIApCKABAAAAAAAAAKYggAYAAAAAAAAAmIIAGgAAAAAAAABgCgJoAAAAAAAAAIApCKABAAAA
AAAAAKYggAYAAAAAAAAAmIIAGgAAAAAAAABgCgJoAAAAAAAAAIApCKABAAAAAAAAAKYggAYAAAAA
AAAAmIIAGgAAAAAAAABgCgJoAAAAAAAAAIApCKABAAAAAAAAAKYggAYAAAAAAAAAmIIAGgAAAAAA
AABgCgJoAAAAAAAAAIApCKABAAAAAAAAAKYggAYAAAAAAAAAmIIAGgAAAAAAAABgCgJoAAAAAAAA
AIApCKABAAAAAAAAAKYggAYAAAAAAAAAmIIAGgAAAAAAAABgCgJoAAAAAAAAAIApCKABAAAAAAAA
AKYggAYAAAAAAAAAmIIAGgAAAAAAAABgCgJoAAAAAAAAAIApCKABAAAAAAAAAKYggAYAAAAAAAAA
mIIAGgAAAAAAAABgCgJoAAAAAAAAAIApCKABAAAAAAAAAKYggAYAAAAAAAAAmIIAGgAAAAAAAABg
CgJoAAAAAAAAAIApCKABAAAAAAAAAKYggAYAAAAAAAAAmIIAGgAAAAAAAABgCgJoAAAAAAAAAIAp
CKABAAAAAAAAAKYggAYAAAAAAAAAmIIAGgAAAAAAAABgCgJoAAAAAAAAAIApCKABAAAAAAAAAKYg
gAYAAAAAAAAAmIIAGgAAAAAAAABgCgJoAAAAAAAAAIApCKABAAAAAAAAAKYggAYAAAAAAAAAmIIA
GgAAAAAAAABgCgJoAAAAAAAAAIApCKABAAAAAAAAAKYggAYAAAAAAAAAmIIAGgAAAAAAAABgCgJo
AAAAAAAAAIApCKABAAAAAAAAAKYggAYAAAAAAAAAmIIAGgAAAAAAAABgCgJoAAAAAAAAAIApCKAB
AAAAAAAAAKYggAYAAAAAAAAAmIIAGgAAAAAAAABgCgJoAAAAAAAAAIApCKABAAAAAAAAAKYggAYA
AAAAAAAAmIIAGgAAAAAAAABgCgJoAAAAAAAAAIApCKABAAAAAAAAAKYggAYAAAAAAAAAmIIAGgAA
AAAAAABgCgJoAAAAAAAAAIApCKABAAAAAAAAAKYggAYAAAAAAAAAmIIAGgAAAAAAAABgCgJoAAAA
AAAAAIApCKABAAAAAAAAAKYggAYAAAAAAAAAmIIAGgAAAAAAAABgCgJoAAAAAAAAAIApCKABAAAA
AAAAAKYggAYAAAAAAAAAmIIAGgAAAAAAAABgCgJoAAAAAAAAAIApCKABAAAAAAAAAKYggAYAAAAA
AAAAmIIAGgAAAAAAAABgCgJoAAAAAAAAAIApCKABAAAAAAAAAKYggAYAAAAAAAAAmIIAGgAAAAAA
AABgCgJoAAAAAAAAAIApCKABAAAAAAAAAKYggAYAAAAAAAAAmIIAGgAAAAAAAABgCgJoAAAAAAAA
AIApCKABAAAAAAAAAKYggAYAAAAAAAAAmIIAGgAAAAAAAABgCgJoAAAAAAAAAIAp7G09AQAAAAAA
AABoC3l5eaqqcqmwqEhFRYUhz6WkpGjE8BFKTk7RiBEj2miGHR8BNAAAAAAAAIBOz+VyaePGDdrw
7395eXlNOn/EiBGaPGmyJk+arEmTJislJcWkmXYulhMVVUZbTwIAAAAAAAAAzLB8+TL9691/6dNl
n8a031kXz9LMmRfr6quujmm/nQ0BNAAAAAAAAIBOxeVyadnyZXr++f9WYVGRqWP1zcjQvHnf1NVX
XcOq6AgIoNuB5//nL7JarPrOd77b1lMBAAAAAAAAOrT5C17R88//RSdcrlYdt0tKiu677xesiD4D
AXQbe/5//qK/PP8XSdLP7/u55s39ZhvPCAAAAAAAAOh48vLy9MBD9ze5tnOsjRgxQo8+8hgbF/4b
AXQbOj18rvXArx/QTTfd3EYzAgAAAAAAADqe+Qte0ZNPPdnW0wjxvbu/p7u/+722nkabI4BuI5HC
51qE0AAAAAAAAEDjXC6XHnjw/mZvMJiSnKwRI0YoI6Ov+vbtG/JcYWGhiooKlZeXJ1dVVbP6n3Xx
LD36m8fO6trQBNBtoKHwudajv3lM11x9TSvNCAAAAAAAAOhYXC6Xvn3HbU0uuXHxzIs1c+bFmjx5
svpm9G38BEmFRYXasGGDli9fpmXLlzVpvLO9JAcBdCuLJny2WCz67WO/1ZVfv6qVZgUAAAAAAAB0
HHl5efrRj+9VYVFRVMdn9Omju+/+vmZdPKvFq5FdLpf+9e47euWVl1V09GhU53RJSdGLL7x0VobQ
BNCtiPAZAAAAAAAAaBmXy6Ubb7o+qvC5Nng2q9LAO/96R88//99RBdFdUlL0xhtvRr3qurMggG4l
hM8AAAAAAABAyzSl7Ma8ufP0vbu/b3r9ZZfLpb88/9+av2B+o8eOGDFCf3vhpbOqJjQBdCsgfAYA
AAAAAABa7kc//mGjGw6mJCfrT3/8syZPntJKszplw4b1+uGP7m10w8LJkyfrby+81EqzanvWtp5A
Z0f4DAAAAAAAALTc/AWvNBo+Dx8+XB8u/bjVw2dJmjx5iv75z7c0fPjwBo/bsGGDnv+fhvPCzoQV
0CaKNnx+6omnNGfO5a00KwAAAAAAAKBjycvL040339DgMcOHD9dLL/69zctbuFwu3Xb7f2r37t0N
HvfP1988KzYlZAW0SQifAQAAAAAAgNh44KH7G3y+vYTPkpSSkqKXXvx7oyuhG3tNnQUBtAkInwEA
AAAAAIDYmL/glQY3HUxJTm434XOtlJQU/emPf1ZKcnK9x+Tl5emdf73TirNqGwTQ/5+9O4+vqr4T
Pv6NLEFMwLaihozWjktS6zIj4FbptGCxfZ5RqDquuG8srl1wAWzrMjMuXbQKauvSin3GKgjVjlQL
7rYCLp1qC4oWWbU4VZOwRSDPH76sWkhybnJ/9+Ym7/fr1T/K+Z1zvrz6u/ePTw/n5pn4DAAAAAD5
UV9fH5NbaW3X/fD6DhWfP1DdvzquuPzKFtdcc81VUV9fX6CJikOAzqMs8blbty3EZwAmwWhfAAAg
AElEQVQAAADIYNbsWVHXQqAdefzIovzgYFZDhgyNkcePbPZ4XX19zPhl534K2o8Q5knW+Pz9a38Q
Q4YMLdBUAAAAAFC6vvLVYbFs+fLNHutfVRX33jOtQz79/FH19fVxyFe+HPUNDZs9Xt2/f8x88KEC
T1U4noDOA/EZAAAAAPJr9uxZzcbniIjRo8d2+Pgc8f77oMeNu6jZ48uWL4/Zs2cVcKLCEqDbSXwG
AAAAgPyb8csZzR7rX1UVI4aPKOA07TNi+IjoX1XV7PGW/q6lToBuB/EZAAAAAPKvvr4+Zj8yu9nj
o0ePLeA0+XHCCSc2e2z2I7M77Y8RCtBtJD4DAAAAQBpz585p8fjQEuxtww9r+Ynt1v7OpUqAboMs
8bl7927iMwAAAAC0wdx5c5s9Nvyw4SXx7ue/V1lZGUO+NKTZ4y39nUuZAJ2jrPH5+utuEJ8BAAAA
oA3mPTuv2WMDBw4q4CT59aUWAnRLf+dSJkDnIJf4PPigwQWaCgAAAAA6l/nz5zd7bNCg0g3QLc3e
0t+5lAnQGYnPAAAAAJBeSyG2sqIiqvtXF3Ca/KruXx2VFRXNHu+MEbp7sQcoBVnic0TEnnvsGS++
+Id48cU/FGCq9hk9akyxRwAAAACATdTX1zV7rLa2toCTpDFu3EWxYsXyzR6r7FN677ZujQDdiqzx
OSLi+RdeiOdfeCHxRPkhQAMAAADQES1bvvk4GxHRv4Sffv7AiOEjij1CQXkFRwtyic8AAAAAQPs1
93RwRER1dekH6K5GgG6G+AwAAAAA0D4CNAAAAAAASQjQzRg9akyMGe09yQAAAABQSJWVzf8QX11d
8z9QSMckQLdAhAYAAACAwqrZrabZYwsWzC/gJORD92IP0NGNHvV+gM7yPuh/2nvvOPDAz6ceCQAA
AAAoEcuWL4sVy5fH3Hlz//ZngwYOipqa2haf9u4sBOgMskboF196Mc48c1QMPmhwIcYCAAAAgE6n
srJPs8fmzptXwEnarr6+PqbcdWfMmDE9li1f3uy6oUOGxvHHHR+DBu1bwOkKyys4MsryOo716zfE
ueedHU88+USBpgIAAACAzqW2trbF4/Pnd+zXcEy56874yleHxaTJk1qMzxERs2bPanVNqROgc5BL
hJ49e1aBpgIAAACAzmXQwIHNHpv37NxmjxXbxEsnxFVXXxV19fWZ1l9+2RUxYviIxFMVlwCdo6wR
+uvfvECEBgAAAIA2aOmVFHPndswAff4F58X0GdMzr+8K8TlCgG6TLBF6w4aNIjQAAAAAtEHNbjXN
Hpv9yOxYtnxZAadp3eSbJsWsHDpgV4nPEQJ0m4nQAAAAAJDGoEH7RmVFRbPHH3lkdgGnadn8+fNj
0uRJmdd3pfgcIUC3iwgNAAAAAPlXWVkZQ4YMbfb4lCl3FnCall197VWZ12aNz/Pnz4+5c+e0Z6wO
Q4BuJxEaAAAAAPJvyJeGNHts2fLlMeWu4kfoZcuXZX4ndS7x+bTTT4kpd01p73gdggCdByI0AAAA
AOTXkCFDo39VVbPHJ0+eFPX19QWcaFNZXwWSa3yuq6+P2Y/MLvrfLx8E6DzJJULPnPlggaYCAAAA
gNI1evTYZo/V1dfHpMk3FnCaTWV52LQt8fkDneE1HAJ0HmWN0OMuGidCAwAAAEArRgwf0eJT0FPu
mpIpAk++aVLsufcem/3P5Juy/4BgrgYNGtTm+BwRseDlBalGKxgBOs+yROimpiYRGgAAAAAyaOkp
6IiIiZdOiGXLlxVomo+bO29ey8fnzo2Jl05ocU1z8bmzEKATEKEBAAAAID9GDB8RNTU1zR6vq6+P
8y84ryjvS27p6ewPTJ8xvdkI3dnjc4QAnYwIDQAAAAD5ccVlV0ZlRUWzx+fPnx+nnn5KwSN0dXV1
pnWbi9BZ4nNVVf92zdcRCNAJidAAAAAA0H61tbUxZkzLr+L4IEIX8nUcNTW1mdd+NEJnffK5Nofr
d1QCdGK5ROj7H/hlgaYCAAAAgNIy8vgTYsiXhrS4Zv78+XHUUUdm+mHCfBg0cFBO66fPmB7nX3Be
pvjcv6oqamsFaDLIGqHHTxgvQgMAAABAM664/MoW3wcd8f47oc+74Ly4+pqrkr6So76+PibfPDnn
82bNnpXpnc+DBu3blrE6HAG6QERoAAAAAGifysrKuP3WO1qN0BERd065M77y1WEx5a478z5HfX19
nHr6KTF//vy8XzsiorKiIi4cd1GSaxda92IP0JWMHvV+gJ40eVKzaz6I0BERh/7rYQWZCwAAAABK
xQcR+pTTTo4FCxa0uLauvj6uuvqqvN4/dXyOiDjhhBOjsrIy2fULyRPQBZb1SegNGzYWaCIAAAAA
KC2VlZVx3Q+vz/QkdD4VIj4P+dKQvz3I2hkI0EXQWoSeOH5ijBg+ooATAQAAAEBpqe5fHbffekcM
P2x4Qe5XiPhcU1MTV1x+ZbLrF4MAXSTNReiJ4yfGUUcdXYSJAAAAAKC0VFZWxhWXXxkXjrsw6X0K
EZ+HHzY87v3F1E7z6o0PCNBF9PcR+sJxF4rPAAAAAJCjkcefEPfcfW8MGjgw79dOHZ8HDRwYt/3k
tk735PMH/AhhkY0eNSaampqiZ8/yGHn8CcUeBwAAAABKUm1tbdx26x0xfcb0uPrq/4z6hoZ2X7M9
8bmyoiLGjbso5s2bG8uXL4u58+ZFRET/qqqorq6OmpraGH7YiKitrW33nB2ZAN0BjBk9ttgjAAAA
AECHN/mmSTFp8qSC3rOpqSnncyorKuK2W++I2traLv9bb17BAQAAAACwGZWVlXH7rXdETU1N5nNq
amrinnumdvonm7MSoAEAAAAAmpFLhK6pqYnbb70jqvtXF2Cy0iBAAwAAAAC0IEuE/iA+V1ZWFnCy
jk+ABgAAAABoRUsRWnxungANAAAAAJDB5iK0+NwyARoAAAAAIKOPRmjxuXVlde80NBV7CAAAAACA
UlJfXx8RIT63onuxBwAAAAAAKDXCczZewQEAAAAAQBICNAAAAAAASQjQAAAAAAAkIUADAAAAAJCE
AA0AAAAAQBICNAAAAAAASQjQAAAAAAAkIUADAAAAAJCEAA0AAAAAQBICNAAAAAAASQjQAAAAAAAk
IUADAAAAAJCEAA0AAAAAQBICNAAAAAAASQjQAAAAAAAkIUADAAAAAJCEAA0AAAAAQBICNAAAAAAA
SQjQAAAAAAAkIUADAAAAAJCEAA0AAAAAQBICNAAAAAAASQjQAAAAAAAkIUADAAAAAJCEAA0AAAAA
QBICNAAAAAAASQjQAAAAAAAkIUADAAAAAJCEAA0AAAAAQBICNAAAAAAASQjQAAAAAAAkIUADAAAA
AJCEAA0AAAAAQBICNAAAAAAASQjQAAAAAAAkIUADAAAAAJCEAA0AAAAAQBICNAAAAAAASQjQAAAA
AAAkIUADAAAAAJCEAA0AAAAAQBICNAAAAAAASQjQAAAAAAAkIUADAAAAAJCEAA0AAAAAQBICNAAA
AAAASQjQAAAAAAAkIUADAAAAAJCEAA0AAAAAQBICNAAAAAAASQjQAAAAAAAkIUADAAAAAJCEAA0A
AAAAQBICNAAAAAAASQjQAAAAAAAkIUADAAAAAJCEAA0AAAAAQBICNAAAAAAASQjQAAAAAAAkIUAD
AAAAAJCEAA0AAAAAQBICNAAAAAAASQjQAAAAAAAkIUADAAAAAJCEAA0AAAAAQBICNAAAAAAASQjQ
AAAAAAAkIUADAAAAAJCEAA0AAAAAQBICNAAAAAAASQjQAAAAAAAkIUADAAAAAJCEAA0AAAAAQBIC
NAAAAAAASQjQAAAAAAAkIUADAAAAAJCEAA0AAAAAQBICNAAAAAAASQjQAAAAAAAkIUADAAAAAJCE
AA0AAAAAQBICNAAAAAAASQjQAAAAAAAkIUADAAAAAJCEAA0AAAAAQBICNAAAAAAASQjQAAAAAAAk
IUADAAAAAJCEAA0AAAAAQBICNAAAAAAASQjQAAAAAAAkIUADAAAAAJCEAA0AAAAAQBICNAAAAAAA
SQjQAAAAAAAkIUADAAAAAJCEAA0AAAAAQBICNAAAAAAASQjQAAAAAAAkIUADAAAAAJCEAA0AAAAA
QBICNAAAAAAASQjQAAAAAAAkIUADAAAAAJCEAA0AAAAAQBICNAAAAAAASQjQAAAAAAAkIUADAAAA
AJCEAA0AAAAAQBICNAAAAAAASQjQAAAAAAAkIUADAAAAAJCEAA0AAAAAQBICNAAAAAAASQjQAAAA
AAAkIUADAAAAAJCEAA0AAAAAQBICNAAAAAAASQjQAAAAAAAkIUADAAAAAJCEAA0AAAAAQBICNAAA
AAAASQjQAAAAAAAkIUADAAAAAJCEAA0AAAAAQBICNAAAAAAASQjQAAAAAAAkIUADAAAAAJCEAA0A
AAAAQBICNAAAAAAASQjQAAAAAAAkIUADAAAAAJCEAA0AAAAAQBICNAAAAAAASQjQAAAAAAAkIUAD
AAAAAJCEAA0AAAAAQBICNAAAAAAASQjQAAAAAAAkIUADAAAAAJCEAA0AAAAAQBICNAAAAAAASQjQ
AAAAAAAkIUADAAAAAJCEAA0AAAAAQBICNAAAAAAASQjQAAAAAAAkIUADAAAAAJCEAA0AAAAAQBIC
NAAAAAAASQjQAAAAAAAkIUADAAAAAJCEAA0AAAAAQBICNAAAAAAASQjQAAAAAAAkIUADAAAAAJCE
AA0AAAAAQBICNAAAAAAASQjQAAAAAAAkIUADAAAAAJCEAA0AAAAAQBICNAAAAAAASQjQAAAAAAAk
IUADAAAAAJCEAA0AAAAAQBICNAAAAAAASQjQAAAAAAAkIUADAAAAAJCEAA0AAAAAQBICNAAAAAAA
SQjQAAAAAAAkIUADAAAAAJCEAA0AAAAAQBICNAAAAAAASQjQAAAAAAAkIUADAAAAAJCEAA0AAAAA
QBICNAAAAAAASQjQAAAAAAAkIUADAAAAAJCEAA0AAAAAQBICNAAAAAAASQjQAAAAAAAkIUADAAAA
AJCEAA0AAAAAQBICNAAAAAAASQjQAAAAAAAkIUADAAAAAJCEAA0AAAAAQBICNAAAAAAASQjQAAAA
AAAkIUADAAAAAJCEAA0AAAAAQBICNAAAAAAASQjQAAAAAAAkIUADAAAAAJCEAA0AAAAAQBICNAAA
AAAASQjQAAAAAAAkIUADAAAAAJCEAA0AAAAAQBICNAAAAAAASQjQAAAAAAAkIUADAAAAAJCEAA0A
AAAAQBICNAAAAAAASQjQAAAAAAAkIUADAAAAAJCEAA0AAAAAQBICNAAAAAAASQjQAAAAAAAkIUAD
AAAAAJCEAA0AAAAAQBICNAAAAAAASQjQAAAAAAAkIUADAAAAAJCEAA0AAAAAQBICNAAAAAAASQjQ
AAAAAAAkIUADAAAAAJCEAA0AAAAAQBICNAAAAAAASQjQAAAAAAAkIUADAAAAAJCEAA0AAAAAQBIC
NAAAAAAASQjQAAAAAAAkIUADAAAAAJCEAA0AAAAAQBICNAAAAAAASQjQAAAAAAAkIUADAAAAAJCE
AA0AAAAAQBICNAAAAAAASQjQAAAAAAAkIUADAAAAAJCEAA0AAAAAQBICNAAAAAAASQjQAAAAAAAk
IUADAAAAAJCEAA0AAAAAQBICNAAAAAAASQjQAAAAAAAkIUADAAAAAJCEAA0AAAAAQBICNAAAAAAA
SQjQAAAAAAAkIUADAAAAAJCEAA0AAAAAQBICNAAAAAAASQjQAAAAAAAkIUADAAAAAJCEAA0AAAAA
QBICNAAAAAAASQjQAAAAAAAkIUADAAAAAJCEAA0AAAAAQBICNAAAAAAASQjQAAAAAAAkIUADAAAA
AJCEAA0AAAAAQBICNAAAAAAASQjQAAAAAAAkIUADAAAAAJCEAA0AAAAAQBICNAAAAAAASQjQAAAA
AAAkIUADAAAAAJCEAA0AAAAAQBICNAAAAAAASQjQAAAAAAAkIUADAAAAAJCEAA0AAAAAQBICNAAA
AAAASQjQAAAAAAAkIUADAAAAAJCEAA0AAAAAQBICNAAAAAAASQjQAAAAAAAkIUADAAAAAJCEAA0A
AAAAQBICNAAAAAAASQjQAAAAAAAkIUADAAAAAJCEAA0AAAAAQBICNAAAAAAASQjQAAAAAAAkIUAD
AAAAAJCEAA0AAAAAQBICNAAAAAAASXQv9gBd2UMPPxyLFy/OvP6Yo4+OioqKhBMBAAAAAOSPAF1E
jz/+eEydNi3z+sMOO1SABgAAAABKhldwAAAAAACQhAANAAAAAEASAjQAAAAAAEkI0AAAAAAAJCFA
AwAAAACQRPdiDwAd2aJFr8fkm2/KvH78xRdHnz59Ek4EdBW+fwAAAOgMBGhowapVDfHLX/4y8/pv
feObCacBuhLfPwAAAHQGXsEBAAAAAEASAjQAAAAAAEkI0AAAAAAAJCFAAwAAAACQhAANAAAAAEAS
AjQAAAAAAEkI0AAAAAAAJCFAAwAAAACQhAANAAAAAEASAjQAAAAAAEkI0AAAAAAAJCFAAwAAAACQ
hAANAAAAAEAS3Ys9AJ3X22+/HYsWvR7Lli2N1xcvjnfffTdWr14dq1atim7du8WWvXrH1lv3je22
3Ta2r9o+PrPTP8aOO+4QPXr0KPboXcr69etj6dJlsfDVV2Lx4iVRX18fdXXvxrvvvhtRVha9t9wq
ttyyV/Tp0yeqq6tj++23j/5VVfEP//APscUWnfP/w3r77bfj5VdeiUWLFsWSJUuirq4+Vq2qj7Ky
sqioqIyqqqqo2W23GDBgQFRWVhZ73L/xmbOfAQAAoKMRoLuoJUuWxG9mzcq0dv/994/P1tZmWrto
0evx2OOPxRNPPhFPPfV0znN98pOfiGFfHhaDBx8UBx54YPQq75XzNVryxz/9KZ555pnM6998882c
rn/3L+6O3r17Z16/9157xz77/HNO98iHhoZV8dvf/TYeevjhePLJJ+Odd97J+RpVVVXxL1/4Qgwc
OCgO+vyB0bdv3wSTtiyXfdy/f/84ZNiwZo83NjbG7EceiZkzZ8as2bNj/fr1rV5zv333jTtuvz3v
s3amz1whlMp+9v0DAABAV1RW905DU7GH6KomTJwYU6dNy7z+sUcfiW37bZuXe8+ZOzdOOvnkTGuv
vOKKOPxrX2v2eFNTUzz11NNx9y9+Eb+Z9Zu8zBfxfhA66cQT44jDD4+Kioq8XPNXv/pVfHPcuLxc
Kx8uufiiOGHkCQW734KXX457p06N6dOnR0NDQ96u26vXljFi+GFx+Ne+FnvuuWfertuaXPbxVw45
JH7w/e9v8ucbN26MB2f+Om6cdEP8+c+Lcrp/LgG6q37mUiq1/dzVv38AAADomjwBTavWrFnb7LE/
/ulPccMNN8Yjjz6S9/uuWLEi/vOqq+KnP/tZXDhuXAz78pejrKws7/fpChYtej1uv+OO+MU9v0hy
/bVr18R/3X13/Nfdd8ehhx4aZ55+Ruyyy85J7tVWq9es2eTP3njzjfj3f/+PePg3bYu4qfajz1zL
7GcAAAAoHV54SavWrFm9yZ81NjbGzbfcEkcceWSSEPZRK1asiPMvuCAmXvrtWLVq01lo3po1q+O6
66+Pr/7f/5Ms1v29+++/P752xOFx110/z/Qai0JZt/bjUXfByy/HSSef0ub4HBGxRbdu7R1rs3zm
Ns9+BgAAgNIjQNOqdevWfey/r3hjRYweOzZ+eN11BZ1j6rSpMWbsmFi58q2C3rdULXj55TjltNPj
pptvLvi9169fH1f8+5Vx/gVff//H3zqANR8J0H/805/i5FNOicWLF7frmqkeDvaZ25T9DAAAAKVJ
gKZVq1d/+ATkn/+8KM4488x4+uncf+wsH+bMnRsXfP3rUVdXV5T7l4qp06bF0cccE7///e+LOses
2bNi7NnnxFtv/W9R54iIWL16VURELF26JM4977w2/VDd3ysrS/MV6jP3cfYzAAAAlC4BmlZ98DqA
BS+/HKeedlq8+uprRZ3n2eeeje9e9t3YuHFjUefoiJqamuLW226LCRMnbvIUbbE8+9yzMWrMmLwE
3/ZYtWp1rF23Ni66+JJYtmxZXq6Z7h3QPnMR9jMAAAB0BgI0rWpYtTqWL18e55x7brzx5hvFHici
Iv77wZlx/wP3F3uMDmXjxo1x46RJce33vlfsUTbx0ksvxmWXXx7vvVe8d+jW1b0bt956Wzz73HN5
u2a3RO+A9pmznwEAAKCz6F7sAej4li1bGhd84xuxZMmSnM4rLy+PqqrtY5tPbRO9t9oq/vrXt+Ot
lSvzFtS+9/0fxJAvDYnKysq8XK/U3XTzzXHjpEntusYee+wZn62tje222zZ69+4dGzZsiLVr18Zf
/rIyXnvttfj9//y+zT/E9uDMmVFTUxNnnXlmu2Zsq1WrVscNN96Y12tukegJaJ85+xkAAAA6CwGa
Vj333POZ1x489OA4ZNiXY9fddovP7LRT9OzZc5M1a9euiVdeWRgv/fGPMXPmzHhmzpw2zbVy5cqY
dt99cdKJJ2Y+51/+5Yvxm4ceyrz+5VdejjFjz868/p67/ys+8YlPZl6fr5D30MMPx49uuKFN5x50
0EExYviI2G/ffWObbT7V4tqGhoZ48aWX4qGHfh3T7pue82sRfnjddTH4oINi9913b9OsHU2qV3B0
ps9cW3TW/dxZv38AAACgJWV17zQ0FXuIrmrCxIkxddq0zOsfe/SR2Lbftnm595y5c+Okk0/Oy7Ui
Is44/fQ48ogjYscdd8zpvKampnj2uefilh//OJ544omc71td/Q/x3w/cv9nolg8vvfRSHHnUUZnX
P/HY461Gr3ybv2BBjDxhZKxatbr1xR8xYJ994vzzz48B++zTppC6fPnymHzTzXHv1HtzvO+AuO3W
n+Tlf7N87+OIiOrq6vjiF78Yu+26S+y002eioqIiem/ZO3r06B7r1jXGusZ10dDQECuWL4+IiMMO
O6wos3bWz1xX3s9/rxS+fwAAAKA1noCmXT7/+QPjW9/8VtTstlubzi8rK4uBAwbE3nvtFbf8+Mc5
vyJh2bKlMW/evDjwwAPbdP9S19DQEN8a962cY90F558fJ590UruiWf/+/eOy734nBg7cJyZMvDTz
qwyefe7ZeHDmgzH8sOFtvncKRx91VBx66KGx1557RY8eHfersTN/5uxnAAAA6Hz8CCFtdtqpp8aN
P7qhzSHso3r06BFjx4yJyy/7bs7nPvHkk+2+f6m6/Y47YuHCVzOvLy8vjx9df32cecYZeXlis6ys
LIYfNjyuveaanM6bNPmmWL06t8iYyhe+8IWYft998Z1vfzsG7LNPh47Pnf0zZz8DAABA5yNA0ybf
+fa345vf+EaUl5fn9bpHHnFkHHvM0Tmd8+hjj0ZTU9d7k8z8BQti0uTJOZ3zo+uui4OHDs37LIcM
GxZjx4zJvH7x4sXxq//+Vd7nyNU5Z58dN1x/fV6Cbmqd/TNnPwMAAEDnJECTswnjJ8TRObyXNFej
R42OrbbqnXn9okWvx9KlS5PN0xGtX78+rrn22pzOufyyy2Lw4MGJJoo4/fTTYrdds4fcO++8K/Nr
DlKYcMn4GDN6dPTo0aNoM2TV2T9z9jMAAAB0XgI0ORl11llx/HHHJr1Hv3794thjcrvH66+/nmia
jumRRx+Np59+OvP6r40YEUccfnjCiSJ6lfeKUaPOyrz+lYWvxJw5cxJO1Lyzx46N448/rij3zlVX
+MzZzwAAANB5CdBkduCBB8aos7IHmfbI9Z/Vd6UAvX79+rjlxz/JvP6Tn/xEfP2Cr0dZWVnCqd53
8NCD43Of2yPz+gd+VfjXFuy/335xxumnF/y+bdEVPnP2MwAAAHRuAjSZlJeXx6UTJuT9/bPNqa2t
jYqKiszrFy9ZknCajmXOnDnx4ot/yLz+nLPPiW22+VTCiT7Uo0f3OO3UUzKvf3Dmr6OhoSHhRJua
MH5CXn6wLrWu8pmznwEAAKBzE6DJ5Kwzz4xPf/rTBbtfeXl5DBo4KPP6lStXJpymY7lvxozMa7fb
drs49F8PTTjNpgYfNDj69OmTae3atWtiztzCvbZg5MiRsfPO/1iw+7VHV/nM2c8AAADQuQnQZHLU
v6X7AbTm7LrrLpnXLl+xIuEkHcdbb/1vPPDAA5nXjxx5fE4/LpcPFRVbxddGjMi8fs6cuQmn+bjj
cnzPcTF1hc+c/QwAAACdnwBNJltu2avg9+y3zTaZ17711lsJJ+k4fve73+a0/uChByeapGVDhgzJ
vPapp59KOMnHbbfdtgW7V3t1hc+c/QwAAACdnwBNh9W3b9/Ma+vr6xNO0nE8/uSTmdfut+++sdNO
hXuFw0ft/tnPRvfu3TOtXbjw1VjxRtd4gr2jK/Rnzn4GAACAzk+ApsPqkcMPxdXV1UVTU1PCaYqv
sbExHnvssczrv/jFLyacpmUVFRWx3377Zl7/2quvJZyGrAr5mbOfAQAAoGsQoOmwsj5x+IH16zck
mqRjWPjqq1FXV5d5/T7//M8Jp2ndgH0GZF77+uIlCSchq0J+5uxnAAAA6BoEaDqRzv0E9GuvvprT
+p13zv6DcilU9++fee2fF/054SSk0/bPnP0MAAAAXYMADSXi5Vdeybx2wD77xFZb9U44Tev6bZv9
B/8WLVqUcBI6IvsZAAAAugYBGkrEa69lf6qypma3hJNk02+bfpnXrlixPOEkdET2MwAAAHQNub3w
EyiaVxZmf2J03brGeOKJJxJO07o3//KXzGtff31xbNiwIbp165ZwIjoS+xkAAAC6BgEaSsC6deti
8eLFmddPnTYtpk6blnCi/Fq/fn2sWrUq+vTpU+xRKAD7GQAAALoOr+CAElBf31DsEZJbt66x2CNQ
IPYzAAAAdB0CNJSAVas6f7Bbv/69Yo9AgdjPAAAA0HUI0FAC1q5bV+wRknvvPQeddYgAACAASURB
VMGuq7CfAQAAoOsQoKEEbFi/vtgjJLdhw8Zij0CB2M8AAADQdQjQUAI2btxQ7BEgb+xnAAAA6DoE
aCgBTU3FngDyx34GAACArkOABgAAAAAgie7FHgBoXbdu3XJav8MOO0T37rmdU2ylNi9tZz8DAABA
1yFAQwnoWd4zp/U3T74pPvOZnRJNA+1jPwMAAEDX4RUcUAJ69sgt2K1ZszrRJNB+9jMAAAB0HQI0
lIBeW/bKaf07776baBJoP/sZAAAAug4BGkrA1n23zmn9m2++mWgSaD/7GQAAALoOARpKQM+ePWOX
XXbOvH7x4sUJp4H2sZ8BAACg6xCgoUTs9OnPZF77wgsvJJwE2s9+BgAAgK5BgIYSUVOzW+a18559
NhoaGhJOA+1jPwMAAEDXIEBDiaitrc28dv369fH8888nnAbax34GAACArkGAhhKx6y675LT+sSee
SDQJtJ/9DAAAAF2DAA0lYocddoidd/7HzOunT78v3n333YQTQdvZzwAAANA1CNBQIrbYYos4ZNgh
mdevWrU6Hnr4oYQTQdvZzwAAANA1CNBQQg444ICc1v/4J7fG6tWrE00D7WM/AwAAQOcnQEMJ2Xuv
vWOXXXbOvH7JkiUxbdq0hBNlt3HjxmKPQAdjPwMAAEDnJ0BDC8rKynJa39TUlGiS9/Xo0T2OOfrY
nM754fXXxdKlSxNNlM3KlSvjlFNPjT/84Q9FnYOOxX5uWUf7/gEAAIC2EKChBd26d89p/bp1axJN
8qFDhg2LrbbqnXn9qlWr4/Irr4z33nsv4VTNW7NmdVw8/pKYM3dunHDSSTF9xgyhjL+xn5vXEb9/
AAAAIFcCNLSgZ4+eOa1ftTp9ANpmm0/F6aedntM5jz/+eNx8yy2JJmre2rVrYvyEifHUU09HRMS6
devi4ksuiauuvjrWrltb8HnoeOzn5nXE7x8AAADIlQANLdiqIvuTmRHvv6O2EI495pjo169fTufc
OGlS3Dt1aqKJNtXQ0BAXXXxJPDhz5ibHfvqzn8XYs8+JN958o2Dz0HHZz5vXUb9/AAAAIBcCNLSg
b5++Oa1/8cUXE03ycX379o3zzj035/MmXnpp3HPvPQkm+rilS5fEGWedFb9+6KFm1zz99NMx8oST
4vnnX0g+Dx2b/bx5HfX7BwAAAHIhQEMLysvLY5ddds68/p5774m6urqEE31oxPDhMXTIkJzPu/Tb
34nvff/7sXr16rzP1NTUFA89/HCMPOGkeOGF1kPcsmVL44yzzoi33vrfvM9CabGfN9WRv38AAAAg
KwEaWvG53ffIvPavf307rr7m2mhsbEw40fu6desWF190UWy99dY5n/uTW2+NE08+JZ6ZMydvP6D2
2mt/jgsvvjjOO//8ePMvb2Y+76ILL4xttvlUXmagdNnPm9dRv38AAAAgKwEaWrHnHtkDUETE1GlT
46xRo+K3v/tdvPfee82ua2xsjGXLlrVrturq6rjmqqvbdO5LL70YJ59ySow5++yY/cjsWLs29x8w
a2xsjGefey4u/fZ34v8e+q9x//3353T+EYcfEUccfkTO96Vzsp831ZG/fwAAACCL7sUeADq6f/qn
vXM+53fPPBO/e+aZqKqqiv332y922GGH6N27d6xduzZWvvVWvPbqq/E/f/if2H+//eOGH/2oXfMd
dNDnY8L4CXHFlVe06fxHH300Hn300fjkJz8RXxj8hRgwYEDsuOOOsf1220Xv3ltFr17lsXHjxliz
dk2sWb02/rLyL/H664tiwcsvx0MPPRwrV65s032HDhkSE8ZfHGVlZW06n87Jfv64jv79AwAAAK0R
oKEVNTU1sesuu8YrC1/J+dwVK1bEfdOnN3s8X68LOO7YY+Ltt/8aN06a1OZr/PWvb8f0GTNi+owZ
eZmpJQfsv3/853/8R/TqtWXye1F67OcPlcL3DwAAALTEKzigFd27d4+jjzoqybU35ikAlZWVxdgx
Y+Lcc87Jy/VSGjpkaPzwBz+IioqKYo9CB2U/f6gUvn8AAACgJQI0ZDB8+GGx/Xbb5/26GzZsyNu1
ysrKYtRZZ8XECRPzds18O+7YY+J7114Tffr0KfYodHD284dK4fsHAAAAmiNAQwYVFRUxfvzFeb/u
xo0b83q9srKyOO7YY+LOn/0sqqur83rt9igvL48J4yfE+EvGR3l5ebHHoUTYz+8rle8fAAAA2BwB
GjI6eOjBMXbMmDxfNc0/gR84YED8/K4p8W9H/luS6+fis7W18fMpU+L4446NLbbwlUPu7OfS+v4B
AACAj1KDIAdjx4yJiy68MLp3z8/vd27ckO4JxG37bRuXffc7cdutt8Zee+2V7D7N2Wqr3nHeuefG
z37609h9990Lfn86F/u5tL5/AAAA4AMCNOSgrKwsTjrxxLjrzjtjt113a/f1CvFP4A/Yf//4+ZQp
cctNN8XnP39g8vtFRJx80knxwP33x6izzvJjg+RVV97Ppfj9AwAAAPl5jAq6mL322iv+38/vipm/
/nXcfsftsXDhq226TqF+BKxbt24xePDgGDx4cCxc+Go8/sTjcf/998f8BQvydo+hQ4bEsC9/OQ44
4IDo169f3q4Lf6+r7+dS+/4BAACgayure6fBSyChHRobG+PZ556L559/Pp5++ul49rnnml1bVVUV
e3zuc1FbWxt77bln7LnnntG3b98CTvuhpqamWLFiRcxfMD/++Mc/xWuvvRYLF74aryx8pdVzd//s
Z2OPPfaM3XbdJT796Z2ipqYm+vXbpgBTw+Z11f1cqt8/AAAAdB0CNOTZe++9F/X1DdHQUB+Nje9F
z549omd5z9i6b9/o1WvLYo/XqsbGxqivb4jGxnWxdu262LBhQ2y5Za8oL+8VvXtvGeXl5dGtW7di
jwmZdLX9XOrfPwAAAHQ+AjQAAAAAAEn4EUIAAAAAAJIQoAEAAAAASEKABgAAAAAgCQEaAAAAAIAk
BGgAAAAAAJIQoAEAAAAASEKABgAAAAAgCQEaAAAAAIAkBGgAAAAAAJIQoAEAAAAASEKABgAAAAAg
CQEaAAAAAIAkBGgAAAAAAJIQoAEAAAAASEKABgAAAAAgCQEaAAAAAIAkBGgAAAAAAJIQoAEAAAAA
SEKABgAAAAAgCQEaAAAAAIAkBGgAAAAAAJIQoAEAAAAASEKABgAAAAAgCQEaAAAAAIAkBGgAAAAA
AJIQoAEAAAAASEKABgAAAAAgCQEaAAAAAIAkBGgAAAAAAJIQoAEAAAAASEKABgAAAAAgCQEaAAAA
AIAkBGgAAAAAAJIQoAEAAAAASEKABgAAAAAgCQEaAAAAAIAkBGgAAAAAAJIQoAEAAAAASEKABgAA
AAAgCQEaAAAAAIAkBGgAAAAAAJIQoAEAAAAASEKABgAAAAAgCQEaAAAAAIAkBGgAAAAAAJIQoAEA
AAAASEKABgAAAAAgCQEaAAAAAIAkBGgAAAAAAJIQoAEAAAAASEKABgAAAAAgCQEaAAAAAIAkBGgA
AAAAAJIQoAEAAAAASEKABgAAAAAgCQEaAAAAAIAkBGgAAAAAAJIQoAEAAAAASEKABgAAAAAgCQEa
AAAAAIAkBGgAAAAAAJIQoAEAAAAASEKABgAAAAAgCQEaAAAAAIAkBGgAAAAAAJIQoAEAAAAASEKA
BgAAAAAgCQEaAAAAAIAkBGgAAAAAgP/P3p2HVV3m/x9/ITsiKosbKlCiKZm7mGXiVoqllmuNTWXL
lLbNdyrbprLdmmmmRaupJm2ZcmtVXHJByb1yxVJQATcUBJQdEX5/+BM9ns85nAPnAyjPx3V1XZ77
vj/3fXM0oxf3ed8wBQE0AAAAAAAAAMAUBNAAAAAAAAAAAFMQQAMAAAAAAAAATEEADQAAAAAAAAAw
BQE0AAAAAAAAAMAUBNAAAAAAAAAAAFMQQAMAAAAAAAAATEEADQAAAAAAAAAwBQE0AAAAAAAAAMAU
BNAAAAAAAAAAAFMQQAMAAAAAAAAATEEADQAAAAAAAAAwBQE0AAAAAAAAAMAUBNAAAAAAAAAAAFMQ
QAMAAAAAAAAATEEADQAAAAAAAAAwBQE0AAAAAAAAAMAUBNAAAAAAAAAAAFMQQAMAAAAAAAAATEEA
DQAAAAAAAAAwBQE0AAAAAAAAAMAUBNAAAAAAAAAAAFMQQAMAAAAAAAAATEEADQAAAAAAAAAwBQE0
AAAAAAAAAMAUBNAAAAAAAAAAAFMQQAMAAAAAAAAATEEADQAAAAAAAAAwBQE0AAAAAAAAAMAUBNAA
AAAAAAAAAFMQQAMAAAAAAAAATEEADQAAAAAAAAAwBQE0AAAAAAAAAMAUBNAAAAAAAAAAAFMQQAMA
AAAAAAAATEEADQAAAAAAAAAwBQE0AAAAAAAAAMAUBNAAAAAAAAAAAFMQQAMAAAAAAAAATEEADQAA
AAAAAAAwBQE0AAAAAAAAAMAUBNAAAAAAAAAAAFMQQAMAAAAAAAAATEEADQAAAAAAAAAwBQE0AAAA
AAAAAMAUBNAAAAAAAAAAAFMQQAMAAAAAAAAATEEADQAAAAAAAAAwBQE0AAAAAAAAAMAUBNAAAAAA
AAAAAFMQQAMAAAAAAAAATEEADQAAAAAAAAAwBQE0AAAAAAAAAMAUBNAAAAAAAAAAAFMQQAMAAAAA
AAAATEEADQAAAAAAAAAwBQE0AAAAAAAAAMAUBNAAAAAAAAAAAFMQQAMAAAAAAAAATEEADQAAAAAA
AAAwBQE0AAAAAAAAAMAUBNAAAAAAAAAAAFMQQAMAAAAAAAAATEEADQAAAAAAAAAwBQE0AAAAAAAA
AMAUBNAAAAAAAAAAAFMQQAMAAAAAAAAATEEADQAAAAAAAAAwBQE0AAAAAAAAAMAUBNAAAAAAAAAA
AFMQQAMAAAAAAAAATEEADQAAAAAAAAAwBQE0AAAAAAAAAMAUBNAAAAAAAAAAAFMQQAMAAAAAAAAA
TEEADQAAAAAAAAAwBQE0AAAAAAAAAMAUBNAAAAAAAAAAAFMQQAMAAAAAAAAATEEADQAAAAAAAAAw
BQE0AAAAAAAAAMAUBNAAAAAAAAAAAFMQQAMAAAAAAAAATEEADQAAAAAAAAAwBQE0AAAAAAAAAMAU
BNAAAAAAAAAAAFMQQAMAAAAAAAAATEEADQAAAAAAAAAwBQE0AAAAAAAAAMAUBNAAAAAAAAAAAFMQ
QAMAAAAAAAAATEEADQAAAAAAAAAwBQE0AAAAAAAAAMAUBNAAAAAAAAAAAFMQQAMAAAAAAAAATEEA
DQAAAAAAAAAwBQE0AAAAAAAAAMAUBNAAAAAAAAAAAFMQQAMAAAAAAAAATEEADQAAAAAAAAAwBQE0
AAAAAAAAAMAUBNAAAAAAAAAAAFMQQAMAAAAAAAAATEEADQAAAAAAAAAwBQE0AAAAAAAAAMAUBNAA
AAAAAAAAAFMQQAMAAAAAAAAATEEADQAAAAAAAAAwBQE0AAAAAAAAAMAUBNAAAAAAAAAAAFMQQAMA
AAAAAAAATEEADQAAAAAAAAAwBQE0AAAAAAAAAMAUBNAAAAAAAAAAAFMQQAMAAAAAAAAATEEADQAA
AAAAAAAwBQE0AAAAAAAAAMAUBNAAAAAAAAAAAFMQQAMAAAAAAAAATEEADQAAAAAAAAAwBQE0AAAA
AAAAAMAUBNAAAAAAAAAAAFMQQAMAAAAAAAAATEEADQAAAAAAAAAwBQE0AAAAAAAAAMAUBNAAAAAA
AAAAAFMQQAMAAAAAAAAATEEADQAAAAAAAAAwhUdtbwAAcGnLzs7W8hXLDftihw1Xw4Z+Nbwj19u4
aZPS0lKt2lu3bqOr+/SphR0BAAAAAFA3EEADAEx1/HiWnnv+BcO+/v37XxIBdHx8vGbNnm3VPnHi
RAJoAAAAAEC9RgANAKj3SkpKtH3HDmVmZiogIEBdrupySQTjAAAAuHgk7tpl8TqqU6da2gkAuBYB
NFDPJO9N1gcffljb2zD01NSnFBQUWO15Dh8+rLf+/S+7Y26bcJu6d+9W7bWq6o/du/XxJx/bHXP/
X/6idpe3q6Ed1V/HMo5p8pSHlJi4s6ItNLS1Zrz3rjq0b1+LOwMAAAAA4OJHAA3UM3m5eVq0KK62
t2Hob//3fy6Zp6CgsNKvsUED91oNoL/99ttK9zjxtj/V0G7qt/fem2kRPkvSoUMH9cK0afps1ix5
enrW0s4AAAAAALj4NajtDQBAbfjxxx915MiRWln7xIkTWvDNglpZG5ZKSkr0w48/GPZt3bpVqalp
NbwjAAAAAAAuLQTQAOqtpcuW1cq6K1etUn5+Qa2sDUslJSUqLi622V9YyO8TAAAAAADVQQANoN76
6uuvderUqRpds7y8XHPnzavRNWGbv7+/unTpYtgXEBCgsLCwGt4RAAAAAACXFmpAA/VMYGCg/nLf
fVV+/tDhw1q4cKFh359uu1X+/o2qPLefr1+Vn62KtLQ0bdy4Sddee02Nrbljxw5t3bq1xtZD5R77
299016RJKi0ttWh/6sknFRAQUEu7AgAAAADg0kAADdQzbdu21aOPPFLl5zdt3mwzgL7rzrsUGhpa
5blrw3c/fFejAfTCRYtqbC04pmePHprz9df66aefdORIugIDmyomJka9e/Wq7a0BAAAAAHDRI4AG
UK8tWhSnvz7yaI0E5ydOnNA3335j+jpwXqeOHdWpY8fa3gYAAAAAAJccakADqPeWLF1aI+usWLmS
ywcBAAAAAEC9QgANoN5o2NC4xvScuXNVUlJi6tr2Lh/09vY2dW0AAAAAAIDaQgANoN4YOHCQYamN
AwcOaOPGjaauvX37dm3bts2q3cfHV7HDhpm6NgAAAAAAQG0hgAZQb7g3aKDx48YZ9n33/Xemrr0w
Ls6wfeyY0WratKmpawMAAAAAANQWLiEEUG+UlBRr2NAb9Na//mXVF7d4if766KNq3bqNy9fNycnR
/PkLDPtG3HSjvvv+e5evacvRY0eVtCdZh48cUmbmcRUVFcnNzU1+fn4KDg5Wq1at1KF9BwUG1m4o
npGRqd27/9CBg4eUlXVmn56engoICFDr1qFqH9lebdq0kZubW63uszac/T1MTU1RzokTKioqko+P
jxo1aqQWLVooIiJcEeER8vDgP/EAAAAAgNrH/50CqDeKiorVunUbxQ4bqrjFS6z6lyxdpnvuvtvl
665YuVJFRYVW7T2691BU1JX6eo5xbWhXyc7O1rKfftJ333+vrVu3OvTM1X366KabbtKQwYPl7+9v
6v7OKi0tVfzq1Zo3f77WrFlT6fioqCiNHzdWw2OHy8/PuL63I/7xz3/qy/99ZdU+ftxYPTl1apXn
daXi4mItX7FS3//wvRISEiod37xZc9188yjdOPxGXX75ZTWwQwAAAAAAjFGCA0C9UVRcLEm6edTN
hv1fz3H9ZYT2Lh8cP26s3NzcVFRc5NI1zyopKdEXX3yh2Btv1AvTpjkcPkvS+g0b9PQzz+imESM1
f8F8lZaWmrLHs3bv2aM775qkhx5+2KHwWZISExP13PMvaMy4sVq/YUOV1z59+rSKigqt/jldVlbl
OV2lvLxcy1es0Nhx4/XY4485FD5LZ05Jf/Dhh7pxxE2a/sYbysvLM3mnAAAAAAAYI4AGUG+cPYUc
HR2t8PAwq/5Dhw5q/fr1Ll1z+/bt2r59u1V7QECABgwYIEkqLip26ZqSdOjQId1733165bXXlJOT
U+V50o+m6+/PPa8pDz2kjIxMF+7wnOUrVmjCrbfp199+rdLz+/enaNLdd+vLL7908c5q18mTJ/XC
tBf10MMPKyk5qcrzzJo9W7f/+c86cOCAC3cHAAAAAIBjCKAB1BuFBWcCaE9PT40fN95wzLffufYy
wh8XLTJsHz9uXEVpC1efgN69Z4/uuOsubdq82WVzrlmzRnfdfZfS0tJcNqck/bRsuR56+GHDEiXO
evnVVw1LaVyMMjOPa/KUBzV33lyXzPfH7t265777dCT9iEvmAwAAAADAUdSABlBv5BcUVPz6hhuu
1/Q33rAas3TZMqWlpalt27bVXi87O1sLFnxj2Dd8+PCKXxcVVj98PSstLU1THnxQhw4dsjnG29tb
115zrdq3j1Tjxo1VVlam7Oxs7fp9l9auXWfzub1792nKQw/qo//8Ry2at3DJfl9+9RXD9pCQEHXv
1k1Nm565DPHwkSNKSUmpNAB/+ZWX1b59pHr17OmS/dWGnJwc3T95shITd9oc06RJEw2IiVGrVq3U
qFEj5eTk6MiRdK2KX6WTJ08aPpOWlqann35G//nwQ3l6epq1fQAAAAAALBBAA6g3CgryK37dskVL
jRwxUt//8L3VuCVLl+q+e++t9norVq4wPNl7zTV91aF9+4rXhS4qwVFQUKCpTz1lM3wOCQnRQw9O
0Q3X36CAgADDMRkZmVq4aKFmzJyh/PwCq/7k5L169u9/14x335O3t7dL9n2+WyeM1+hbRqtjx45q
0MDyQzrl5eX6/Y8/tHz5cn308cc261JPf+MNffn556bsz2ynTpVq2osv2gyfIyLC9fBDDysmpr98
vH2s+ouKCrVu/XpNf+NNw7B+w8aN+uHHHzX6lltcvncAAAAAAIxQggNAvZGTc8Li9ahRIw3HfT1n
TrXLYpSXl2vO3PmGfWPHjLV4XVRkHfRWxQcffmjzosFrrrlG8+fN1dgxY22Gz5IUEhKsu+68U/Pn
zldU1JWGY9auXafPv/jcJXs+y9/fXx//5z967u/PKSoqyip8liQ3Nzd16thRDz/0kD6fPduwjrd0
5nLC+TZOntd1c+fO1ZKlSw37hg0dqrlfz9HQG24wDJ8lycfHVwMHDNScr75S7169DMe8/c47ys7O
dtmeAQAAAACwhxPQqFXzF2/RmGHdansbqCdKS0tVWloqD48zf/X17NFDke0irS54O3LkiNatW6eB
AwZWea1t27Zp584dVu0hISG6rt+1Fm35edUPoHft2qWPPv7YsK9njx7691tvVdScdkR4eJhmznhX
d99zj5KT91r1v/3Ouxo0cLAiIsKrvOezmjRpopnvzVC3bl0dfqZr167611v/0oRbb1VxsfUJ8vdm
vKebbhxuN2yvaw4ePKh/vf0vw75hQ4fq9ddek5eXl0NzNWnSRK+/9ppuve1POnrsqEVfRkaG5s2f
75JT/gAAAAAct3pTkjZvS1NBYdU+Bevn661eXdqqf+9IF+8MMBcnoFFr5i/eonlxW2p7G6hnSktP
Vfzaw8ND48eNMxz3zTfVu4xwYZzx5YPjxo6Vr6+fRVtunnHNXmfYCp99fHz18ksvORU+n9UspJle
fvElw77S0lJ9OmuW03MaeeP1150Kn8+6okMHPfH4E4Z9OTk5+tlOPeu66NNZnxqWPYmICNffn33W
4fD5rJYtW+r++/9i2Dd/wQKdOnXKsA8AAACAaxUUlmjq699p5ucJ2rw9VYlJ6VX6Z/P2VM38PEEv
vhOngsKS2v6yAIcRQKNWED6jtpw6ZVk3+Prrr684EX2+FStXKDU1tUprnLl88FvDvuGxwy1el5eX
G4aOzti9Z4/Nsg333nO3wsKMS1U4okuXLjZD+nnz5+ngwYNVnls6U46kX79+VX5+1MgRNi9EXLRo
YZXnrWlHjhzR3HnGJVsenPJQxWWMzhpx000KCQmxaj9w4IB+/e23Ks0JAAAAwDn/+Gi5Ug5luWy+
xKR0zfwiwWXzAWYjgEaNI3xGbSoutvwpcUhIsG652fhCtsVLllRpjeUrlhtePjho4CCrkhUlJdX/
qfWyZcsM2wMDm+rWCROqPf89d08yDOklaamNtZ2Zuzr8/Pw0ceKfDPtWrlqlI+lHqjV/TVkUF2d4
qWL7yPYaMnhQlef18/OzeeHg6tWrqzwvAAAAAMekHDyuxKR0l8+7eXuqMrJyXT4vYAYCaNQowmfU
tlOl1oHviBE3GY6dM2eu05cRlpWVae68BYZ9o0ffbL2fU9aho7PrLVxkXO5j1MhRVT45e77Wrdvo
hhuuN+xbsrR6AbSPr/Fles7od0FN7fMlJyVXe/6asGLlSsP2m266UZ6entWa+9prjd+fX37lBDQA
AABgtl92pJk29+bt5s0NuBIBNGoM4TPqglKDwLdb166Kioqyak8/mq61TtYR3rZtu+Hlg6Ghoep7
dV+r9lOnqncCet++/UpLM/6mY+DAql+ieKFhQ4cZtu/cuaPWTxm3u7ydwsONy4wkJdf9APrw4cPa
unWrYV/fvtZ/ZpzVoX0HwxPsO3fuUF5eXrXnBwAAAGBb4h7z/n8p5YDrynoAZjL+TDXgYoTPuNCX
//tK23dsr/Lz7g0a6NVXXnH6uZIS64vXGjRooPHjxuq55xOt+r755hsNciLIXRRnXHd4wvjx8vb2
tmo/VVq9i+CS9xoHrD4+vup85ZXVmvt83bp2s72HpGS1bNHSZWs5q0GDBrqmb1+lpFjX7P79jz9q
YUfO2bdvn2G7t7e3Lr/ssmrP7+/fUJdFXKY9SXus+lJS9uvKKztXew0AAAAAxsy8LJASHLhYEEDD
dITPMLJvX7J++OGHKj/v4+NbpQDaVuA7eNBgvfradKvazStXrdL+/SlWtZuNZGVla8E33xn2DRs6
1Hg/BoG4M1JSUgzbe/bsIS8vr2rNfb7AwKZq1+5yJSfvteqzdQK7JkWERxi279ltHbrWNalpBwzb
u3bpYvhDi6oIC2trGEBnZWW7ZH4AAAAAxuxdPvjYvYPk52v/e/6CwmL946MVTs8N1CUE0DAV4TPq
mlIbJS+aNm2q0aNv0ZdffmnVF7c4TlMmT6507hUrjS8fHD58uEJDQw2fMTqR7Yz0dOPLLDp17Fit
eY10uaqrYQB9+EjtX/TXKrSVYXvm8Ywa3onzDh40DqCTkpM04bbbXLJGaqr16XBJyssvcMn8AAAA
AKxVdkK511XGpQQdZebpasCVCKBhGsJn1EXFdgLfETfeaBhAz5s3X3dPwj6/fQAAIABJREFUuks+
Pr42ny0rK9OcufMN+24ZNcrmc0aXIjojMzPTsL1x48bVmtdI06ZNDNuzsmr/p+7+/o0M27OyslVa
WmpYA7muyM01/qY0Kyvb9BPK+fl8ZA8AAAAwy7Hj+Tb7wkMDHZ4nPDTQ5mnnxKR0RUW2cHpvQE2q
u/9Hjosa4TPqqtJS60sIz+rcubO6d++m336z/LN79NhRJfy8VkMGD7b57Nat25SYuNOq/fLLL1Ov
Xr3t7Oe0A7u2rbCoyLC9USP/as1rPKdxyJuXZ/ubqpri6+Njs6+oqEj+/q5/P1ylNi8CLCiwPrEP
AAAAwFJBYYlmL9ioTdtTK04d97oqTDF92qlnZ9unmFMPHbfZFxxo/P9XRvx8bZdXLCgstvvsLztS
Fb8hWYlJR1RQWKKQwEbqdVVbjY3tZndewJUIoOFyhM9wxPDYG9WjR68qP9+ggVuVnisrK7PZ5+bm
pnFjx1oF0JI0f8ECuwH0wkU/GrZPGDdenp62/6ott7MfR5QUG3+z4cr6z2f5+hqHvKdPVy9EdwUv
b9tfb1FRcZ0OoPMLaq8Mhr1/HwAAAABIKQePa9o7i63KXWzenqrN21MVEthI/aPbKaZPO4WcFyon
JqVr9YYkm/NGtHH8BHRU+5balWxcfnF+3Bb5+XpbnILOyMpV/IZkrd6YbFUGJCMrV3Hxidq8PU3P
PzLUYs+AWQig4VKEz3BU9+7dansLhgYOGCh/f3+rU6lr1qxRcvJetWt3udUzx49n6ZtvrS8f9PDw
0PU3XG/aXiXJ09PTsL2kxPW1wIqLjef08HB3+VrOsneZo7edcBoAAAAA7Hn/iwS7tZYzsnI1f/EW
zV+8peJU9OZtaYrfaDt8lqTgQMcPydgbm3IoSy++E6eY6Ej16tJW8RuStXm78R0wF+77H/9ZoelP
2i4ZCbgKATRchvAZl4JGjRpp3Nix+u+nn1r1LV22VO3aWV9GuGLlchUbnEQeOWKkmoU0M2WfZ/n5
+Rm2m1EW4+TJk4btvjb2UJNslSKRZLd2d13gZeOHCBMnTtSIG280de3gkGBT5wcAAAAuZnHxiTZr
Lxs5eyraEc6cPHZkbPzGpEpD7wulHMpSXHyiYmOinHoOcBYBNFyC8BmXkuHDhxsG0HPmztWku+6U
r++5wLWsrExz5xlfPjhq1EjT9nhWYGCQYbutsLg6TpwwnjMo0PGPjpmlIN84cA8MbGq3BEpdYCvA
9/XxUefOnWt4NwAAAACkM3Wfzcw5Ilo7/v9Rzox11ry4LYqJjqQeNEzVoLY3gIsf4TMuNZ06dlSf
6Gir9oyMDCX8vNaibcvWrUpMTDSco1vXrqbt8awWLZobtu/evcfla+3cucOwvXlz4z3UpAMHDhq2
N29W+3urTPNmxqfk048ereGdAAAAADhr7qLf7JbeqC5nAl8zw+GCwhLNXfSbafMDEgE0qonwGZeq
MWPGGrbPm2952nnhwoWG48aPHyd3d/NrI4eHRxi2b/5ls06dKnXZOidOnNCu33833kOY7Vufa8q+
/XsN2zt06FDDO3Feq5atDNs3b9pcJy54BAAAAOqblIPHtXj1LpfP6+fjqf69IzV9qvOflp0+daT6
9450+Z4kafHqXUo5eNyUuQGJABrVQPiMS1lM//4KDGxq1f7zzz8reW+ypDOXD377nfXlgz4+vho8
aIjpe5SkyEjrSxElKS8vT7t3GwfGVbFz506bfZdfbryHmlJWVqb1GzYY9kV16lTDu3HeZZdfZtie
fjRd+1P21/BuAAAAAHz2zUa7/f17Ryo81PGyGH4+nhob200zXhyvybf3U3hr41KK9oS3DtLk2/vp
vWljnQ6iw0MDK32msq8ZqA4CaFQJ4TMudQ0b+mnc2HGGfXFxiyVJy1cYXz44evTNhuG1GS6LuEyh
oa0N+1auinfZOkuX/WTY3vGKKxQaGuqydapiT1KS9u9PMey7vF27Gt6N8zq0t31KOz7edb+HAAAA
ACq3eXuqEpPSbfZ3atdCk2/vp+lPjqo4leznY3yx+Nnxbzw1SmOGdXNJKY2QwEYVQXSndi1sjjv/
tPX0J0edCb7thOaJSekOX6AIOIsAGk4jfEZ9ERs7zLB9ztw5ysvL09y5cw37R9x4k5nbsuDu7q4b
h8ca9n377XfKyzO+nM8ZGRmZ+tFGqZGhQ4fKzc2tynOfPJFb5WfPWrNmjWG7h4eH3XC3rggMbKoB
MQMM+z77/Avl5xfU8I4AAACA+mv2gk12++8Yfe6+oLOnkme8OF4PTLQOeO8YHa3nH4lVSGAjl+8z
JLCRnn8k1mI/0pnTzg9M7Gd42vrPo/vYnbOyrx2oKgJoOIXwGfVJZLtI9evXz6o9Kytbr0+fblgT
uWvXrurcuXNNbK/C9ddfb9iefjRdC75ZUO35P/v8MxUVFRr2DRlcvVIjM9+fqfLy8io/f/LkSc3+
bLZh3/DY4TV2Er26hg8fbtiekZGhr77+yiVrlJaW6o/du10yFwAAAHApmr94izKybB+S6d870rB8
hp+vl2KiIytORQ/r30nTp45UbEyUmduVJMXGRFWcxD572jkmOtLwtHVUZAu7pTgysnI1fzGZD1yP
ABoOI3xGfTRm9GjD9gXffGPYPmH8uGqdCK6KTh07atDAgYZ9M99/X4cOHary3H/s3q1Zs40D3hEj
RigiIrzKc0vS4iVLFLd4SZWfnztvrrKysg37hts4wV4XDYjpr5YtWxr2vf3OOzYvgHRUeXm5/v32
2xo7bpzmzZ9XrdAfAAAAuBRlZOVq0apEm/1+Pp66c0y0zf6zwlsH6c4xfapU57mqzp7EdmTNscO7
2i0ZsmhVogoKS1y5PYAAGo4hfEZ9dV2/a9W8WXOHxvr7+9sspWC2v9x3n2H7yZMn9cSTU5WXl+f0
nBkZGXrs8cdUWlpq2H/3pLucntPIM88+Y7OMhj2//Pqr/vnWvwz72rRpo169e1V3azXGz89PUyZP
NuwrLS3VY48/prS0tCrNXVpaqhkzZ+qT//5XpaWleu75F/TKq6+osJDSHgAAAMBZ8xZttRu8jh3e
3SU1nGtbSGAjDR94pc3+gsISzZrPhYRwLQJoVIrwGfWZj4+vxo0b69DY8ePGKSAgwOQdGevcubPu
uvNOw77fftuix6dO1ZEjRxyeb//+FP31//6mvXv3GfY/OGWK2ke2r9JeL1RcXKwpDz2kRYviHD6Z
u3btWj322OM2+//66KPy8fZxyf5qyoibblKfaOMTFfv3p+gvD9yvnTt3ODXnsYxj+uv//U0zZs60
aP/yf1/pscef4CQ0AAAAoDMX8K3elGSzPzjQ3/RyGgWFJdqVnK5dyemmn0COjYlScKC/zf7Vm5Ls
XsQIOMujtjeAuo3wGZBih8Xq3ffeq3ScrTq+NWXyAw9o8y+/GoaU8fHx2rlzhx5+6CENiBmo4GDj
j2YdPXZUy39aoX+9/S+bl9/17NHDZaefzyotLdVjTzyuVfErNWHCrepy1VXy9LT8WFhZWZl27UrU
wkVxmv3ZZzbn6tu3r64fUr3a1LXB09NTz/39OU3880TDsiIpKakaO36C7rrzTo2+ZbQuuyzCZrmX
7OxsLfvpJ33wwYdKP2r8jeOtE26t8XIxAAAAQF20eoPt8FmSJk+8zuVrFhSWaPXGZCUmHdHm7amG
Y3pdFaaoyJYaFtPJpWv7+XrpztHR+sdHK2yOWb0hSVGRLVy6LuovAmjYRPgMnBEeHqZBAwdpxUrb
/3G+uk8fdbziihrclTV/f3+98frrmnT33YahY2bmcT33/Avy8HhZ/a/rr7CwtgoODlZ5ebkyMzOV
kpKqVfGr7K7Rpk0bvf7aa/Lx8a32fhs29JMki6B7UdxiLYpbLH9/f/Xq2UtBQUFq0KCBjqQf0b59
+3Xo0EG7c/r4+Orxxx6Tu7t7tfdXGyIiwvWPN/+hByZPVnFxseGYT2fN0qezZqlTx47q3bu3goKC
1LhxgEqKTynzeKZ2/f671q1bZ7N0iiS99OI0XXvtNWZ9GQAAAMBFZfMO4wBYksJDA10exMZvTNL8
uK12LzyUpM3bU7V5e6oWrUrU2OFd7V4g6KxeV4UpPDRQKYeyjNfekSqpn8vWQ/1GAA1DhM+ApdGj
b7YbQI8Z41iZDrNFRIRrxoz3NGXKgzZPvpaWltr9Wmxp06aNZr43Q6GhodXdpiQpMrK97p40SQ89
/LBVX15eXqVhuJGXX3pJV3To4Irt1Zqr+/TRe++8o4ceeVRFRYU2x+36/fcqXU748ksvafQtt1Rn
iwAAAMAlxV7Ji5RDWZoXt0VjY7u5ZK2ZnyfYLfdhJCMrVzM/T9CuPel6YKJrQuF5cVtshs+S/fcE
cBY1oGGF8Bmw1vfqvgoNbW3YFxwcpJj+rv9IVlV16thRn82epe7dXfMNkiT1iY7W7Fmfql27y102
Z3BQsAYPGqR33n5b3t7e1ZrLw8NDr7/2qobHDnPR7mrXtddeq/99+YXL6mxLUsuWLfXJxx8TPgMA
AAAXCA8NtNs/f/EWvfhOXLVD2amvf+d0+Hy++I1Jmvr6d9XaQ0FhiV58J07zF9vPfezViAacRQAN
C4TPgDFvb29NGD/OsG/c2HHy8/Or4R3Z16ZNG33y8cea+sQT1boYMTCwqZ59+hl9+MEHatmipQt3
qIo61EMGD9acr79Wj+7dqzRP+8j2mv3pLI0cMdKV26t1Ha+4Ql/970s9+sgjFeVKqmrM6DH6+qv/
qe/VV7todwAAAMClY9iAyi8YTExK1xOvf6+Ug8ertMbMzxPsnjh2VMqhLL3/RULVnj14XE+8/r1D
FwwOd+A9ARxFCQ5UIHwG7Bs2dKj++dZbBu1189Stj7eP7rzjDo24aYQWL1mi777/3vCCQiNdunTR
zaNGaegNN6hx48am7K9JkyYVv+7Qvr1mffqpVsXHa+68efr5558rfb5Tx4669dZbdePwWJfUpK6L
/Pz89Jf77tOY0WO0ZOlS/bjwR23bts2hZ0NCQjQ8NlY33XijOnVy7aUlAAAAwKUkJjpSu/akV3o6
OSMrV1Onf68HJvZTTLTj9ZjjNyZV6+Sz0XwdI1s4vQdHg+vw0EDFxhBAw3XcTubkldf2JlD7ajN8
nvPupFpZF6iPjqQfUXJSsg4cPKSsrOMqKCiQm5ubfH19FRQUrNahrdQusp3LTzs761jGMf3x+x86
cOCgMo9nqqioSB4eHmrcOECtW7dR+8j2iogIl5ubW63uszYcPXZUSXuSdfjIIR07lqGioiKVlZWp
YcOG8vPzU2hoqNq2bavLIiLk5eVV29sFAACAgxJ37bJ4HcUhghrnTH3mmOhI3TE6Wn6+9r/nLigs
0ROvf1/phYPOCglspPemVX4XUUFhiWYv2Kj4jY59XZ3atdDj9w2u9OsCnMEJaHDyGahHWrZoWevh
siOahTRTs5Bmtb2NOql5s+Zq3qx5bW8DAAAAuORMvr2fOrVv4dBJ4fiNSfL18dSdY/pUOs7V4bN0
5jR2/MakSk9Bz/g8Qb/sSHVozrGx3TRmmOvuEgLOogZ0PUf4DAAAAAAAcEZMdKSmTx3p0CV8/g0r
v0w9cU/l9ZaravO2tErHRLSxf8GiJPn5eOqxewcRPsM0BND1GOEzAAAAAACApfDWQXrzyVHq1K6F
3XGOlKlw9PRxVbhi7vDQQD3/SKx6XRXmgh0Bxgig6ynCZwAAAAAAAGN+vl56/pFYhYfaPkEcFhpk
dw4zSm9cqKCwxG5/x3a2SzCeDZ/DW9v/OoDqIoCuhwifAQAAAAAAKledy/iOHc934U6M7T+YVeVn
/Xy9uGwQNYIAup4hfAYAAAAAAABQUwig6xHCZwAAAAAAAMdVVuLCnmZBDV24E2MRrSu/ZNCW6nxt
gDMIoOsJwmcAAAAAAADHFBSW6MV34pRyyHaJi8pqPIcENnL1tqxUVkLj9+QjNvtSDmXpxXfiCKJh
OgLoeoDwGQAAAAAAwDEpB49ryvNzlZiUbndcZlZepXP17Bzmqm2ZMndiUrqeeP17pRw87oIdAcYI
oC9xhM8AAAAAAACOWRy/S1Onf+/QqeC8/OJKx0S1b+GKbRnq1aVtpWP2H6j8ksKMrFxNe2ex4jcm
uWJbgBUC6EsY4TMAAAAAAEDlCgpL9P4XCZq1YIND4/v3jtSdY/pUOi4mOlLBgf7V3Z6V4EB/xURH
Vjpuyu391L935ePOfv3vf5Hgiu0BFgigL1GEzwAAAAAAAI6ZvWCjQyeA/Xw89cDEfpp8ez+H5vXz
9dLY2G7V3Z4VR+f08/XS5Nv76YGJju03fmMSITRcjgD6EkT4DAAAAAAA4Jj4jUkOhc/Bgf56/pFY
h04eny8mOtKhU8iO6t87skp7mD51pEOnsR19PwBHEUBfYgifAQAAAAAAHLd5W1qlY3p2DtObT45S
eOugKq0x+fZ+Cg8NrNKz5wsPDXT49LXVs62D9OaTo9SpXeV1qdcQQMOFCKAvIYTPAAAAAAAAzvll
R6rd/rGx3fT4fYPk5+tVrXWmPzmqWieh+/eO1PQnR1VrD36+Xnr+kdhKS3gkJqVXax3gfATQlwjC
ZwAAAAAAAOf5+Xja7AsPDdSYYa6r4Xy2HrMzFxMGB/o7VXfaEWOGdbN7ItveewI4y6O2N4DqI3wG
AAAAAAComl5XhWv1JuOSEymHspSYlK6oyMrLVjgqJjpSva8KU/zGJCXuSbd5Artn5zBFtW+h2Jgo
l6191ubtqUo5lGWzv9dV4S5fE/UXAfRFjvAZAAAAAACg6vr3ibQZQEvS+18k6L1pY126pp+vl2Jj
oirC5YysXB07ni9JahbUUCGBjVy63oVmL9hkt79/H9ddmghQguMiRvgMAAAAAABQPVGRLezWZs7I
ylVcfKKpewgJbKSoyBaKimxhevg8f/EWZWTl2uzv1K6FS098AwTQFynCZwAAAAAAANcYO7yr3brH
8+K2qKCwpAZ3ZI6MrFwtWmU/THdlrWlAIoC+KBE+AwAAAAAAuE5IYCMNH3ilzf6CwhLNmr+x0nkS
k9L1/hcJSjl43JXbsyvl4HG9/0WCEpPSKx07b9FWu0H62Nhupp/ARv1DDeiLDOEzAAAAAACA68XG
RGnVhiRlZuUZ9q/elKTYAZ0U3jrIor2gsESrNyZr0arEitIWm7analxsdw2L6WTqnhfH79KsBRsk
SfEbk84E6QOi1D+6nfx8vSzGJial26117efjacqFh4DbyZy88treBBxzqYbPc96dVNtbAAAAAACg
ViXu2mXxOqqTucEljG3enqp/fLTCZn9UZAs993CspDOB7pqNSYrfaDvUjYpsoQcm9nP5qeKMrFy7
p579fL3U+6owDYs5F5i/+E6c3VPSD0zsp5hoLh+E6xFAXyQu1fBZIoAGAAAAAIAAuu6Y9nacdiXb
DmpjY6K0eXua3Yv8zufn66XYmCgNHxBldSrZWRlZuZoft9Vu6H2h8NBAhbcOsvtMeGigpj85qlp7
A2whgL4IXMrhs0QADQAAAAAAAXTdkXLwuKZO/97l8xqdSnZmT4vjdzkVPDvjuYdjFRXZwpS5AS4h
rOMu9fAZAAAAAACgLglvHaT+vV1fiqKgsETxG5M07Z3FTj87dfr3poXPPTuHET7DVATQdRjhMwAA
AAAAQM27c0y0/Hw8TZm7oLDE1PHO8PPx1J1jeps2PyARQNdZhM8AAAAAAAC1w8/XS8MHXmna/PYu
A7zQ/oNZpu1j+MArXX5BInAhAug6iPAZAAAAAACgdo0Z1k3hoYEOj+/ZOUyP3TtIPTuHVTrW0QsM
HR3bqV0L3TE62qn9Bgf6KzYmyuHxQFV51PYGYInwGQAAAAAAoG54YGI/TXs7TgVFpwz7gwP9NaBP
pPpHt6s4SdzrqjAlJqXrswUblHLI+PRyZlaew3uwNzY40F9jY7spJvpMzerYmCilHDyuuFW7tHl7
is19+/l46vF7B8nP18vhfQBVRQBdhxA+AwAAAAAA1B3hrYM048XxmjV/Y0Wg6+fjqU6RrRTTp516
XWV82jkqsoX694lUyoKNhv37DzheViNxzxGbfQP6RFaEz+fvefLt/VRQGK1N21O1eFWiRRDes3OY
xsZ2VXjrIIf3AFQHAXQdQfgMAAAAAABQ9/j5emny7f0k9XPqubBQ2wFvQWGxw/PYu4SwY7uWNvv8
fL0UE30moC4oLNH+g1mKimzh8LqAq1ADug4gfAYAAAAAALi0NAtqaLNvV7LjlxDaKuMhSQ19PR2a
w8/Xi/AZtYYT0LWM8BkA6p/kvXv11ZwFFm0PTr5PTZs0qaUdAQAAAHC1szWhbcnIynVojD2U0cDF
gAC6FhE+42JQVlaurOwsZR3PUlFxiTw9PeXv7yd/f3/CMqCKcnPztHXrNou20lPGl4NcakpKSpSZ
eVy5eXkqKSlRQz8/NWrkr+DgYLm5uZm6dllZmbKyspSdnaOi4mK5e3jIz89X/g0bKrBpoBo0MHd9
AAAA1D/hoYE2TzA/+Py8as0dHOhfreeBmkIAXUsIn1GXlZaW6pdft2jduvXaun2n8vPzDceFBAer
S5fOuubqaHXufKXp4REA18vIyNTr0/9Z8bpv3z4afctIl65RWlqqtes2aE3CWiXu+l2nDML2xo0D
dNVVnTVk0AB16niFy/4+KSoq1oZNm7R+/SbtTExUUZFxrT1//4a6slMn9ezZXX379pG3F7eBAwAA
oPr8fM37vrIZATQuEgTQtYDwGXXZxk2bNfvz/+no0WOVjs3IzNTyFau0fMUqRUa206Q7Jqp9+8hK
nwNQd6xJWKuUtLSK1/fcc5dL50/c9bvefe8DZWRm2h134sRJJSSsVULCWl3ZqaMenPIXhYSEVHnd
srIyLftppebMm6+TJ+1/bFGS8vLytWHTZm3YtFmff/mVbp0wVkMGDazy+gAAAIAkRbVv6VS9Z2eE
hQaaMi/galxCWMMIn1FXlZSUaOYHH+mNf/zbofD5QklJyfr7Cy9pxcp4E3aH+qSsrFwHDh6y+Cc/
v6C2t3VJKisr1/Lz/p1t1aqFrujguh8iLVm6XM9Pe6XS8PlCO3f9rkf/9qSS9+6t0rp5efl6+ZXp
+uiTTx0Kny904sRJffDhJ/r3OzNUUuL47eQAAADAhXp2bmva3FHtW5o2N+BKnICuQYTPqKtOnTql
N/75b23Zss2qz83NTZ07X6k2oaFqGthE5WVlys3NU1LyXu1JStbp06crxpaWntbMDz6Su3sDxfS/
ria/BFxCSktL9Oj/PWHR9n9/fVjXXB1dSzu6dO36/XcdO3buB06DBw10WemLtes36qNPPrVqD2/b
VtHRvdSyZQt5e3spLz9fKfvTtHb9euXknKgYV1RUpJdffUNvvv6yUyeh8/Ly9fy0l5WSmmbV5+7u
rs5XRim0VSs1DWzy/8fnad/+VO3+fbeKT5VYjE/4eZ3Ky8v1yENTqA8NAACAKglvHaRO7Vq4/BR0
eGigel0V5tI5AbMQQNegMcO6acywbrW9DcDKrM++sAqfPTzcNWb0zbp+8CA1bhxg+Fx2To6++36h
Fi5abNH+/oefqHXrULW7/HLT9gyg+lauWl3xazc3N117zdUumTcrO1szZv7Hos3Hx0eT779Xfa+O
tg65Y6Q//Wm85syZr+9/XFTRnJubpy+/nqdHH5rs0Lrl5eV6d8YHVuGzp6enbp0wVoMGxMjfv6Hh
s/n5BVq2fIW+njNPpaXnfrD289r1Cgtrq1tGjXBoDwAAAMCFHr9vsKa9HWfzMkJnhYcG6vlHYl0y
F1ATKMEB1HNbtm7TkqXLLdoaNw7Q9Nde1tjRN9sMnyWpaZMmuuuOiZoy+T6L9tLSUn30yWyVlZWb
smcA1Zefn6916zdWvO7Vo7uCAl1TQ27Bgm9VXFxU8drDw13PPj1V1/TtY/OEtbeXl/58+21Wn55I
SFjrcFmgNQlr9cuvv1m0BQUG6q03X9PIm4bbDJ8lqWFDP9088ia98Nyz8vT0tOibO++bKpUmAgAA
AKQzFxFOf3KUHpjYTz07hym4CpcHBgf6q2fnMD0wsZ+mPznK1MsNAVfjBDRQjxUVFWvG+5anFL28
vPXsU08oPMzxOlUDY/orOWmflv50LshOTt6r9Rs3UTYBqKPWrtugU6dOVbweMNA1ZXNOnTql+DVr
LdqGXj9EHa9o79DzE8bdotVrElRefu4HWNt37tSQ5vYvBMzPz9cnn862aPPx8dYzTz+hVq0cr43X
8Yr2uv++SXp3xocVbadOndKCb7/X5PvvdXgeAAAA4EIx0ZGKiXbdnSvAxYIT0EA9lrB2rbKzcyza
Joy7RZddFuH0XOPG3iJvT8ufwC5fsapa+wNgnhUrz5XfCAhopO5du7pk3n37UlRUVGTR1v+6ax1+
PiQkRGFt2li0JSVVfhlhws/rrS6rHDd2tMLatrHxhG39r+unjh0sA/OfE9ZxGSYAAAAAVAEnoIF6
qry8XHFxSy3agoODNXTo9VWar0mTxrqu/7X6afnKirYdO3YqOydHTZs0cXq+rOxsncjJUc6Jk2rg
1kCNAhopKDDQbkmQ6iovL9fRYxnKzs5Rfn6efH19FRwUpObNm120a2VmZir96DEVFRXJz89PAY0C
1KxZkLy8vF22xunTp5WRkamTJ08qNy9PHp6eCvBvqFatWsrb28dl67hCTbwfmZmZOp6VrbzcPPk2
9FOTgMZq2bK5yy73c4X9KalK3nsu1B04oL88PFzzLUFWdrZVW+vWrZyao3XbUKWknavjnJ2TY2f0
mX+fli77yaKtaZMmGnbDYKfWPcvNzU033hir33fvqWgrPlWirdt38KkOAAAAAHASATRQT+3bt19p
Bw5atA0eFCNvr6rXkYru3dMigC4vL1dScrJ69+zp0PPZ2Tn6aflKrd+w0WpvZ112WYT69O6l64cM
UqNGjtfN+mrOfK1e83PF6+sHD9AtN4+UJOXknFDc4qVak7BWGZmQ7R/mAAAgAElEQVSZVs8GBQZq
6A2DdcP1Q9SwoV+dWstIXl6+liz7SStXrTasW+vt6aXu3bsoJuY69ezRvUprSNKOnYlak7BOmzZv
Vl5evlW/h4e7OnW8QkMGD1Kf6F5q0MD4Qzdv/ftd7Tn/hGu5de3wjz/5VJ9/8ZVF2zNPPaY2rVtX
us+aeD9KSkq0bPlKrVq52iI4PSuwaVNdc83VGjlieJV+IONq5//5lM6c+HWVDh0iNe2FZyteu0lO
B/y+3r4Wr/MN/nydLzXtgNXfGdddd221frDQrWtnubu76/TpcxcSJiclE0ADAAAAgJMIoIF6avee
ZKu2vn2qF6xcftllVm0H0g5VGkCXlZUpbskyffX1XBUVFdsdu2/ffu3bt18/LFykP906XkMGD3To
ZGleXq4yMjIqXp89pZnw8zp99Mks5efbDriOZ2Xpy6/m6qcV8XrisUcVER5WZ9a60Mr41frkv59Z
lUA4X/GpEq3fuFnrN25Wzx7ddf99d6tpU8dD0ezsHH066zOtPe8COyOlpae1fUeitu9IVER4mP72
14fVsmULq3Enck5YvF9GTp7MlZRrOf959YttqYn3Y//+/fr3uzN18OBhm2OysrP148I4/bR8he6/
9275O/HDE1crKSnRqvhz5Tfat49U2zaVB/mOCmzaVIFNm1ZrjhMnTli8Dgiw/8mHvXv3WbVF93Ls
B1+2eHv76Kmpf1NRcUlFW5PGjas1JwAAAADURwTQQD31x+7dFq8DAhopNNS5j8lfKCCgkZ5+8jGd
Ljt3YjAkKMjuM6dPn9bM9z9S/JoEp9bKy8vXhx/9V2kHDmrSnbfbPF1rS2FhseIWL7O6tMyeY8eO
6eVXp+vN6a84FbDVxFplZWX6+JPZFhdBOuKXX3/TS69k6MUX/i5//4aVjs/Kztbfn39J6elHnVpn
f0qqHpv6jJ5/9km1b2/+pRs19X7s379fz017RQUFhQ7NX1RUrH+/O7NaJ8+r69fftlqcWB88MKbW
9mKktLRUib//YdHWsWMHu8/s3bvf4rWbm5siIpz74Y2Rbl27VHsOAAAAAKjvCKCBeiop2fLEYLt2
l7tk3h7duzk1fsb7/7EqB+Dh4a5ePbqrW/euCmzaVOVl5TqelaXNv/ym37ZsVfl5JRoWL1kmSbpn
0h1OrfvLr78qfvWaitctWjTXNVf3UWhoK7k3cNfx7Cxt2bJNO3YmWjyXk3NCX309X1MeuLdOrfXp
Z19Yha1eXt4aOKCfOnXqpIBG/iooKFBa2kGtTkjQkSPnAuTUtAN66+139dwzT9pdo6ioWC++9JpV
+NykSWMN6H+dLrssQgEBjVRcXKzUtANavSbB4lRwUVGRXnvjn5r+6otq1uxcreuBA2PUpUvnitel
p09rztwFFmtc07ePwsPaWq5rJ5ivifcjOydH015+3Sp89vDwUJ/oXmof2U6NAxrrZG6uDh85rDUJ
aysusfvl19/szm2mFaviK37t7emlPtG9a20vRlav+dniUwLu7u6Vlr1I2mt5SWHbNq3lVY1yQgAA
AAAA1yGABuqpnBzLj7i3atmyxvewZs3PVuHzZRHhevThKYansYcMHqj9+/frrbff0+HD6RXti5cs
01Wdo9TbiY/cnz0B6u7urkl3/lnXDxlodYp65E3DtWXrNr355r9VfOrcx/DXJCRo4m3jHb4Q0ey1
fl673upCyY5XdNBfH31QQYGBFu3RvXtp5Ijh+uzLr7R48bKK9m3bdmjjps2K7t3L5jrzv/lOBw4e
smgbOCBG90y63eqywR7du2nUiBv13Q8L9eX/5lS0nzyZq08+/VxPTf1bRVv/6661eLakpNgqgI6O
7u1w7d2aej9mffaFcnPzLNqujOqkhx96wGodSbr9TxP0zXcLNX/Btw59HWbIzMzU1q3bK173vaZP
lWuNmyElNU3/nfWZRduwG4YoODjY7nM52ZaXFFb30xwAAAAAANdx7jPrAC4Jp06dUkmJZa1lPz9f
G6PNcfJkrj767yyLthYtmuu5Z5+yGx5FREToheeesbrIbeYHH6nQTp1fI96eXnp66mMaesNgmyU8
unXtottvv9WirbT0tPYkJdWJtfLz861Ke0RGttNzz041DEElycvLS5PuuF1dOl9p0f6/r+faXOfw
4SP64cdFFm09e3TXA3+52yp8PqtBgwa6ZdQI3TphrEX7L7/+pt27nXv/HFVT78eePUn6+ef1Fm0R
ERF6+qnHba7j7e2jW8eP0f333e3Il2KKNQlrLT5BMHBA/1rby/mKioq1eMkyPf3sNIs68K1bt9KE
C/78GLnwksKGfpWXTwEAAAAA1AwCaKAeMqpX29CvZk9BrlgVb7WPh6c8oEYOXM4WFBioB/5yj0Vb
bm6eVq1aY+MJY7fffqu6dr2q0nEDYvrL3d3dom3//tQ6sdbSn1b8/wv6znB3d9ejD02Wl5e33XUa
NGig224bZ9F28OBhJV9QyuCsZctX6vTpc7W9fXx89PCD9ztUe/vmkTdZXXK3boP9CwyrqqbejxWr
Vlu1PTjlPnk7UPZhyOCBuvaaqysd52plZeX6acW58hvNmzfTFR3s11Z2tbXrNmjWZ19q1mdf6tPZ
X2jG+x/p+Rde1h2T7tPH/52t4uJzP0SKiIjQC39/Rr4+xj/gOKukpMTiUwOS5Otr/xkAAAAAQM0h
gAbqodLTpVZtDRq4G4w0R1lZmRbFLbFo692zhzp0cPxyuh49uumKK9pbtP3w4yKL0532tGrVUjdc
P9ihsT4+3gpr28aiLTsnx8bomlurrKxccYstS00MjOmvFi2aO7RWu8svV0REhEXbho2/WI0rLinR
yvPqBkvS0BsGq2FDx06Zuru7a8jgQRZtO3bsdOhZZ9TU+1FSUqw1Cess2qJ791J427ZWY22J6d/P
4bGusuv333Xs2LGK10MGD1SDBm41uocdOxP148I4/bgwTgsXLdbKVfHauet3lZae+zvJz89Xt00Y
p9defl5NmzaxM9sZp06dsmrz9PR06b4BAAAAAFVHDWgANS41NVXZF9RsHTQoxul5hgwaoD/+2FPx
OiMzU4cPH3Go/mtAQCOHTu+e1bhJY4vXeXl5NkbW3FqpqSlW7+M11/RxeB1J6tWzm/bv31/xOmmP
dWmMfftSKi7PO+vaa/o6tc7ll1sGu+lHjqq8vFxubq4LQGvq/UhNPWBVwqbftc69H7Vh5Xmntt3c
3OrsnoODgtSkSWOHf5hUHdu371DRBb+X9jTyD1DHC37wBQAAAACwjwAaQI37Y3eyxWt3d3dd1TnK
6Xm6de1q1bbrjz9MuYDMy9OytEJJifWpy5pea/cey/IQbm5u6tC+nVNrRUSEWbzek7xPZWVlFoF5
crLl75e3p5dVSY3KdGgfqXlff261X1eqqfdj7/4Uq+eujOrk1Do1LT8/X+vWnyt70r1bVwUHBdXi
jmxLO3BQMz/4SN9894MenHy/qYHvfz75VEeOHHV4/JWdOmraC8+ath8AAAAAuBQRQAP1kFHwV1Ze
VmPrHzx4wOJ1WFjbSmv0GmncOEAhwcHKyMysaDt86Ei193exOHj4kMXrJk0aK3HXH07NcexYpsXr
kpJiFRYWWpTXOHwk3WJMeESYVZ1qRzhzCrwqaur9OHb0mMWY4KAgh2qX16a16zZYlKqorcsH75l0
hybdOVGSVF5eroLCIuVkZyspeZ/i1yRYXE6Znn5UL7z4ip6e+pi6dOlsc84GBn8WSwzKcgAAAAAA
agcBNFAP+fr6WrUVFlpfTGiWk7mWJSVaNG9W5blatmxuEUCfOHmyynNdbLKPZ1u+zs7Ry6++Ue15
CwosA9fcC97TxgEB1V7DDDX1fuTl51v0h4QEV3sNs61Yea78hr9/Q3Xv1qVW9uHh4aHzv/Xw9vZR
0yZNFBERoeuHDNLGTZv1znsfqKjozGWEpaWlevu9mXr7rTdthvyeHtbfyhQUFBiMBAAAAADUBgJo
oB7y9fGRh4eHxcVfhYVFNbZ+7gUBtKOX2Rm58NkTJ3OrPNfFprDYnN+z4uISi9f5F4R5ftX4/TLT
/2PvzqPrOst78T+SZVu25Nly4jGe5yGe4ylx4iQEwtTwY2ghCeWW371taXtbCoUyz3ALHSm3LV1c
oOWSNiWlQJpAcDzGNnY8z3PiQY4tT7ElS5Yl6/5BEyKfI1s6OltHx/p81vJaOe/e7/s+3j5Ha+V7
tp7dVtfj0jUBdGvev23hhRePxIGDv2pPcs/iu6JLly7XmZE7c+fMjo//aa/4xKc++2oP6JdfvhA/
e2ZpvO2ht6SdU1RUFCUl3Rv1Ka+qrEp77rUeffjdUVPTdA/o7//L43HymjveAQAAaBkBNHRQvXr2
jDNnz776+sQ1bRaS1HC1cbuP1vQCvratQ5bbCrdr9VfqbnxSBhqi8cPfrn0WXHu9xm11PerrG79/
C9vrBfkvy1esavT6rsWLclRJ80wYPzYW37Uoli1f+erYz59dHg/92pub/FkxYMAtjR4e+eLRI83a
a/asmdc9/uRTPxVAAwAAtJIAGjqooUOHNAqgDx06fJ2zm++XdyH+KrArKuoUXbsWNzqntLTxr9K3
5tflL15zp2N778WbTV2KG/fNnjB+XLz97Q+1et2y/o1bSnTv3r3R60uX2q5dS0u02fW45o7n9tzu
oba2NpYt/1X7jdGjRsXwYcNyWFHzzLtjTqMA+tSpU3HqVEXc0kS7nhHDb2sUQJ84cTKqqqra/d3p
AAAAHYEAGjqoCRPGxZat2159ffrMmaioqIiysrKM16ypuRyPvu//f/VX5yMi3vZrb4nf+PV3NDqv
R88ejV6fPnMm4z3PXDO3Z2mPJs68+fTs0bgXc0FBQUybMjnr+1wb6l9op3222+p69Lrm/Xvm3Nkm
zsy9jZu2ROVrvqS5d8niHFbTfANvvTVl7OTJk00G0KNHj4hnly1vNLZn776YOWN6IvUBAADQfAJo
6KDGjxubMvb8xs3x+gfuz3jNQ4cPNwqfIyJuuy31bsvBgwY2en344AtRX18fnTp1atF+1dXVUV5+
otHYwIEDmzj75tOnT+9Gr188ciSuXr2a0pakta4N/Y4cPRpXrzZEYWH7aj3RVtfj2ocOvvTSqaip
uRzF19yB3R4sfU0o27lz55g/b27ie7508lRUX/pV6N29e0mTwXFT0j0o9cp1WqxMnZz6RcOy5SsF
0ABAXpk0cWKuSwBIRHb/rxzIG2PHjI5evRrfMbr02eVx9WpDEzNubP2GjSljo0aNTN177JhGry9f
qY3de/e1eL8dO3elBN7jxo1p4uybz9gxoxq9rqq6FIcOZ6eVymuNGZ26z8mTJ1u0Rm1tbRw9drzR
n2v/7Vqrra7HqJEjGr1uaGiIPXv2Zn2f1jp9+nRs2fKr33KYP29um7SkePzxJ+KP/+Tjr/75+3/8
VovXSNfW5NrWPa81cOCtMWbM6EZj6zdsjIqKihbvDQAAQHYJoKGD6tKlSzzwuvsajR1+4cXYuGlT
RuvV1FyOFSsbP+xszJjRcWuaOx9HjhgeJSWN+wqvWLG6xXsuW954v169esZtw4a2eJ18NX7cuJSx
Z36+LOv7jB49Krp27tJobP3zqV82XM/effvjf/7Rh1/98/FPfqZVD59Mp62ux/Dht6Vcj7W/WJ/1
fVpr5arnGoX899x9V5vse+2d6EdePNriL7aOHjueZt1e153zhmt+ntXX18c/fuu7LdoXAACA7BNA
Qwd275K7o6iocSeeb3/3e1FVVdXEjKY9+Z9Px4ULFxuvf0/6frOdO3eOB+5vHBYtW74ijh8vb/Z+
Bw4cjF+s39Bo7PUP3J/1dgvtWc+ePeKOObMbjS1bvjIOv/Bii9Z5+eULsXZd0wFqt+LiWHTngkZj
P/nJU3HlypVm73FtYD169OgmzoxoiDTBdDPulm6r69GlS5e4866FjcaWr1gZFRWnm73HytXPtaim
lrp6tSGeWfqr9htlZWUxccL4RPd8xchr7hA/d/587N6zp0VrrLvms11WVhYDBly/jceCBfNi8OBB
jcae37gpnnr6mRbtDQAAQHZ1nKQGSNG3T594z2+8s9HYSy+djL/527+P2traZq+zd+/++JfHf9Bo
bPDgQbH4rkVNzrn/vnsahd8NDQ3x9f/9D1Fbe/mG+126VB3f+LtvNhrr2rlL3Lvk7mbXfLN461ve
2Oh1fX19/PXffCPly4CmVFVdii9++avx1T//q/g/3/nnqKtL32f3dfctafT67Llz8Z1/+r/N2uPg
wUPx05/+vNHY3dd5b3Tp3DmlH3hlVWWz9mqr63Htw/zq6urj7775rbh69eoN91i+clWsXJlsAL1r
9+44derUq6/vW3J3m305c/u0qVFU1Pjf7/9853tx+XJNs+bv2bMvVq9e02hswfwb967u1KlT/PZ/
f3/K+D9+69vxs2eWNmvv19q//0AcP556JzYAAAAtI4CGDu7BNzwQkyc1ftjFhuc3xp9+4rNx5Oix
686tq6uLZctXxmc++8Wor69/dbygoCB+633vTbm7+rX69+8fD7/7XY3G9u3bH//ra38V586fb3Le
6TNn4ktf+Wq8eORoo/FHHn139Ondu4lZN68xY0anBO9Hjh6Lz3zui3H02PX//Q4cOBgf+sjH4sDB
gxER8ZMnn4rv/HP6UHnkyBFxz92NQ9ennv5ZPP6Df79u6Lp16/b4zOe/3Oj9MXzYsJg7Z1aTcwoK
CqJPnz6Nxp7fuLlZPaPb6nqMHjUqFi6Y12hsy5at8ddf/99x6VJ12jl1dXXxxA9/FH/z9b+74d+j
tZYtW9no9Z2L5ie+5yu6d+8Wb3lT4y8CDh8+HF/88tfi7Llz1527dfuO+PKffa3Rv3Vxcdd444Ov
b9beE8aPjfdc83MlIuLvv/mt+OrX/rJZPaGra2risX/9t/j4pz6b8m856Jo7rAEAALixptMhoEMo
LCyMP/j934lPfOpz8dJLv3qw3OHDh+MPP/gnMWHc2Jg9Z1b079cvSnuUxuXLNXHxQmUcOnQont+4
JU6fOZOy5sPv+fWYOmXSDfd+w+tfFxs3b41t27a/OrZ589b4gz/8cNy9+M64fdqU6NO3T0RDxLmz
52Ljli2xbNnKqKlpfCflrJkzUu7Q7Uje9973xP79BxqF8i+8eCQ++KE/jYUL5sXsWTPj1lvKomvX
bvHyhQtx8tTJWLHyuUbXPSKiT+/e8ebrBH3v+Y13xubNWxp9QfDYv/xbrF//fNxz9+IYOXJ4lJaU
RO2VK3Hs2PFYufq52LRpS6M1unYtjg984H9E586dr/t3Gj9+TKxe/auWFps2bYnPff7LsWDhvCgt
KYmzZ8/H1CmTUloutOX1eO8j74nNW7Y1almzavWa2Lpte9x156IYPXJk9OhRGhcuXozj5eWxdOny
Gwaw2VBVVRXPrV336uvbb58WZWVlie/7Wm976M3xiw0b4tixX7XV2bFzV/zu730wltxzZ0ydMjnK
ysqia5cucenSpXjxyNFYs/YXsWXrtpS13vfeR1r05dJb3/zGuPDyhfjRT/6z0fjaX2yIdeufj8mT
JsbMGbdH3379okdpadTX10V1dU2cPXs2Dhw8FBue3xg1Nam/iTFtyuR47yO/0YKrAAAAQIQAGohf
tuL4zKc+Fl/+ytdS+uXu3rsvdu/d1+y13vH2h+LNb3xDs84tLCyMP/njP4yvfPUvGoV/VVVV8ZMn
n4qfPPnUDdeYOWN6fPAPP5D1B9rlk65di+MTH/tIfPErX41Dhw6/Ol5fXx8rVq6OFStv/IDH/v36
xcc/9ifXDSp79eoZn/zER+MTn/psVFb+KnQ9dPiFOHT42zfco0uXrvHxP/1QjBh+2w3PvXPhgli9
em2jsa3bd8TW7Tteff3xP/1w2gC6ra5Hnz6942Mf/VB8+rNfatQ65sKFi/Hja8LPay2+685YvmLl
dc/J1Jq1v2jUn3tJGz188LW6di2OT3/yY/HZz32p0W9S1NZejqeefqbZfZkffvevx5Imesk3paCg
IB595N3Rr3+/+PZ3/rnR3dQNDQ2xfcfO2L5jZ4vWfOD+JfHeRx++4RcnAAAApNKCA4iIXwZuX/jc
J+NNb3xDRmFu/3794iMf/qN459vf1qL5xcVd4yMf/qN44xseaNG8Tp06xVve9GB86IN/EF26dG1x
vTebPn16x2c//fGUNhnNcfu0qfHlL302hg4ZfMNzhw0dEp/7zCdj9OhRLdpj5Ijh8dWvfL7ZD8Kb
fvvtsWD+HS3a47Xa6nqMGzsmPvGxD0ffa1qGNKWgoCB+413viP/+/ve2uK7m+vlrHj5YUlISM2dO
T2yv6+nTu3d88QufafFn+5W5H//TD6f09G6JN77hgfhfX/pcjBnT9AMvb6Rf377xoQ/+z3j/b71P
+AwAAJAhd0ADr+ratTje+8i743X3LYmnf/bzWLX6uXj55QtNnl9UVBQTxo+LxXctjAXz52Uc0HTt
0iV+870Px5Ild8ePfvxkrN/wfFRVXUp7bklJSdwxd3a8+Y0PxpAh+rG+Vrfi4vjd335/PPiG18WP
fvxkPL9xU5PXMSJi4oTx8cYHH4g5s2e1KCAcNnRIfOnzn47lK1fFs8+uiD179zXZn3nE8NvizW98
Q8yff8d1e4Jfq7CwIH7/A78dQ4YMjn//4U/SPpyy4er1e0K31fWYOGF8/OWffyX+7Qc/jGeXr2h0
d/grioqKYvbM6fHOd/5/MXTIkIj45eetuQ/ma64XXjzyag/riF8+7LFrly5Z3aMluhUXx2++9+G4
794l8bNnlsaKVavSXp9XDB82LO67f0ksvnNRFBe3/oulkSNHxJc+/+nYtm1HPLt8RazfsOmGDzot
KuoUkydPjnlzZ8eiRQtyev0AAABuBgUXzlfe+KlOQId09WpDlJefiPIT5XH+/MtRV1cf3boVR0lp
9+jds1fcNvy2RMKZurq6eOGFF+PsuXNx/vzLUVBQEL169Yy+ffvEiOHDo1OnTlnf82ZUX18fh194
Ic6ePRcvX7gQdVfqolu34ujXr18MGzo0evXqmZV9Xn75Qhw5ejQuXLgYFy5cjC5dO0fvnr1ixMjh
zb4z+Hqqqi7F3r374tTp01FQEFFa2iOGDR0SgwcNjMLC5v8iT1tcj7q6uth/4FCcOXMmLl68GKWl
pdG7d68YM3p0VgLVG/n2d7/XqP3Hn33lCzFyxPDE922uV36mHC8/HpWVVVFbWxsl3btHj549YuSI
EVl7Tzalrq4ujhw9FidPVcTF/3oPFHUuiq5du0aP0tK45ZYBUVbWP7oInQEAALJGAA0AN4Ha2tp4
///4wKt3GI8cMTz+7CtfyHFVAAAAdHRacADATWDzlq1RXV3z6m8I3Hvv3TmuCAAAANwBDQAAAABA
QprfPBMAAAAAAFpAAA0AAAAAQCIE0AAAAAAAJEIADQAAAABAIgTQAAAAAAAkQgANAAAAAEAiBNAA
AAAAACRCAA0AAAAAQCIE0AAAAAAAJEIADQAAAABAIgTQAAAAAAAkQgANAAAAAEAiBNAAAAAAACRC
AA0AAAAAQCIE0AAAAAAAJEIADQAAAABAIgTQAAAAAAAkQgANAAAAAEAiBNAAAAAAACRCAA0AAAAA
QCIE0AAAAAAAJEIADQAAAABAIgTQAAAAAAAkQgANAAAAAEAiBNAAAAAAACRCAA0AAAAAQCIE0AAA
AAAAJEIADQAAAABAIgTQAAAAAAAkQgANAAAAAEAiBNAAAAAAACRCAA0AAAAAQCIE0AAAAAAAJEIA
DQAAAABAIopyXQAAAAAAAO3b9x97PKN57oAGAAAAACARAmgAAAAAABIhgAYAAAAAIBECaAAAAAAA
EiGABgAAAAAgEQJoAAAAAAASIYAGAAAAACARAmgAAAAAABIhgAYAAAAAIBECaAAAAAAAEiGABgAA
AAAgEQJoAAAAAAASIYAGAAAAACARAmgAAAAAABIhgAYAAAAAIBECaAAAAAAAEiGABgAAAAAgEQJo
AAAAAAASIYAGAAAAACARAmgAAAAAABIhgAYAAAAAIBECaAAAAAAAEiGABgAAAAAgEQJoAAAAAAAS
IYAGAAAAACARAmgAAAAAABIhgAYAAAAAIBECaAAAAAAAEiGABgAAAAAgEQJoAAAAAAASIYAGAAAA
ACARBWvXrG/IdREAAAAAANx83AENAAAAAEAiBNAAAAAAACRCAA0AAAAAQCIKLpyv1AMaAAAAAIAm
ff+xxzOa5w5oAAAAAAASIYAGAAAAACARAmgAAAAAABIhgAYAAAAAIBECaAAAAAAAEiGABgAAAAAg
EQJoAAAAAAASIYAGAAAAACARAmgAAAAAABIhgAYAAAAAIBECaAAAAAAAEiGABgAAAAAgEQJoAAAA
AAASIYAGAAAAACARAmgAAAAAABIhgAYAAAAAIBECaAAAAAAAEiGABgAAAAAgEQJoAAAAAAASIYAG
AAAAACARAmgAAAAAABIhgAYAAAAAIBECaAAAAAAAEiGABgAAAAAgEQJoAAAAAAASIYAGAAAAACAR
AmgAAAAAABIhgAYAAAAAIBECaAAAAAAAEiGABgAAAAAgEQJoAAAAAAASIYAGAAAAACARAmgAAAAA
ABIhgAYAAAAAIBECaAAAAAAAEiGABgAAAAAgEQJoAAAAAAASIYAGAAAAACARAmgAAAAAABIhgAYA
AAAAIBECaAAAAAAAEiGABgAAAAAgEQJoAAAAAAASIYAGAAAAACARAmgAAAAAABIhgAYAAAAAIBEC
aAAAAAAAEiGABgAAAAAgEUW5LgAAAAAA2ouqqktx4uTJOHWyIk6fORvnzp2PCxcvRlVVVVRX10Rd
3ZWor78aDQ0NuS6ViCgoKIhOnQqjqKhzdOtWHCUlJdGzR4/o06d39O/XNwbcUhYDb7klSkq657rU
DksADQAAAECHdf7ll2P/gYNx+NCRePHIkTh95myuS6IFGhl6KIMAACAASURBVBoaoq6uPurq6qOm
pibOnTuf9rz+/frGbcOGxYiRw2LM6FHRu1evNq604xJAAwAAANChnDpVEdt37Ipde/bFsWPHc10O
beD0mbNx+szZ2Lh5S0REDBkyOCaOHxtTJk+MAQPKclzdza3gwvlKvy8AAAAAwE1vw8ZNsXnztjh4
6IVcl0I7Mmrk8Jg+fWrMnjkj16W0a99/7PGM5gmgAQAAALhpVVVdijXr1se6X2yIysqqXJdDO1Za
WhJ3zJ0d8++Yo2d0GgJoAAAAAPgvNTWXY/nK1bFq9Zqoq6vPdTnkkaKiTrFo4fxYfOfCKC7umuty
2g0BNAAAAABExOrn1sYzS1dETU1NrkshjxUXF8d9S+6KhQvm5bqUdiHTANpDCAEAAAC4KRw4dDie
evrnHixIVtTU1MSPn/xpbN66I17/wL0xeuSIXJeUl9wBDQAAAEDee/Kpn8XKVWtyXQY3sTsXzY8H
X39/rsvIGXdAAwAAANDhHD9eHk/8x5PueiZxK1etiUOHX4yH3vJgDB48KNfl5A13QAMAAACQlzZs
3BQ/eOLH0dAg3qLtFBQUxNseelPMnjkj16W0KXdAAwAAANBhPP2zpbFs+apcl0EH1NDQEP/2gx/F
mTPn4oH7l+S6nHavMNcFAAAAAEBL/OvjPxQ+k3PLlq+Kf338h7kuo90TQAMAAACQN77zT4/Fxs1b
cl0GRETExs1b4jv/9Fiuy2jXtOAAAAAAIC986zvfi71797fJXj169IgepT2ipKR7dOvWLYqLu0bn
Ll2iU2FRFBYWRETE1asNUX+1Lq7U1kZNzeWorq6OqqpLcbHyYly8eLFN6iT3du3eE9/6zvfifY++
O9eltEseQggAAABAu/edf3osdu3ek9j6nTt3jrL+ZdG3b5/o06dPFBW17r7Nurq6OHfuXJw9ey4q
TlfElStXslQp7dXECePj0YfflesyEpPpQwgF0AAAAAC0a//6+A8Ta7vRv3//uPWWW6KsrCyR9V9R
UVERL508GadPn050H3Jr5vTb4x1vf2uuy0hEpgG0FhwAAAAAtFtP/2xpIuHzoIGDYsiQQVFSUpr1
tdMpKyuLsrKyqKqqjGPHyqP8RHmb7Evb2rh5S/Ts1SMeuH9JrktpNwTQAAAAALRLGzZuimXLV2V1
zQEDymL4bbe1WfB8rZKS0hg3bmwMGTIoXnjxxTh1qiIndZCcZctXRb9+fWL2zBm5LqVdEEADAAAA
0O4cP14eP3jix1lbr1txtxg1amTirTaaq6SkNCZNnBQDyiri4MFDUV1TneuSyKIfPPHjGHTrrTF4
8KBcl5JzhbkuAAAAAACu9cR/PBkNDdl5dNmggYNizpzZ7SZ8fq2ysrKYM2d2DBooqLyZNDQ0xBP/
8WSuy2gXBNAAAAAAtCtPPvWzOHbseFbWGjd2bIwbNzYKC9tvDFZYWBjjxo2NcWPH5roUsujYsePx
5FM/y3UZOdd+P3kAAAAAdDgHDh2OlavWtHqdLl06x+3TpsagQflzZ/GgQYPi9mlTo0uXzrkuhSxZ
uWpNHDh0ONdl5JQAGgAAAIB246mnf97qNboVd4vbp02LPn36ZqGittWnT9+4fdq06FbcLdelkCXZ
eE/nMwE0AAAAAO3C6ufWtrr1RrfibjFt2pQoKSnNUlVtr6SkNKZNmyKEvkkcO3Y8Vj+3Ntdl5IwA
GgAAAICcq6m5HM8sXdGqNbp06RxTpkyKbt26Z6mq3OnWrXtMmTJJO46bxDNLV0RNzeVcl5ETAmgS
VVtbG89v3BhP//SnsWbt2qiqupTrktot1woAAICObPnK1VFTU9OqNSZOmJDXdz5fq6SkNCZOmJDr
MsiCmpqaWL5yda7LyImiXBdws/qrv/7rOHrsaMr4lMlT4tFHHsnaPjt2bI9vf/e7KePvfeTRmDx5
clb2uHTpUnzy059Ke+xND74x7rrrrrTHTlWcit/53d+LnTt3vDo2ePCQ+Nuv/01OnupaXl4ef/6X
f9Hm+0ZE3LlwUbz5zW9u8nh7u1YAAADQlqqqLsWq1a178OC4sWPzsufzjfTp0zfGjR0be/fty3Up
tNKq1Wti0YJ5UVKS/3fot4QAOiFFRUXx5JP/mTK+c+fOeOThh6OgoCAr+6xYuSrtPqNHjc5aAL1/
//60e0REPPKeh5uc9/Wvf6NRoBoRcfz4sfj0Zz4T3/32t6Nz57b9FZJLl6qb/HskbcTwEdc93t6u
FQAAALSlNevWR11dfcbzBw0cFIMGDcpiRe3LoEGD4uLFyig/UZ7rUmiFurr6WLNufdy3ZHGuS2lT
WnAkZOqUKWnHX3jhxXjppZeyts+y5cvTji9f0bqeSa+1e8+etOPFxd1i7NgxaY/V1tbGj378o7TH
tmzZEi++eCRr9eU71woAAICObt0vNmQ8t1txtxgzZnQWq2mfxowZ7aGEN4HWvNfzlQA6IePHj2/y
2J696QPdljp27Gjs3Lkz7bGtW7fGSyezE3Rv27Yt7fiC+fOiuIkffLW1tXH5ctON1aur9Td+hWsF
AABAR7Zh46aorKzKeP6oUSOjsPDmj7gKCwtj1KiRuS6DVqqsrIoNGzfluow2dfN/OnOkrKwsJk1K
3wJjx470oXFLbdq0+brHt25NHxy3xNWrV2Pt2nVpj82aNavJeaWlpTFt2rS0x3r27Bm33XZbq2u7
WbhWAAAAdGSbN2eeXwwYUBZlZWVZrKZ9KysriwEDOs7f92bVmvd8PtIDOkEL5s9L6esbEbF+/fqs
rP/c2rXXPb5+/S/idfff36o9jh071uSd1DfqMf3HH/xg/Ob73hd1dXWNxj/6kY9Ez549W1VXtr3h
9Q/E0KHDElt/0sSJ1z2eT9cKAAAAsuXUqYo4eOiFjOcP74A3bQ2/7bY4daoi12XQCgcPvRCnTlV0
mC8TBNAJmjp1atrx5zdujAsXLrQqWKy5XBPPPvvsdc9ZunRZfPQjH42iosz/mffs3dvksfHjxl13
7qyZM+NfHnssnnnmmThx4qXo27dPLF68OObMnp1xPUl561veGosWLcrZ/vl0rQAAACBbtu/YlfHc
QQMHRUlJaRaryQ8lJaUxaOAgDyTMc9t37Iol99yV6zLahAA6QRMnTGjy2L79+2PWzJkZr71jx86o
rKy87jknT52Mffv3X7eOG2mqx/T8+fOjtPTGP+QnTpjQqv07EtcKAACAjmbXnn0Zzx0yZFAWK8kv
Q4YIoPPdrj37OkwArQd0ggYOHBijR49Ke2zXrsy/4YuI2LCheU/M3HyDPtE3sr6JfdyZCwAAALTG
+ZdfjmPHjmc0t3///h3y7udXlJSURv/+/XNdBq1w7NjxOP/yy7kuo00IoBO2YP6CtOObN7cuGH52
2fJmnbd6zXMZ73HhwoXYsmVL2mNTbtD/GQAAAOB69h84mPHcW2+5JYuV5CfXIP+15jOQTwTQCZs2
bVra8dXPPRe1tbUZrXn8+PHYsWN7yviDb3h96j6rV8eFCxcy2mff/v1NHpugVQQAAADQCocPHclo
XufOnaOsrGM8vO16ysrKonPnzrkug1bI9DOQbwTQCZs0cWLa8crKyjj8QmZPeW3qruRfe+uvpYzV
1dXFtm2pYXVz7N6dvk3IjBnTo0+fPhmtCQAAABAR8eKRzMK3sv7C51e4Fvkt089AvhFAJ2zo0KEx
dOjQtMf27Nmd0ZrPrVmTMlZS0j1mz54dI0YMTzn2/MbnM9qnqaD7jrl3ZLQeAAAAQEREVdWlOH3m
bEZz+/Z1U9wrXIv8dvrM2aiqupTrMhIngE5YQUFBLFqYvg/01q1bW7xezeWaWPrssynjc2bPjS5d
usSc2XNSji19dmk0NDS0aJ8rV+pizdp1aY9NnTKlWWt89Wtfi+kzZ6X8+fJXvtKiWjoC1woAAICO
5MTJkxnP9VvZv+Ja5L/WfBbyhQC6Ddw+7fa048+tWdviYHjnzl1pezovmD8vIiJmzZyZcuzAgYNx
pIW39L945IU4f/582mPjJ4xv1hr19fVRU1Od8qf+6tUW1dIRuFYAAAB0JKdOVmQ0r0ePHlFUVJTl
avJXUVFR9OjRI9dl0AqZfhbyiQC6DUyYkL4P9JEjR6K8vLxFaz3/fPp2GrNmz46IiOnTp6c9vmVr
+nYaTdm7Z2/a8Qnjx8ctAzxlFQAAAMhcpu03epQKW6/lmuS3TD8L+UQA3QZGjBjeZGi7d1/6oLcp
y5YvTxkbOnRojB41KiIiBg8eHJMmTU45p6l2Gk3ZvmNH2vH58+e3aB0AAACAa507l/63rm+kpKR7
livJf65Jfsv0s5BPBNBtoFOnTrGwiT7QO3bsbPY6J06cSNs3+nX33x+dOnV69fU9dy9OOefZZ5+N
mss1zd5r/fr1acenTp3a7DUAAAAA0rlw8WJG87p165blSvKfa5LfMv0s5BMBdBu5/fb0faCbCnrT
2bQ5fRuNuXPmNno9+7/acbxWZWVl7N61p1n7VFScjt170p87ccKEZq0BAAAA0JSqqqqM5hUXd81y
JfnPNclvmX4W8okAuo1MnpzaFiMiYuOmTWkfKpjO2rVrU8a6du0at98+rfFekyam/fWLjZs2Nmuf
/fv3pR0fPvy2GDx4cLPWAAAAAGhKdXXzf0v7tTp36ZLlSvKfa5LfMv0s5BMBdBsZNXJk9O7dO+2x
vfvSB76vdfny5Vj67NKU8XvuvjtKS0sbjXXr1j3uvvuelHNXrFjRrFp37d6VdnzBgoVRUFDQrDUA
AAAAmlJXdyWjeZ0Ki7JcSf5zTfJbpp+FfCKAbiOdO3eOBQvS94HetSt94Nv4nN1x/nxqU/KFCxem
PX9BmocFPr9xY1RUVNxwr02b0rf6mD4tfRsRAAAAgJaor7+a0bzCQjfGXcs1yW+Zfhbyia9I2tDM
GTPjySefTBnfuHFjPPrII9edu3HT82nHZ82cmXZ8xvTpace3btsa9y65t8l9ai7XxNp169Iemzhx
4nVrzGfbtm/P+prTp09PuTsdAAAAADoSAXQbmjI5fYC7Zu2aqK2tjS7X6dmzbPnylLGJEybEsGHD
0p4/dOjQGD9uXOzZu7fR+C/Wb7huAH3o0OGoqalOGb/1lltj2LChTc7Ld1//27/N+po//o8fxejR
AmgAAAC4VqdOhVFXV9/ieVevNkSnTu74fa2rVxtyXQKt0KnTzd+g4ub/G7Yjo8eMieLibinjVVWX
4uChQ03OO/HSidi0aXPK+L33Nh0kFxQUxD33pPaBXrZsWdTXN/0Dfs+ePWnHFy5cGJ06dWpyHgAA
AEBzFRV1zmhe/dW6LFeS/1yT/JbpZyGfCKDbUHHX4ljYRB/opoLfiIjNm7emHZ8zZ85195s1a1bK
2PHjx+PAwYNNztneRCuK6dP1fwYAAACyo1u34ozmXamtzXIl+c81yW+ZfhbyiRYcbWz27Fnx86U/
Txnftm1b/Npb35p2zro0PZl79+4dkydNuu5eU6dMjeLibiktNTZv3hzjxo5NOb+hoSHWrF2bdq1J
N9grW773f78f27Zvy3h+p8LC+OIXvpDFigAAAIBsKykpiXPnzrd4Xk3N5Sgp0e7ytWpqLue6BFqh
pKQk1yUkTgDdxiZPmpx2/Lk1a6KhoSEKChr3MaqtrY2lz6YG1vfde1907dr1unuVlHSPuxffFU89
/XTjvZ5bE+965ztTzj9x4kQcOXIkZbx3794xcsTI6+6VLYcOHYgf/ehHGc8vLu4mgAYAAIB2rmeP
HhnNq65OfW5VR+ea5LdMPwv5RADdxsaPHxdFRUVRV9e4P8/Ro0fj+PHjMWTIkEbju3fvjrNnz6Ws
M3/+vGbtN3/+/JQAetXqVVFZWRmlpY2/Mdy7r/EDC1+xcOHC6Nz55n6r/N03vhELFy7M6pp6ZgMA
AEB6ffr0zmheVdWlLFeS/1yT/JbpZyGf6AHdxrp37x7z5qUPj/fsTQ2ANzz/fNpzZ8yY3qz9Zkyf
kTJ2+fLl2Jam1/OuXbvTrjFzRuoaN5vCwsLo1KlTVv8AAAAA6fXv1zejeRcrL2a5kvznmuS3TD8L
+UQAnQNzZs9OO75z586UseXLV6SM3TF3bgwoG9CsvUaMGB6jRqW2z9i4cWOzxiIiJk+a2Ky9AAAA
AJpjwC1lGc27ePFiym+Vd2R1dXVx8aIAOp9l+lnIJzd3X4V2asqUKWnH129Y3+j1yVMnY+Om1FD4
7rvvbvZeBQUFseSeJXHw4KFG48uWLYvf+8AHXn1dVXUp7d3WxcXdYvSYMc3er7UefMMbY+bM9AF9
cxQWFtz4JAAAACCnBt5yS8Zzz507F2VlN39o1xznzqW2bSW/tOazkC8E0DkwYfz4tOObNm2O8+fP
R+/ev+z9smXL1rTnzZo1q0X7zZk9O/7hm99sNLZ7z544duzYqz2nDxzYn/YbxIULFkRx1+IW7dca
zW0tAgAAAOSvkpLu0b9f3zh95myL5549K4B+RbrnhpE/+vfrGyUl3XNdRuK04MiBnj17NtmGY9/+
/a/+97p161KODx48OMa28I7kadOmRVFR6ncNW7f+KuDetXtP2rmzZ7cs7AYAAABojtuGDctoXsXp
iixXkr9ci/yW6Wcg3wigc2Tu3Llpx/f914MIr1y5Ej9f+vOU4/ffd1/aMPl6SktLY/Fdi1PG1677
xav/vXt3+gcQTpo0qUV7AQAAADTHiJGZhW9XrlyJigrBa0VFRVy5ciXXZdAKmX4G8o0AOkemTpma
dvyFIy9GRMT+Awfi9OkzKcfn3XFHRvstXLggZWzFyuWvtt3YlSaALioqivHj0rcLAQAAAGiNMaNH
ZTz3pZMns1hJfnIN8l9rPgP5RACdIxMmTEg7fvDAwYiI2LMntSVGUVFRTJs2LaP90vVWPn36TBw5
cjQuX74ce/em7nfHHXd0iD40AAAAQNvr3atXDBkyOKO5p0+fjqqqyixXlD+qqirj9OnTuS6DVhgy
ZHD07tUr12W0CQF0jvTr1zemTk29C3rHzp1RX18fW7duSzl29+LF0bNnz4z2GzVyVAxL01dm9549
ceLES2kfQDh3Tvo+1QAAAADZMHH82IznHjtWnsVK8ktH/rvfLFrz3s83Augcmj9vXspYZWVlnKo4
[...]
yU3WGHU4HNqwabM2bNqsxOHDdMP1v1HPno3vBHQ4jMdml25OTk7VS6++LkeDC/v6+mn4sKHq27eP
wkJD5OfnJ0u9t6tnHMjQ18u+N3dyaLXa2gYLqROXGjDrXrJX15gyX4cczXeCpI5dh2atKwAAAAAA
QADtVqGhIbr0kjm69JI5ysk5ph/27dUPP+zTzl17lNfIjuLtO3fp7nsf0IP3zVdCgvMD0QICAgzH
5eUVTn3aS/bhw3r19TcM4XN4eJiuu/pKTZgwTj4+Pk2ODQgIJIDuxAL8/QzHFRXm7AZuT+19L/n4
+RqOhwwepMsvv6zN84zq1q3N5zhbdIZ12N7rCgAAAAAAEEB3mN69e6p3756aMW2qJOnYsePasGmz
Fi1aqvyCUw/tKysr13MLXtALf31OgYHGwDk4OMhwbG1QE7o9/Xvhx6qpObVLNCI8XM88/ZgiIyJM
uybcIzDIWLql4Ax7aGR73EshwcaavhaLRYnDh5k/edTpbOuwPdYVAAAAAACQPDp6AjipZ88emjf3
Yr3y0gJNPHe84WMFhYVKTkl1GtOjR3fD8aHsbOe3sbeDkpJSbd6y1dB29dVXED53Ed27RxmO8/Lz
VVZW1kGzabvW3Evh4WGG44OHDqm2ttbUecKos6/D1qwrAAAAAABAAN3p+Pj46tbf36DwMGMgtm37
Tqe+CfFxhuOysnIdP368Rdez2WzKPnzE8K9hjefDR3Jkt9sNbcOGDmnRddB5xcbEOLXt3ZvWATNp
Xy25lwYmON9LGZmZps4PRmfKOmzJugIAAAAAAJTgMM3Lr7yulNVr6o6HDhmsRx66z6Wxvr5+Gj9u
tKFucmP1R+Pj4+Tr7aOqaltd24ZNm3XpJXNcnue+tP165LGn6o6DggL17j//YehTXFzsNM7Hx9ep
rSnsJO3c+kT3VkCAv6GG+Jq16zV6dJLL5zDzYXvuuJcGDxrk1PbtdysUHxfn1A5zuHsdumNdAQAA
AAAAdkCbpltUN9nt9rp/+9MPqMpma37gfzUMeP0aPKBLkvz9/DR5yiRD26JFS1VdXe3ydTZs2mw4
jo9v5AFt3t5ObUePHnPp/DU1NVq0eKnL84H7eXp66vzzJxvaUlavUW5ursvn+O675e09rTruuJdC
QoI1YdxYQ9uKlcnKzDrYorkWF1u1dt2GZvs5ZGmk0fXwtK3jOyN3r0N3rCsAAAAAAEAAbZpRSYmG
48rKSi1fvsqlsTU1NdrUoOZydO/ejfadPWuG4bigsFDvvv9vl65z4ECGvvnmO0PbtAYBkORca1qS
lnz9TbPnt9lsevnV15WWtt/pY+yK7lxmTJ1iOLbb7frbP/7p0tcpNXWtViWbV//WXffSTy6dazi2
2+166eXXZLWWuHStsrJyPfXMAi3464t6+90PDA/tbMjH21uenp6GttKyUpeu0x7jOyt3rkN3rav6
GpY3AgAAAADgbEAAbZKBCfEaMtj4tv533vtA3y9fedowpbq6Wm/+813l5Bw1tDfcnfmjAQNiNX3a
VEPb0q+X6eNPPz/tdbZv36lHn3jGUNs5pl8/jR83xqlvdHRv9e7d09CWunqtPvnsiyavkZmZqQcf
fkKpq9c2+vGW7DSE+WJjYzV5snE3/Y4dO/XiK68ZSiLUV1NTo68WLdELL79q6tzcdS8lJMRr5oxp
hrZD2Yf16ONPKfvw4dPOMT39gO66536lHzggSVq0eKne/aDpPwRZLBaFh4cb2jZt3upyQNnW8Z2V
O9ehu9aVJC1Zuky/u/EWXXXtb7XgLy/IarW2aK4AAAAAAJzJqAFtEovFout/92vdc9/DstmqJJ0M
Sl57/Q198eUiTZ0yWYMGJSg8LEwOh1RkLVb6/gP69vvlOnbM+CDBYUOHaOTIxMYuI0m65qortHXr
NhUWFdW1ffifT7RhwyZNnzZVAwbEKCgwULbqah0+fETJqau1Zcs2wzl8ff106603ybuRchuSdMXl
P9PzL75iaFv44cdKTlmtcyeMV/fu3WSxWJSXl68dO3bph737Tvv5KS62KqJBgIaOdd01V2rLlq0q
Kyuva0tNXasdO3bp/CmTFT9ggIKDg2QtKVFOzlF9v3yl8gsKTJ+XO++l3/zqGu3fn66Dh7Lr2rIO
HtKf7rpP5006V2PHjFbPHlHy9fVXsdWq47nHtSp5tXbsMD6ALjwsTPPmXHTa1zV4cIJSU0/VDd6y
ZZsef+IZTTrvXAUFBqqgoEgjhp+j6OjGd9a2dXxn5a516K519cPeNL319rt1x2vXb5Svn79uu+XG
Fs8ZAAAAAIAzEQG0ifr366s777hNz/75ecNO45yco/r3hx+5dI6ePXvotltvkodHIzVf/ys0NEQP
PXivHnz4MZWWltW1Z2RmKSPznWav4ePjqwfuu0uxMf2b7DNp4gRt2brN6S3uR47k6JNPP29ynMVi
0bSp52v5ipWG9mPHjp/2enC/iPBw3Tv/Lj36+FOGOuJWa4m+WrTktGMHDUrQvn3OpVbai7vuJV9f
Pz14/z166tkFysjIrGu32+1alZzqUomHbpGReuD++YqKijptvynnTVJqqvEdAtt37tL2nbvqjh+4
7+4mA+S2ju+s3LkO3bGu0tLSnNp27drt8hwBAAAAADjTUYLDZKNHJenxRx9Ut8jIFo9NSko8ObZb
t2b79uvbR48/+pDi4+NadI0BsTFa8OwTGjpk8Gn7WSwW3Xzj7zRr5nSXzx0aGqJ77r5Dv7ruaqeP
7WukLjQ63pDBA3XvPXcqLCzUpf4Wi0U/v/wyXXv1VSbPzH33Unh4mB575AGn0jauGJk4Qs88/Zj6
9olufk4jR2rSxAktvkZ7je/M3LkOzV5X3Rr5Q0SvXj0b6QkAAAAAQNfEDmg3GDQwQS8+/2etXJWi
b5Z9q0PZTdeTtVgsGpU0UrMvmKHRo5JadJ1+ffvo6Sce0crkFC1fvkp796U1WRM2Nqa/5s29WBMn
TpCXl2vLwNvbWzfd8FuNHztGn37+f02W2QgPC9O0aVP0k3lzFRgYKOnk56B+6Lx27fpGg2l0vMTh
w/T8gmf1yadfaGVyisrKypz6eHl5alRSkq74+U8V07+f9jSyFjwaPCSvPbjrXvL389MtN1+vORfP
1pdfLdamzVsMJSEaGjpksObOuVDjxo6RxdL0Duv6PDws+sOtN6tPn2h9/sWiujIQ9Tlqm67p3Nbx
nZ0716GZ62rCuDEaN2a0NmzaLOnk98dfXntls+MAAAAAAOgqLNai0jM3oThDFRdblZV1UNaSEpWW
lsniYVFQQKCioropJqavfH392u06h7KzZbWWyGotkY+vt8JCQhU7IKZd6i8XFhUpIyNTRcXFslVV
KzQ0RFHdIhUXN0AeHmyu7wpsNpsOZGQpPz9fJSUlCgwIUGh4mAbGx8nf37+u3+YtW/XUMwsMY995
6+8KDg4ydX7uupfsdrsys7JUUFCoYqtVNdU18vf3U2RkpPr17avQ0JA2nb+srFz79qUpNy9PFosU
FBSsfn37KLp3L5fupbaO7+zcvQ7be105HA4dPXpcVVUV6t27V7utSwAAAAAA3Gnhhx+3ahwBNIA2
+3rZd3rjzbfrji0Wiz5a+F6XCD9x5mAdAgAAAABgntYG0PyvHECbNXyoWkJCPKEf3I51CAAAAABA
58P/zAHUWb5ylTZs3NSiMUePHtO69RsNbSMTh7fntHCWYR0CAAAAANB18BBCAJKkrdu267W/vSEP
Dw/98bbfa9LECc2Oqays0gsvv2Z42KXFYtGU8yaZOVV0YaxDAAAAAAC6FnZAA9CxY8f13IIX5XA4
ZLfb9dcXXtbzL72i48dzmxyzf3+67nvgYaWnHzC0z541Xb169TR7yuiCWIcAAAAAAHQ97IAGoO7d
ozR82FBt3rK1ri01da1SU9dq6JDBGjRooCIjwiVJ+fkF2r5zlzIyMp3OExsbq2uuucpt80bXwjoE
AAAAAKDrsViLSh3NdwPQ1dlsVXrplde1dt2GVo2Pj4vT/LtvV0R4eDvPDGcT1iEAAAAAAJ3Twg8/
btU4AmgAdRwOh1JSVmvhR58qN7fpsgf1eXl5ae6cC3XF5T+Vj4+PyTPE2YB1CAAAAABA50MADaDd
1NbWaveeH7R9xy5t3bpNWQcPGT7u6empgfFxGpmUqBnTpio8PKyDZoqujHUIAAAAAEDnQQANwDTV
1dUqKipSZVWVAgICFBwUxC5TuB3rEAAAAACAjtPaAJqHEAJolre3t6Kiojp6GjjLsQ4BAAAAADjz
eHT0BAAAAAAAAAAAXRMBNAAAAAAAAADAFATQAAAAAAAAAABTEEADAAAAAAAAAExBAA0AAAAAAAAA
MAUBNAAAAAAAAADAFATQAAAAAAAAAABTEEADAAAAAAAAAExBAA0AAAAAAAAAMAUBNAAAAAAAAADA
FATQAAAAAAAAAABTEEADAAAAAAAAAExBAA0AAAAAAAAAMAUBNAAAAAAAAADAFATQAAAAAAAAAABT
EEADAAAAAAAAAExBAA0AAAAAAAAAMAUBNAAAAAAAAADAFATQAAAAAAAAAABTEEADAAAAAAAAAExB
AA0AAAAAAAAAMAUBNAAAAAAAAADAFATQAAAAAAAAAABTEEADAAAAAAAAAExBAA0AAAAAAAAAMAUB
NAAAAAAAAADAFATQAAAAAAAAAABTEEADAAAAAAAAAExBAA0AAAAAAAAAMAUBNAAAAAAAAADAFATQ
AAAAAAAAAABTEEADAAAAAAAAAExBAA0AAAAAAAAAMAUBNAAAAAAAAADAFATQAAAAAAAAAABTEEAD
AAAAAAAAAExBAA0AAAAAAAAAMAUBNAAAAAAAAADAFATQAAAAAAAAAABTEEADAAAAAAAAAExBAA0A
AAAAAAAAMAUBNAAAAAAAAADAFATQAAAAAAAAAABTEEADAAAAAAAAAExBAA0AAAAAAAAAMIVXR08A
5vl61R5t2XO47rhPj1Bdd9n4DpwRAAAAAAAAgLMJAXQn4HA4lF9crsLCMlXaauTt7anAAF8FB/gq
LMS/1efNOV6k7fUC6MpKW3tMFwAAAAAAAABcQgDdQWrstdq8K1trt2Rox94jKitvPBzuFhGkEYOj
NTEpRsMGRcticfNEAQAAAAAAAKCVCKA7wIYdWXr/803KzbM22zevoFTL1+zT8jX7FB8TpV9dNl4J
sd3dMEsAAAAAAAAAaBseQuhGtmq7/v7vVP3ljeUuhc8NpWed0CMvLtHytWkmzA4AAAAAAAAA2hc7
oN2kusauv7z5vbbVq8n8I4vFomGDeqlPjzCFhwbI4XCopKxKBw6eUFrWCdnttXV9a+y1+vu/U+Xp
adH54xLc+RIAAAAAAAAAoEUIoN3k/c/WO4XPXp4euuzCkZo5abBCg/0aHVdkrdCX3+3Q4hW7De3/
WLhGfXqEKa5/lGlzBgAAAAAAAAhJNfYAACAASURBVIC2oASHG2zfc1jfpOw1tIUG++nJu+bppxeO
bDJ8lqSwEH9dd9l43Xz1ZEN7TY1d//x4nRwOhylzBgAAAAAAAIC2IoA2WWVVjf7271RDm4+3l+69
+QLFREe4fJ6pExI067zBhrb0gye0bmtWu8wTAAAAAAAAANobAbTJVm8+oMLickPb5XOSFNu3W4vP
dflFSfLxNlZN+X7tvjbNDwAAAAAAAADMQg1oEzkc0tKVewxtkeFBunDKkFadLzTEX1PGxeu71afK
eezal6Mia4XCQvxbPcfjeSUqKilXWXmV/P181C0sQN27hbTqfI2pslUr57hVpeVVqrLVyN/PWyFB
furVPVRenub8DcThkHLzS1RoNe915RWUqqC4XKVllQoI8FVokL96RgXLYrG02zUayi8s1bG8ElVW
VSvA30chgX6Kigxy+sMEAAAAAAAA0BmQWpkoMztP2UcLDW0zJg5sU1g4bkQ/QwDtcEjpB3M1Znj/
Fp2n2FqhJav2KHXTAeUVlDp9PDIsUBdMHqwLJg9RgL9Pi+dZZavW6k0ZWrFuv/ZnnWi0VrWPt5dG
DumjmZMGasSQPnI1t/3P4i1K2XCg7njmpIH6yQWJda9r6ao9SjHpddmqa/T1qh+0asN+HT5a5PTx
iJAAnTs6VnNnDFdEaIAk6eHnFyu/6NQu+Idum92iILy0vErLUn7QinXpys2zOn3cx9tLSedE6/zx
CRo9rF+LXxMAAAAAAABgFgJoE6Vl5jq1TUiKbdM5B/RzLt2RnVPUogA6ZUO63v50ncrKbU32yS8q
08KvNuv7NWn60++mK6ZPpMvn37H3iF77IMWp9EhDtuoabdiRpQ07spQ4JFo3XjlJkeFBzZ6/rKxS
JwpK6o4L/nud1ZsO6K2P15r2uvZn5uqVD5J1LNc5BK6bi7Vci1fs1vdr0vTryydo6vgEZR4uUJWt
uq5Pjd31B0euXLdfb3+yTpVV1U32sVXXaP22g1q/7aBGD+un638xUeH/Db8BAAAAAACAjkQAbaJ9
GccNxyFBforuEdqmcwYH+Wn+jbNU66ita4sMaz60/dHiFbv03mcbXO6fm1+ip/62TM/cfWndjt7T
+WbVD/rnJ2tdPv+Ptv9wRA+9sESP/PEiRUUEt2hsZWWNvl61R29/ss7lMS19XekHT+jxV74xBMmn
nVNVtf72QYrKym0uj6mvttahf368Vt+m7m2+cz2bdx3SiddK9PAfL1ZQgG+LrwsAAAAAAAC0JwJo
E6UfzDMcx/WPapfzjhrWt1XjDhzK176MU7uye0YF69ykAYruESoPDw8VFJdp257D2pV21DCu2Fqh
jxZt0U1Xn3fa86/ZkukUPnt6eujcUbEaNbSvoiKD5O3lIWtJpfZm5uq71L2yllbW9c0rKNWL76zS
47fPaVEd5c27DmnVhv2mva7C4nI99Zpz+Ozl5anxif2VENNdIcF+slXX6PDRIq3dkqn8ojJJ0nuf
rXf5ddT37ufrncJnH28vTZsQryHxvRQc5Kfyyipl5xQpeWO6YVf2oZxCvfj2St1/y+xWXRsAAAAA
AABoLwTQJiqyVhiOe3dvvwfgtUZNjV3SyVD4lz+doFmTBsnDwxj0XjJjuLbvOawFby6Xrbqmrj1l
Y7qunDdGocF+jZ672FqhNz5cbWiLigjWnTfMUEx0hFP/xKF9dPH5Q/WXN7/XDwdO7RTfn5mrjTsP
atyIGJdfV2l5lWmvS5Le/2KDU1mPcxJ66ZbrpigyLNCp/5WXjNYX3+7Qx0u2uvwa6lu9OUNfN3h4
5ZC4HrrtV1OdrjduxMnX9q//26ivV50as2PvEW3YkdWizyMAAAAAAADQ3jw6egJdVXWN3RB0SpK/
X8sfetfefLy9NP/GWZo9ebBTSPujxKF9dM2lYw1tNfZa7c9yrmn9o1Ub01VecSqk9fLy1L2/v6DR
8PlHwUF+uv030+Xna/w7yIbth1x5KQZmva7M7Dyt3pRhaIuJjtA9N89qNHyWTr72n12UpBuunNTC
VyGVldv0ToNSIvExUbrvltlNXs/H21O/vGy8hg/qbWj/8KstLb4+AAAAAAAA0J4IoE1SXuFc9zfA
v+MD6GsuHavEIdHN9jt/QoI8PY3LI+twfpP9dzcobzF2eF+X6l2Hhvjr/PEJhrYfGpzLFWa9rpXr
053abrp6sny8m3/zwIyJgzRlXHyz/er7drWxLImnp4duu25qs9fz8LDoyktGG9qOHCvSgYMnWnR9
AAAAAAAAoD1RgsMkNXa7U5tnEztz3aV3j1DNmjzYpb5+vl7q1ytcmfXC2cLiiib7X37RSM2ZPqzu
uKnduo2J7RtpOC4sqZDDIblaBtqs12W31yp5/X5DW9I5fZ3mezozJg1S8gbnELsxDofDUEZDkqaO
T1DPKNceyhjXP0qxfSOVmX3qtW3YfrDdao8DAAAAAAAALUUAfRYJDvRtsjxFY0JD/A3HZeWVTfSU
4mO6t3peAX6+hmO7vVZVthqn0hxNMet15eQWq7zSuJN98pgBLl+npbIOF6iwuNzQNnF0y643elg/
QwB9uvIiAAAAAAAAgNkowYEm+XgZA2Bbda3bru1wOEw7t6uvKyu7wKltaEIvU+YkSWlZxnIZFotF
A2Nbtns5tq+x5vb+rDzV1pr3uQQAAAAAAABOhx3QJrE0Uj+i1sRQtbM6UVCig0cKdPhokYqsFaqo
rFZVdY1U73ORV1R+mjN0nNyCEsNxcKCvwkMDTLtezvEiw3FYiL9+2H+sRefIzS81HNuqa1RRWa3A
gI6vPw4AAAAAAICzDwG0SQL8vJ3aKiqdH0zYFdmqa7RizX6tWL9fmdl5HT2dVisrtxmOu3cLMfV6
BUVlhuPC4nI99bdlbT5vRaWNABoAAAAAAAAdggDaJH6+3vLy8lRNzamHEZ4NAfTOvUf0+sLVyiso
bb5zJ1dRZfx6NfZHhfZUWVVjynmrbOacFwAAAAAAAGgOAbSJQoP8lF9vV+uxE9YOnI35UjYc0Ksf
JDvVb/b18dawgb3Ut1eYQoL95e/rJUu9hwZmHMrTspS97p5usxwNaic3VlalPdnt9uY7tcJZWPkF
AAAAAAAAnQQBtIn69AozBNCZh9qnHEV5hc0QKnp5WeTrY+7u3OZkHyvS6wtTDeFzeGiArp43VuOT
YuTj7dnk2AA/304ZQPs32PHccEd0e/Np8DUcEtdDl12U1ObzdosIavM5AAAAAAAAgNYggDbR4Lge
2v7DkbrjvKIynSgoUVREcKvPWVlVo9/M/5ch6P2fCxL1i0tGt2mubfWfrzYbyo1EhAToybsuUURo
YAfOqm0a1k0uLCxromf7CAn0c2obMai3qdcEAAAAAAAAzOTR0RPoygYN6OHUtmXn4TadM/NwnlOJ
i37REW06Z1uVlFVpy+5sQ9uVl445o8NnSeoeafxDQV5RmdODCdtTeKi/4fhgTqFqa6mfAQAAAAAA
gDMXAbSJEmK6KzTYuKt1+dp9TgFyS2zcfsipLa5ft1afrz0cOV4ku73W0HZOQs8Omk37iekT6dS2
L+OYadeLj4kyHJdX2JSZ3T5lWwAAAAAAAICOQABtIh9vT10weYihLetIgTbvym5ixOlVVtUoZWO6
oS0+Jko9urW+pEd7KC6pdGrz8Xa9ukttbW3znTpAdI9QBTSoA712a1aLztGSvzUMbmTH/Hdr0lp0
PQAAAAAAAKAzIYA22fSJg+TlZXwA3/ufr29VKYelK3fLWmoMe2ecO7BN82sPPl7Oy+hortWlsTU1
di1eubu9p9QuPD09NGV8gqFt9eYM5eaXuHyO79fsc7lvcJCfxiX2N7StWr9fWYfzXT6HdPIPAuu2
tSwoBwAAAAAAAMxAAG2yiNAAXTXP+IDAYydK9Nr7ybJV25sY5SwtI1cfL91qaIvuEeoUkHaE7t1C
nNq+Tt7T7DhbtV2vfZCi/Zm5Th/rLLWPpzb4/NrttfrHh6tdmt/qTRlK2ZDebL/6Lp053Ol6r7yX
rJJS513mjSmvsOnZv3+r599arvc+W68ae+fcXQ4AAAAAAICzAwG0G1x0/jk6J6GXoW3TrkN66PlF
yj5aeNqxNfZarVy/X4+/8rWhzrLFIv368nPl5dnxX8LoHqHq1d0YQq/enKHPvtnWZFCbmZ2vR15c
otWbMxr9eFV1TbvPszVi+0bqvLFxhrade3P0yvurVF5R3eiYGnutFq/YpZffW9ni68XHdNf0iYMM
bdlHC/XEK18r+1jRacemHzyh+c99qQMHT0iSFq/Yrfe/2NDiOQAAAAAAAADtxfVCvWg1Dw+Lbv3l
+Xr0xcU6duJU+YbM7Hzd+dTnGjygh8aM6KfI8CAFBfrKZquWtbRKmdl52rIzW3lFZU7nvPrSsRo+
qLc7X8ZpXX7xKL30jjFw/c+iLUrdeEDjk2LVPTJIFlmUV1iqXfty9MOB46c9n7WkQhGhAWZO2WVX
XzpWW3Zlq7ziVNmU1ZsytHNvjiaPjVdcv24KDvJVSWmlcnKtWrE2TfmNfM1c9aufjlN6Vq4O5Zz6
40TWkQLNf+YLTRw9QGOG91OPyGD5+XqruLRCuXklSt6Yrp17cwznCQvx19xp57R6HgAAAAAAAEBb
EUC7SURogB78w8X68+vfKutIgeFjezOOa2/G6QPZ+n52UZLmTh/efEc3mjhqgLbuOexUcuLI8WJ9
9vW2JsdZLNLU8QO1Yp3xYXvH8koU0yfSlLm2VERogObfNEtPvPy1qmtOlU2xllZq8Ypdpx07cEB3
pWU4lxg5HV8fb933+9l69u/fKTM7r67dbq9VyoZ0l8p6dAsL1L2/n62oiI59QCUAAAAAAADObh1f
v+Es0i0sUI/dMUdzpg2TxWJp1fi7bpipyy9OUiuGm8pikW68cpJmThrs8pjQYD/ddcNMXXfZOKeP
tTS0NdvgAT10902zFBri71J/i+XkHwquvnRsq64XHhqgR/54kaZNaPlDJhOHROvJu+apT6+wVl0b
AAAAAAAAaC/sgHYzXx9vXXfZOF1w3mAtS/1BqZsOqLik6QfMeXl5avCA7poyPl4TRw2Qt5enG2fb
Mt5enrr+FxM1dkQ/fbFse5NlNsJC/DV1wkDNmzFcgQE+kqSBsd2VVu9hhOu3ZjYaTHekEYN66y/3
/o8+/Xqbkjemq6zc5tTHy9NDSef01c8uTlJMdESjnwNPF+t2+/l666arz9OFU4dq0fJd2rzzkKEM
SEND4nro4unnaOzwmE73BwoAAAAAAACcnSzWotLGnxIHt3A4HMo5Xqyc3GIVlVTIXlMrPz9vBQX4
KDTIX/37RMjH+8z8O0GRtUIZh/JUXFohm82ukGB/RYUHaEC/KHl4nNkJqa3arozsPOUXlqm0tEoB
/j4KDfVXQv8o+ft51/Xbsitbz/79W8PYN5+5WsGBvi2+pt1eq6zD+SooLpe1tFI11bXy8/dSZFiQ
+vYKV2iwX5tfFwAAAAAAANCYhR9+3KpxZ2ay2YVYLBZF9wxTdM+uVy4hLMRfo4b17ehpmMLH21OD
B/Rotl9eofFhhBaLFOjv06prenp6KK5/lOJaNRoAAAAAAABwP2pAAybanZZjOI6P6X7G7/4GAAAA
AAAAXMUO6Ha2LGVvR08BJtifmSsfH0/1j450eYy1pELrt2UZ2oICfDtsjVww2fUHRAIAAAAAAADt
gQC6nb310ZqOngI6sa27s7V1d3aHXJsAGgAAAAAAAO5GAN3OvDypatKVOBxSbW2t6j+p08NikcVi
kaWJShoOh0O1tQ41fLqnh8VC+Q0AAAAAAACcVSzWotKGORmA/6qtdei5N77T1l3Ou5aHxPXQoAE9
FBEaKEnKLy7Tjr05yszOc+ob2zdSj/zxYvn5eps+ZwAAAAAAAKC9Lfzw41aNI4AGmmGrrtGr7yVr
XYN6zq6K6x+lO6+foYjQgHaeGQAAAAAAAOAerQ2gKcEBNMPH20v/+5vpSt14QB8t2aLc/BKXxnl5
eeriqUN1+cWj5OPtafIsAQAAAAAAgM6HABpwgcUiTR4Xp0ljBmhP+jHt3HtE2/YcVtaRAkM/T08P
JfSPUuLQaE2bMFDh7HoGAAAAAADAWYwSHEAbVNfYVWQtV6XNrkB/bwUF+LHbGQAAAAAAAF0OJTiA
DuDt5amoiOCOngYAAAAAAADQKXl09AQAAAAAAAAAAF0TATQAAAAAAAAAwBQE0AAAAAAAAAAAUxBA
AwAAAAAAAABMQQANAAAAAAAAADAFATQAAAAAAAAAwBQE0AAAAAAAAAAAUxBAAwAAAAAAAABMQQAN
AAAAAAAAADAFATQAAAAAAAAAwBQE0AAAAAAAAAAAUxBAAwAAAAAAAABMQQANAAAAAAAAADAFATQA
AAAAAAAAwBQE0AAAAAAAAAAAUxBAAwAAAAAAAABMQQANAAAAAAAAADAFATQAAAAAAAAAwBQE0AAA
AAAAAAAAUxBAAwAAAAAAAABMQQANAAAAAAAAADAFATQAAAAAAAAAwBQE0AAAAAAAAAAAUxBAAwAA
AAAAAABMQQANAAAAAAAAADAFATQAAAAAAAAAwBQE0AAAAAAAAAAAUxBAAwAAAAAAAABMQQANAAAA
AAAAADAFATQAAAAAAAAAwBQWa1Gpo6MnAQAAAAAAAADoetgBDQAAAAAAAAAwBQE0AAAAAAAAAMAU
BNAAAAAAAAAAAFMQQAMAAAAAAAAATEEADQAAAAAAAAAwBQE0AAAAAAAAAMAUBNAAAAAAAAAAAFMQ
QAMAAAAAAAAATEEADQAAAAAAAAAwBQE0AAAAAAAAAMAUBNAAAAAAAAAAAFMQQAMAAAAAAAAATEEA
DQAAAAAAAAAwBQE0AAAAAAAAAMAUBNAAAAAAAAAAAFMQQAMAAAAAAAAATEEADQAAAAAAAAAwBQE0
AAAAAAAAAMAUBNAAAAAAAAAAAFMQQAMAAAAAAAAATEEADQAAAAAAAAAwBQE0AAAAAAAAAMAUBNAA
AAAAAAAAAFMQQAMAAAAAAAAATEEADQAAAAAAAAAwBQE0AAAAAAAAAMAUBNAAAAAAAAAAAFMQQAMA
AAAAAAAATEEADQAAAAAAAAAwBQE0AAAAAAAAAMAUBNAAAAAAAAAAAFMQQAMAAAAAAAAATEEADQAA
AAAAAAAwBQE0AAAAAAAAAMAUBNAAAAAAAAAAAFMQQAMAAAAAAAAATEEADQAAAAAAAAAwBQE0AAAA
AAAAAMAUBNAAAAAAAAAAAFMQQAMAAAAAAAAATEEADQAAAAAAAAAwBQE0AAAAAAAAAMAUBNAAAAAA
AAAAAFMQQAMAAAAAAAAATEEADQAAAAAAAAAwBQE0AAAAAAAAAMAUBNAAAAAAAAAAAFMQQAMAAAAA
AAAATEEADQAAAAAAAAAwBQE0AAAAAAAAAMAUBNAAAAAAAAAAAFMQQAMAAAAAAAAATEEADQAAAAAA
AAAwBQE0AAAAAAAAAMAUBNAAAAAAAAAAAFMQQAMAAAAAAAAATEEADQAAAAAAAAAwBQE0AAAAAAAA
AMAUBNAAAAAAAAAAAFMQQAMAAAAAAAAATEEADQAAAAAAAAAwBQE0AAAAAAAAAMAUBNAAAAAAAAAA
AFMQQAMAAAAAAAAATEEADQAAAAAAAAAwBQE0AAAAAAAAAMAUBNAAAAAAAAAAAFMQQAMAAAAAAAAA
TEEADQAAAAAAAAAwBQE0AAAAAAAAAMAUBNAAAAAAAAAAAFMQQAMAAAAAAAAATEEADQAAAAAAAAAw
BQE0AAAAAAAAAMAUBNAAAAAAAAAAAFMQQAMAAAAAAAAATEEADQAAAAAAAAAwBQE0AAAAAAAAAMAU
BNAAAAAAAAAAAFMQQAMAAAAAAAAATEEADeD/27mD07a2MIyiJ75pQAO7CbmAGKwyhEtMjMqQwSnA
asIaKIRM5bxZxg+uNxeJtSr4Rj/S5nIAAAAAICFAAwAAAACQEKABAAAAAEgI0AAAAAAAJARoAAAA
AAASAjQAAAAAAAkBGgAAAACAhAANAAAAAEBCgAYAAAAAICFAAwAAAACQEKABAAAAAEgI0AAAAAAA
JARoAAAAAAASAjQAAAAAAAkBGgAAAACAhAANAAAAAEBCgAYAAAAAICFAAwAAAACQEKABAAAAAEgI
0AAAAAAAJARoAAAAAAASAjQAAAAAAAkBGgAAAACAhAANAAAAAEBCgAYAAAAAICFAAwAAAACQEKAB
AAAAAEgI0AAAAAAAJARoAAAAAAASAjQAAAAAAAkBGgAAAACAhAANAAAAAEBCgAYAAAAAICFAAwAA
AACQEKABAAAAAEgI0AAAAAAAJARoAAAAAAASAjQAAAAAAAkBGgAAAACAhAANAAAAAEBCgAYAAAAA
ICFAAwAAAACQEKABAAAAAEgI0AAAAAAAJARoAAAAAAASAjQAAAAAAAkBGgAAAACAhAANAAAAAEBC
gAYAAAAAICFAAwAAAACQEKABAAAAAEgI0AAAAAAAJARoAAAAAAASAjQAAAAAAAkBGgAAAACAhAAN
AAAAAEBCgAYAAAAAICFAAwAAAACQEKABAAAAAEgI0AAAAAAAJARoAAAAAAASAjQAAAAAAAkBGgAA
AACAhAANAAAAAEBCgAYAAAAAICFAAwAAAACQEKABAAAAAEgI0AAAAAAAJARoAAAAAAASAjQAAAAA
AAkBGgAAAACAhAANAAAAAEBCgAYAAAAAICFAAwAAAACQEKABAAAAAEgI0AAAAAAAJARoAAAAAAAS
AjQAAAAAAAkBGgAAAACAhAANAAAAAEBCgAYAAAAAICFAAwAAAACQEKABAAAAAEgI0AAAAAAAJARo
AAAAAAASAjQAAAAAAAkBGgAAAACAhAANAAAAAEBCgAYAAAAAICFAAwAAAACQEKABAAAAAEgI0AAA
AAAAJARoAAAAAAASAjQAAAAAAAkBGgAAAACAhAANAAAAAEBCgAYAAAAAICFAAwAAAACQEKABAAAA
AEgI0AAAAAAAJARoAAAAAAASAjQAAAAAAAkBGgAAAACAhAANAAAAAEBCgAYAAAAAICFAAwAAAACQ
EKABAAAAAEgI0AAAAAAAJARoAAAAAAASAjQAAAAAAAkBGgAAAACAhAANAAAAAEBCgAYAAAAAICFA
AwAAAACQEKABAAAAAEgI0AAAAAAAJARoAAAAAAASAjQAAAAAAAkBGgAAAACAhAANAAAAAEBCgAYA
AAAAICFAAwAAAACQEKABAAAAAEgI0AAAAAAAJARoAAAAAAASAjQAAAAAAAkBGgAAAACAhAANAAAA
AEBCgAYAAAAAICFAAwAAAACQEKABAAAAAEgI0AAAAAAAJARoAAAAAAASAjQAAAAAAAkBGgAAAACA
hAANAAAAAEBCgAYAAAAAICFAAwAAAACQEKABAAAAAEgI0AAAAAAAJARoAAAAAAASAjQAAAAAAAkB
GgAAAACAhAANAAAAAEBCgAYAAAAAICFAAwAAAACQEKABAAAAAEgI0AAAAAAAJARoAAAAAAASAjQA
AAAAAAkBGgAAAACAhAANAAAAAEBCgAYAAAAAICFAAwAAAACQEKABAAAAAEgI0AAAAAAAJARoAAAA
AAASAjQAAAAAAAkBGgAAAACAhAANAAAAAEBCgAYAAAAAICFAAwAAAACQEKABAAAAAEgI0AAAAAAA
JARoAAAAAAASAjQAAAAAAAkBGgAAAACAhAANAAAAAEBCgAYAAAAAICFAAwAAAACQEKABAAAAAEgI
0AAAAAAAJARoAAAAAAASAjQAAAAAAAkBGgAAAACAhAANAAAAAEBCgAYAAAAAICFAAwAAAACQEKAB
AAAAAEgI0AAAAAAAJARoAAAAAAASAjQAAAAAAAkBGgAAAACAhAANAAAAAEBCgAYAAAAAICFAAwAA
AACQEKABAAAAAEgI0AAAAAAAJARoAAAAAAASAjQAAAAAAAkBGgAAAACAhAANAAAAAEBCgAYAAAAA
ICFAAwAAAACQEKABAAAAAEgI0AAAAAAAJARoAAAAAAASAjQAAAAAAAkBGgAAAACAhAANAAAAAEBC
gAYAAAAAICFAAwAAAACQEKABAAAAAEgI0AAAAAAAJARoAAAAAAASAjQAAAAAAAkBGgAAAACAhAAN
AAAAAEBCgAYAAAAAICFAAwAAAACQEKABAAAAAEgI0AAAAAAAJARoAAAAAAASAjQAAAAAAAkBGgAA
AACAhAANAAAAAEBCgAYAAAAAICFAAwAAAACQEKABAAAAAEgI0AAAAAAAJARoAAAAAAASAjQAAAAA
AAkBGgAAAACAhAANAAAAAEBCgAYAAAAAICFAAwAAAACQEKABAAAAAEgI0AAAAAAAJARoAAAAAAAS
AjQAAAAAAAkBGgAAAACAhAANAAAAAEBCgAYAAAAAICFAAwAAAACQEKABAAAAAEgI0AAAAAAAJARo
AAAAAAASAjQAAAAAAAkBGgAAAACAhAANAAAAAEBCgAYAAAAAICFAAwAAAACQEKABAAAAAEgI0AAA
AAAAJARoAAAAAAASAjQAAAAAAAkBGgAAAACAhAANAAAAAEBCgAYAAAAAICFAAwAAAACQEKABAAAA
AEgI0AAAAAAAJARoAAAAAAASAjQAAAAAAAkBGgAAAACAhAANAAAAAEBCgAYAAAAAICFAAwAAAACQ
EKABAAAAAEgI0AAAAAAAJARoAAAAAAASAjQAAAAAAAkBGgAAAACAhAANAAAAAEBCgAYAAAAAICFA
AwAAAACQEKABAAAAAEgI0AAAAAAAJARoAAAAAAASAjQAAAAAAAkBGgAAAACAhAANAAAAAEBCgAYA
AAAAICFAAwAAAACQEKABAAAAAEgI0AAAAAAAJARoAAAAAAASAjQAAAAAAAkBGgAAAACAhAANAAAA
AEBCgAYAAAAAICFAAwAAAACQEKABAAAAAEgI0AAAAAAAJARoAAAAAAASAjQAAAAAAAkBGgAAAACA
hAANAAAAAEBCgAYAAAAAs7rIFAAAAvdJREFUICFAAwAAAACQEKABAAAAAEgI0AAAAAAAJARoAAAA
AAASAjQAAAAAAAkBGgAAAACAhAANAAAAAEBCgAYAAAAAICFAAwAAAACQEKABAAAAAEgI0AAAAAAA
JARoAAAAAAASX5ceAABcj9PpNPYv+3E4vI3j8X2czx9LTwLgf5imm3F7ezfW6/uxedyM1Wq19CQA
4Ep8+f3rz9+lRwAAl+/15+vY7Z5FZ4ALN003Y7t9Gg/fHpaeAgBcAV9AAwCzvf58HT9+fF96BgCf
4Hz++HfTRWgAYC5vQAMAs5xOp7HbPS89A4BPtts9j9PptPQMAODCCdAAwCz7l71nNwCu0Pn8MfYv
+6VnAAAXToAGAGY5HN6WngBAxI0HAOYSoAGAWY7H96UnABBx4wGAuQRoAAAAAAASAjQAMMvt7d3S
EwCIuPEAwFwCNAAwy3p9v/QEACJuPAAwlwANAMyyedyMafKTAuDaTNPN2Dxulp4BAFw4/xYBgFlW
q9XYbp+WngHAJ9tun8ZqtVp6BgBw4b4uPQAAuHwP3x7GGGPsds/jfP5YeA0Ac0zTzdhun/7ddgCA
Ob78/vXn79IjAIDrcDqdxv5lPw6Ht3E8vovRABdimm7G7e3dWK/vx+Zx48tnAODTCNAAAAAAACS8
AQ0AAAAAQEKABgAAAAAgIUADAAAAAJAQoAEAAAAASAjQAAAAAAAkBGgAAAAAABICNAAAAAAACQEa
AAAAAICEAA0AAAAAQEKABgAAAAAgIUADAAAAAJAQoAEAAAAASAjQAAAAAAAkBGgAAAAAABICNAAA
AAAACQEaAAAAAICEAA0AAAAAQEKABgAAAAAgIUADAAAAAJAQoAEAAAAASAjQAAAAAAAkBGgAAAAA
ABICNAAAAAAACQEaAAAAAICEAA0AAAAAQEKABgAAAAAgIUADAAAAAJAQoAEAAAAASAjQAAAAAAAk
BGgAAAAAABICNAAAAAAACQEaAAAAAICEAA0AAAAAQEKABgAAAAAg8R9sxTT3na2gIgAAAABJRU5E
rkJggg==
" width="800px"&gt;</msg>
<status status="PASS" starttime="20231220 19:03:29.141" endtime="20231220 19:03:29.637"/>
</kw>
<msg timestamp="20231220 19:03:29.637" level="INFO">xpath criteria: //*[@resource-id='android:id/switch_widget']</msg>
<msg timestamp="20231220 19:03:29.638" level="FAIL">True != False</msg>
<status status="FAIL" starttime="20231220 19:03:29.026" endtime="20231220 19:03:29.694"/>
</kw>
<msg timestamp="20231220 19:03:29.694" level="INFO">${status} = False</msg>
<status status="PASS" starttime="20231220 19:03:29.026" endtime="20231220 19:03:29.694"/>
</kw>
<if>
<branch type="IF" condition="${status} == True">
<kw name="Log To Console" library="BuiltIn">
<arg>WIFI network enabled</arg>
<doc>Logs the given message to the console.</doc>
<status status="NOT RUN" starttime="20231220 19:03:29.695" endtime="20231220 19:03:29.695"/>
</kw>
<status status="NOT RUN" starttime="20231220 19:03:29.694" endtime="20231220 19:03:29.695"/>
</branch>
<branch type="ELSE">
<kw name="Click" library="General">
<arg>${wifi_button}</arg>
<kw name="Click Element" library="AppiumLibrary">
<arg>${element}</arg>
<doc>Click element identified by `locator`.</doc>
<msg timestamp="20231220 19:03:29.698" level="INFO">Clicking element '//*[@resource-id='android:id/switch_widget']'.</msg>
<msg timestamp="20231220 19:03:29.865" level="INFO">xpath criteria: //*[@resource-id='android:id/switch_widget']</msg>
<status status="PASS" starttime="20231220 19:03:29.696" endtime="20231220 19:03:29.865"/>
</kw>
<status status="PASS" starttime="20231220 19:03:29.695" endtime="20231220 19:03:29.866"/>
</kw>
<status status="PASS" starttime="20231220 19:03:29.695" endtime="20231220 19:03:29.866"/>
</branch>
<status status="PASS" starttime="20231220 19:03:29.694" endtime="20231220 19:03:29.866"/>
</if>
<status status="PASS" starttime="20231220 19:03:29.025" endtime="20231220 19:03:29.866"/>
</kw>
<status status="PASS" starttime="20231220 19:03:11.573" endtime="20231220 19:03:29.867"/>
</test>
<status status="PASS" starttime="20231220 19:03:11.165" endtime="20231220 19:03:29.868"/>
</suite>
<statistics>
<total>
<stat pass="1" fail="0" skip="0">All Tests</stat>
</total>
<tag>
</tag>
<suite>
<stat pass="1" fail="0" skip="0" id="s1" name="AppTests">AppTests</stat>
</suite>
</statistics>
<errors>
</errors>
</robot>
